[2021-09-01 04:25:08.339] [settingssync] [info] Using settings sync service https://vscode-sync.trafficmanager.net/
[2021-09-01 04:25:08.339] [settingssync] [info] Auto Sync is enabled.
[2021-09-01 04:25:08.339] [settingssync] [info] Auto Sync: Suspended until auth token is available.
[2021-09-01 04:25:12.743] [settingssync] [info] Auto Sync: Started
[2021-09-01 04:25:12.743] [settingssync] [info] Auto Sync: Triggered by Interval
[2021-09-01 04:25:13.629] [settingssync] [info] Settings: No changes found during synchronizing settings.
[2021-09-01 04:25:13.672] [settingssync] [info] Keybindings: No changes found during synchronizing keybindings.
[2021-09-01 04:25:13.689] [settingssync] [info] Snippets: No changes found during synchronizing snippets.
[2021-09-01 04:25:14.621] [settingssync] [info] GlobalState: Updated remote ui state
[2021-09-01 04:25:14.624] [settingssync] [info] GlobalState: Updated last synchronized ui state
[2021-09-01 04:25:14.737] [settingssync] [info] Extensions: No changes found during synchronizing extensions.
[2021-09-01 04:25:14.739] [settingssync] [info] Sync done. Took 1284ms
[2021-09-01 04:25:14.741] [settingssync] [info] Auto Sync: Triggered by Activity
[2021-09-01 04:25:14.847] [settingssync] [info] Settings: No changes found during synchronizing settings.
[2021-09-01 04:25:14.849] [settingssync] [info] Keybindings: No changes found during synchronizing keybindings.
[2021-09-01 04:25:14.850] [settingssync] [info] Snippets: No changes found during synchronizing snippets.
[2021-09-01 04:25:14.889] [settingssync] [info] GlobalState: No changes found during synchronizing ui state.
[2021-09-01 04:25:14.966] [settingssync] [info] Extensions: No changes found during synchronizing extensions.
[2021-09-01 04:25:14.967] [settingssync] [info] Sync done. Took 175ms
[2021-09-01 04:25:15.970] [settingssync] [info] Auto Sync: Triggered by Activity
[2021-09-01 04:25:16.103] [settingssync] [info] Settings: No changes found during synchronizing settings.
[2021-09-01 04:25:16.105] [settingssync] [info] Keybindings: No changes found during synchronizing keybindings.
[2021-09-01 04:25:16.106] [settingssync] [info] Snippets: No changes found during synchronizing snippets.
[2021-09-01 04:25:16.132] [settingssync] [info] GlobalState: No changes found during synchronizing ui state.
[2021-09-01 04:25:16.193] [settingssync] [info] Extensions: No changes found during synchronizing extensions.
[2021-09-01 04:25:16.194] [settingssync] [info] Sync done. Took 167ms
[2021-09-01 04:25:22.442] [settingssync] [info] Auto Sync: Triggered by Activity
[2021-09-01 04:25:22.527] [settingssync] [info] Settings: No changes found during synchronizing settings.
[2021-09-01 04:25:22.529] [settingssync] [info] Keybindings: No changes found during synchronizing keybindings.
[2021-09-01 04:25:22.531] [settingssync] [info] Snippets: No changes found during synchronizing snippets.
[2021-09-01 04:25:23.567] [settingssync] [info] GlobalState: Updated remote ui state
[2021-09-01 04:25:23.571] [settingssync] [info] GlobalState: Updated last synchronized ui state
[2021-09-01 04:25:23.668] [settingssync] [info] Extensions: No changes found during synchronizing extensions.
[2021-09-01 04:25:23.668] [settingssync] [info] Sync done. Took 1182ms
[2021-09-01 04:25:33.162] [settingssync] [info] Auto Sync: Triggered by Activity
[2021-09-01 04:25:34.931] [settingssync] [info] Settings: Updated remote settings
[2021-09-01 04:25:34.949] [settingssync] [info] Settings: Updated last synchronized settings
[2021-09-01 04:25:34.958] [settingssync] [info] Keybindings: No changes found during synchronizing keybindings.
[2021-09-01 04:25:34.963] [settingssync] [info] Snippets: No changes found during synchronizing snippets.
[2021-09-01 04:25:35.015] [settingssync] [info] GlobalState: No changes found during synchronizing ui state.
[2021-09-01 04:25:35.077] [settingssync] [info] Extensions: No changes found during synchronizing extensions.
[2021-09-01 04:25:35.078] [settingssync] [info] Sync done. Took 1864ms
[2021-09-01 04:25:35.829] [settingssync] [info] Auto Sync: Triggered by Activity
[2021-09-01 04:25:37.492] [settingssync] [info] Settings: Updated remote settings
[2021-09-01 04:25:37.509] [settingssync] [info] Settings: Updated last synchronized settings
[2021-09-01 04:25:37.516] [settingssync] [info] Keybindings: No changes found during synchronizing keybindings.
[2021-09-01 04:25:37.520] [settingssync] [info] Snippets: No changes found during synchronizing snippets.
[2021-09-01 04:25:37.568] [settingssync] [info] GlobalState: No changes found during synchronizing ui state.
[2021-09-01 04:25:37.627] [settingssync] [info] Extensions: No changes found during synchronizing extensions.
[2021-09-01 04:25:37.627] [settingssync] [info] Sync done. Took 1744ms
[2021-09-01 04:26:02.987] [settingssync] [info] Auto Sync: Triggered by Activity
[2021-09-01 04:26:03.152] [settingssync] [info] Settings: No changes found during synchronizing settings.
[2021-09-01 04:26:03.154] [settingssync] [info] Keybindings: No changes found during synchronizing keybindings.
[2021-09-01 04:26:03.155] [settingssync] [info] Snippets: No changes found during synchronizing snippets.
[2021-09-01 04:26:03.181] [settingssync] [info] GlobalState: No changes found during synchronizing ui state.
[2021-09-01 04:26:03.268] [settingssync] [info] Extensions: No changes found during synchronizing extensions.
[2021-09-01 04:26:03.269] [settingssync] [info] Sync done. Took 227ms
[2021-09-01 04:26:15.676] [settingssync] [info] Auto Sync: Triggered by Activity
[2021-09-01 04:26:17.337] [settingssync] [info] Settings: Updated remote settings
[2021-09-01 04:26:17.355] [settingssync] [info] Settings: Updated last synchronized settings
[2021-09-01 04:26:17.364] [settingssync] [info] Keybindings: No changes found during synchronizing keybindings.
[2021-09-01 04:26:17.369] [settingssync] [info] Snippets: No changes found during synchronizing snippets.
[2021-09-01 04:26:17.428] [settingssync] [info] GlobalState: No changes found during synchronizing ui state.
[2021-09-01 04:26:17.505] [settingssync] [info] Extensions: No changes found during synchronizing extensions.
[2021-09-01 04:26:17.505] [settingssync] [info] Sync done. Took 1775ms
[2021-09-01 04:26:38.162] [settingssync] [info] Auto Sync: Triggered by Activity
[2021-09-01 04:26:40.059] [settingssync] [info] Settings: Updated remote settings
[2021-09-01 04:26:40.076] [settingssync] [info] Settings: Updated last synchronized settings
[2021-09-01 04:26:40.084] [settingssync] [info] Keybindings: No changes found during synchronizing keybindings.
[2021-09-01 04:26:40.089] [settingssync] [info] Snippets: No changes found during synchronizing snippets.
[2021-09-01 04:26:40.153] [settingssync] [info] GlobalState: No changes found during synchronizing ui state.
[2021-09-01 04:26:40.232] [settingssync] [info] Extensions: No changes found during synchronizing extensions.
[2021-09-01 04:26:40.233] [settingssync] [info] Sync done. Took 2025ms
