[2021-09-20 15:58:19.250] [settingssync] [info] Using settings sync service https://vscode-sync.trafficmanager.net/
[2021-09-20 15:58:19.250] [settingssync] [info] Auto Sync is enabled.
[2021-09-20 15:58:19.250] [settingssync] [info] Auto Sync: Suspended until auth token is available.
[2021-09-20 15:58:23.814] [settingssync] [info] Auto Sync: Started
[2021-09-20 15:58:23.814] [settingssync] [info] Auto Sync: Triggered by Interval
[2021-09-20 15:58:24.372] [settingssync] [info] Settings: No changes found during synchronizing settings.
[2021-09-20 15:58:24.409] [settingssync] [info] Keybindings: No changes found during synchronizing keybindings.
[2021-09-20 15:58:24.426] [settingssync] [info] Snippets: No changes found during synchronizing snippets.
[2021-09-20 15:58:24.713] [settingssync] [info] GlobalState: Updated remote ui state
[2021-09-20 15:58:24.717] [settingssync] [info] GlobalState: Updated last synchronized ui state
[2021-09-20 15:58:24.946] [settingssync] [info] Extensions: Updated remote extensions. Updated: ["ms-azuretools.vscode-docker"].
[2021-09-20 15:58:24.949] [settingssync] [info] Extensions: Updated last synchronized extensions.
[2021-09-20 15:58:24.950] [settingssync] [info] Sync done. Took 660ms
[2021-09-20 15:58:26.067] [settingssync] [info] Auto Sync: Triggered by Activity
[2021-09-20 15:58:26.173] [settingssync] [info] Settings: No changes found during synchronizing settings.
[2021-09-20 15:58:26.175] [settingssync] [info] Keybindings: No changes found during synchronizing keybindings.
[2021-09-20 15:58:26.176] [settingssync] [info] Snippets: No changes found during synchronizing snippets.
[2021-09-20 15:58:26.200] [settingssync] [info] GlobalState: No changes found during synchronizing ui state.
[2021-09-20 15:58:26.261] [settingssync] [info] Extensions: No changes found during synchronizing extensions.
[2021-09-20 15:58:26.261] [settingssync] [info] Sync done. Took 123ms
[2021-09-20 15:58:29.214] [settingssync] [info] Auto Sync: Triggered by Activity
[2021-09-20 15:58:29.363] [settingssync] [info] Settings: No changes found during synchronizing settings.
[2021-09-20 15:58:29.367] [settingssync] [info] Keybindings: No changes found during synchronizing keybindings.
[2021-09-20 15:58:29.368] [settingssync] [info] Snippets: No changes found during synchronizing snippets.
[2021-09-20 15:58:29.609] [settingssync] [info] GlobalState: Updated remote ui state
[2021-09-20 15:58:29.625] [settingssync] [info] GlobalState: Updated last synchronized ui state
[2021-09-20 15:58:29.699] [settingssync] [info] Extensions: No changes found during synchronizing extensions.
[2021-09-20 15:58:29.699] [settingssync] [info] Sync done. Took 388ms
[2021-09-20 15:58:43.701] [settingssync] [info] Auto Sync: Triggered by Activity
[2021-09-20 15:58:43.851] [settingssync] [info] Settings: No changes found during synchronizing settings.
[2021-09-20 15:58:43.853] [settingssync] [info] Keybindings: No changes found during synchronizing keybindings.
[2021-09-20 15:58:43.854] [settingssync] [info] Snippets: No changes found during synchronizing snippets.
[2021-09-20 15:58:43.875] [settingssync] [info] GlobalState: No changes found during synchronizing ui state.
[2021-09-20 15:58:43.954] [settingssync] [info] Extensions: No changes found during synchronizing extensions.
[2021-09-20 15:58:43.955] [settingssync] [info] Sync done. Took 200ms
[2021-09-20 16:03:43.798] [settingssync] [info] Auto Sync: Triggered by Interval
[2021-09-20 16:03:44.026] [settingssync] [info] Settings: No changes found during synchronizing settings.
[2021-09-20 16:03:44.028] [settingssync] [info] Keybindings: No changes found during synchronizing keybindings.
[2021-09-20 16:03:44.030] [settingssync] [info] Snippets: No changes found during synchronizing snippets.
[2021-09-20 16:03:44.051] [settingssync] [info] GlobalState: No changes found during synchronizing ui state.
[2021-09-20 16:03:44.123] [settingssync] [info] Extensions: No changes found during synchronizing extensions.
[2021-09-20 16:03:44.124] [settingssync] [info] Sync done. Took 178ms
