[2021-09-20 11:09:50.692] [exthost] [info] extension host started
[2021-09-20 11:09:50.692] [exthost] [info] Skipping acquiring lock for /home/jeffrey/.config/Code/User/workspaceStorage/baf3b7f3901bc7566305637f04c18e5b.
[2021-09-20 11:09:50.877] [exthost] [info] ExtensionService#_doActivateExtension vscode.microsoft-authentication {"startup":false,"extensionId":{"value":"vscode.microsoft-authentication","_lower":"vscode.microsoft-authentication"},"activationEvent":"onAuthenticationRequest:microsoft"}
[2021-09-20 11:09:50.877] [exthost] [info] ExtensionService#loadCommonJSModule file:///opt/visual-studio-code/resources/app/extensions/microsoft-authentication/dist/extension.js
[2021-09-20 11:09:50.940] [exthost] [info] ExtensionService#_doActivateExtension aaron-bond.better-comments {"startup":false,"extensionId":{"value":"aaron-bond.better-comments","_lower":"aaron-bond.better-comments"},"activationEvent":"onLanguage:plaintext"}
[2021-09-20 11:09:50.941] [exthost] [info] ExtensionService#loadCommonJSModule file:///home/jeffrey/.vscode/extensions/aaron-bond.better-comments-2.1.0/out/extension
[2021-09-20 11:09:50.945] [exthost] [info] ExtensionService#_doActivateExtension vscode.extension-editing {"startup":false,"extensionId":{"value":"vscode.extension-editing","_lower":"vscode.extension-editing"},"activationEvent":"onLanguage:typescript"}
[2021-09-20 11:09:50.946] [exthost] [info] ExtensionService#loadCommonJSModule file:///opt/visual-studio-code/resources/app/extensions/extension-editing/dist/extensionEditingMain
[2021-09-20 11:09:50.968] [exthost] [info] ExtensionService#_doActivateExtension vscode.typescript-language-features {"startup":false,"extensionId":{"value":"vscode.typescript-language-features","_lower":"vscode.typescript-language-features"},"activationEvent":"onLanguage:typescript"}
[2021-09-20 11:09:50.968] [exthost] [info] ExtensionService#loadCommonJSModule file:///opt/visual-studio-code/resources/app/extensions/typescript-language-features/dist/extension
[2021-09-20 11:09:51.042] [exthost] [info] ExtensionService#_doActivateExtension christian-kohler.npm-intellisense {"startup":false,"extensionId":{"value":"christian-kohler.npm-intellisense","_lower":"christian-kohler.npm-intellisense"},"activationEvent":"onLanguage:typescript"}
[2021-09-20 11:09:51.042] [exthost] [info] ExtensionService#loadCommonJSModule file:///home/jeffrey/.vscode/extensions/christian-kohler.npm-intellisense-1.4.0/out/src/extension
[2021-09-20 11:09:51.074] [exthost] [info] ExtensionService#_doActivateExtension meganrogge.template-string-converter {"startup":false,"extensionId":{"value":"meganrogge.template-string-converter","_lower":"meganrogge.template-string-converter"},"activationEvent":"onLanguage:typescript"}
[2021-09-20 11:09:51.075] [exthost] [info] ExtensionService#loadCommonJSModule file:///home/jeffrey/.vscode/extensions/meganrogge.template-string-converter-0.5.3/out/extension.js
[2021-09-20 11:09:51.077] [exthost] [info] ExtensionService#_doActivateExtension vscode.debug-auto-launch {"startup":true,"extensionId":{"value":"vscode.debug-auto-launch","_lower":"vscode.debug-auto-launch"},"activationEvent":"*"}
[2021-09-20 11:09:51.077] [exthost] [info] ExtensionService#loadCommonJSModule file:///opt/visual-studio-code/resources/app/extensions/debug-auto-launch/dist/extension
[2021-09-20 11:09:51.082] [exthost] [info] ExtensionService#_doActivateExtension vscode.git {"startup":true,"extensionId":{"value":"vscode.github","_lower":"vscode.github"},"activationEvent":"*"}
[2021-09-20 11:09:51.083] [exthost] [info] ExtensionService#loadCommonJSModule file:///opt/visual-studio-code/resources/app/extensions/git/dist/main
[2021-09-20 11:09:51.168] [exthost] [info] ExtensionService#_doActivateExtension asvetliakov.vscode-neovim {"startup":true,"extensionId":{"value":"asvetliakov.vscode-neovim","_lower":"asvetliakov.vscode-neovim"},"activationEvent":"*"}
[2021-09-20 11:09:51.168] [exthost] [info] ExtensionService#loadCommonJSModule file:///home/jeffrey/.vscode/extensions/asvetliakov.vscode-neovim-0.0.82/dist/extension.js
[2021-09-20 11:09:51.234] [exthost] [info] ExtensionService#_doActivateExtension christian-kohler.path-intellisense {"startup":true,"extensionId":{"value":"christian-kohler.path-intellisense","_lower":"christian-kohler.path-intellisense"},"activationEvent":"*"}
[2021-09-20 11:09:51.234] [exthost] [info] ExtensionService#loadCommonJSModule file:///home/jeffrey/.vscode/extensions/christian-kohler.path-intellisense-2.4.0/out/extension.js
[2021-09-20 11:09:51.253] [exthost] [info] ExtensionService#_doActivateExtension ecmel.vscode-html-css {"startup":true,"extensionId":{"value":"ecmel.vscode-html-css","_lower":"ecmel.vscode-html-css"},"activationEvent":"*"}
[2021-09-20 11:09:51.253] [exthost] [info] ExtensionService#loadCommonJSModule file:///home/jeffrey/.vscode/extensions/ecmel.vscode-html-css-1.10.2/dist/extension.js
[2021-09-20 11:09:51.291] [exthost] [info] ExtensionService#_doActivateExtension formulahendry.auto-rename-tag {"startup":true,"extensionId":{"value":"formulahendry.auto-rename-tag","_lower":"formulahendry.auto-rename-tag"},"activationEvent":"*"}
[2021-09-20 11:09:51.292] [exthost] [info] ExtensionService#loadCommonJSModule file:///home/jeffrey/.vscode/extensions/formulahendry.auto-rename-tag-0.1.8/packages/extension/dist/extensionMain.js
[2021-09-20 11:09:51.335] [exthost] [info] ExtensionService#_doActivateExtension kamikillerto.vscode-colorize {"startup":true,"extensionId":{"value":"kamikillerto.vscode-colorize","_lower":"kamikillerto.vscode-colorize"},"activationEvent":"*"}
[2021-09-20 11:09:51.335] [exthost] [info] ExtensionService#loadCommonJSModule file:///home/jeffrey/.vscode/extensions/kamikillerto.vscode-colorize-0.11.1/out/src/extension
[2021-09-20 11:09:51.401] [exthost] [info] ExtensionService#_doActivateExtension mhutchie.git-graph {"startup":true,"extensionId":{"value":"mhutchie.git-graph","_lower":"mhutchie.git-graph"},"activationEvent":"*"}
[2021-09-20 11:09:51.401] [exthost] [info] ExtensionService#loadCommonJSModule file:///home/jeffrey/.vscode/extensions/mhutchie.git-graph-1.30.0/out/extension.js
[2021-09-20 11:09:51.449] [exthost] [info] ExtensionService#_doActivateExtension ms-vsliveshare.vsliveshare {"startup":true,"extensionId":{"value":"ms-vsliveshare.vsliveshare","_lower":"ms-vsliveshare.vsliveshare"},"activationEvent":"*"}
[2021-09-20 11:09:51.449] [exthost] [info] ExtensionService#loadCommonJSModule file:///home/jeffrey/.vscode/extensions/ms-vsliveshare.vsliveshare-1.0.4836/out/prod/extension-prod
[2021-09-20 11:09:52.654] [exthost] [info] ExtensionService#_doActivateExtension naumovs.color-highlight {"startup":true,"extensionId":{"value":"naumovs.color-highlight","_lower":"naumovs.color-highlight"},"activationEvent":"*"}
[2021-09-20 11:09:52.654] [exthost] [info] ExtensionService#loadCommonJSModule file:///home/jeffrey/.vscode/extensions/naumovs.color-highlight-2.5.0/dist/extension-node.js
[2021-09-20 11:09:52.668] [exthost] [info] ExtensionService#_doActivateExtension oderwat.indent-rainbow {"startup":true,"extensionId":{"value":"oderwat.indent-rainbow","_lower":"oderwat.indent-rainbow"},"activationEvent":"*"}
[2021-09-20 11:09:52.668] [exthost] [info] ExtensionService#loadCommonJSModule file:///home/jeffrey/.vscode/extensions/oderwat.indent-rainbow-8.0.0/out/extension
[2021-09-20 11:09:52.670] [exthost] [info] ExtensionService#_doActivateExtension PKief.material-icon-theme {"startup":true,"extensionId":{"value":"PKief.material-icon-theme","_lower":"pkief.material-icon-theme"},"activationEvent":"*"}
[2021-09-20 11:09:52.670] [exthost] [info] ExtensionService#loadCommonJSModule file:///home/jeffrey/.vscode/extensions/pkief.material-icon-theme-4.10.0/dist/extension
[2021-09-20 11:09:52.686] [exthost] [info] ExtensionService#_doActivateExtension ritwickdey.LiveServer {"startup":true,"extensionId":{"value":"ritwickdey.LiveServer","_lower":"ritwickdey.liveserver"},"activationEvent":"*"}
[2021-09-20 11:09:52.686] [exthost] [info] ExtensionService#loadCommonJSModule file:///home/jeffrey/.vscode/extensions/ritwickdey.liveserver-5.6.1/out/src/extension
[2021-09-20 11:09:53.101] [exthost] [info] ExtensionService#_doActivateExtension streetsidesoftware.code-spell-checker {"startup":true,"extensionId":{"value":"streetsidesoftware.code-spell-checker","_lower":"streetsidesoftware.code-spell-checker"},"activationEvent":"*"}
[2021-09-20 11:09:53.101] [exthost] [info] ExtensionService#loadCommonJSModule file:///home/jeffrey/.vscode/extensions/streetsidesoftware.code-spell-checker-2.0.5/packages/client/dist/extension.js
[2021-09-20 11:09:53.119] [exthost] [info] ExtensionService#_doActivateExtension zhuangtongfa.material-theme {"startup":true,"extensionId":{"value":"zhuangtongfa.material-theme","_lower":"zhuangtongfa.material-theme"},"activationEvent":"*"}
[2021-09-20 11:09:53.119] [exthost] [info] ExtensionService#loadCommonJSModule file:///home/jeffrey/.vscode/extensions/zhuangtongfa.material-theme-3.11.4/out/extension.js
[2021-09-20 11:09:53.130] [exthost] [info] ExtensionService#_doActivateExtension Zignd.html-css-class-completion {"startup":true,"extensionId":{"value":"Zignd.html-css-class-completion","_lower":"zignd.html-css-class-completion"},"activationEvent":"*"}
[2021-09-20 11:09:53.130] [exthost] [info] ExtensionService#loadCommonJSModule file:///home/jeffrey/.vscode/extensions/zignd.html-css-class-completion-1.20.0/dist/extension.js
[2021-09-20 11:09:53.172] [exthost] [info] ExtensionService#_doActivateExtension vscode.npm {"startup":true,"extensionId":{"value":"vscode.npm","_lower":"vscode.npm"},"activationEvent":"workspaceContains:package.json"}
[2021-09-20 11:09:53.172] [exthost] [info] ExtensionService#loadCommonJSModule file:///opt/visual-studio-code/resources/app/extensions/npm/dist/npmMain
[2021-09-20 11:09:54.808] [exthost] [info] ExtensionService#_doActivateExtension ms-vscode.js-debug {"startup":false,"extensionId":{"value":"ms-vscode.js-debug","_lower":"ms-vscode.js-debug"},"activationEvent":"onCommand:extension.js-debug.clearAutoAttachVariables"}
[2021-09-20 11:09:54.808] [exthost] [info] ExtensionService#loadCommonJSModule file:///opt/visual-studio-code/resources/app/extensions/ms-vscode.js-debug/src/extension.js
[2021-09-20 11:09:54.897] [exthost] [info] ExtensionService#_doActivateExtension vscode.github {"startup":false,"extensionId":{"value":"vscode.github","_lower":"vscode.github"},"activationEvent":"*"}
[2021-09-20 11:09:54.897] [exthost] [info] ExtensionService#loadCommonJSModule file:///opt/visual-studio-code/resources/app/extensions/github/dist/extension.js
[2021-09-20 11:09:55.199] [exthost] [info] ExtensionService#_doActivateExtension vscode.github-authentication {"startup":false,"extensionId":{"value":"vscode.github-authentication","_lower":"vscode.github-authentication"},"activationEvent":"onAuthenticationRequest:github"}
[2021-09-20 11:09:55.199] [exthost] [info] ExtensionService#loadCommonJSModule file:///opt/visual-studio-code/resources/app/extensions/github-authentication/dist/extension.js
[2021-09-20 11:09:55.825] [exthost] [info] ExtensionService#_doActivateExtension vscode.configuration-editing {"startup":false,"extensionId":{"value":"vscode.configuration-editing","_lower":"vscode.configuration-editing"},"activationEvent":"onLanguage:jsonc"}
[2021-09-20 11:09:55.825] [exthost] [info] ExtensionService#loadCommonJSModule file:///opt/visual-studio-code/resources/app/extensions/configuration-editing/dist/configurationEditingMain
[2021-09-20 11:09:55.828] [exthost] [info] ExtensionService#_doActivateExtension vscode.json-language-features {"startup":false,"extensionId":{"value":"vscode.json-language-features","_lower":"vscode.json-language-features"},"activationEvent":"onLanguage:jsonc"}
[2021-09-20 11:09:55.828] [exthost] [info] ExtensionService#loadCommonJSModule file:///opt/visual-studio-code/resources/app/extensions/json-language-features/client/dist/node/jsonClientMain
[2021-09-20 11:09:57.018] [exthost] [info] eager extensions activated
[2021-09-20 11:09:57.053] [exthost] [info] ExtensionService#_doActivateExtension vscode.emmet {"startup":false,"extensionId":{"value":"vscode.emmet","_lower":"vscode.emmet"},"activationEvent":"onStartupFinished"}
[2021-09-20 11:09:57.053] [exthost] [info] ExtensionService#loadCommonJSModule file:///opt/visual-studio-code/resources/app/extensions/emmet/dist/node/emmetNodeMain
[2021-09-20 11:09:57.059] [exthost] [info] ExtensionService#_doActivateExtension vscode.merge-conflict {"startup":false,"extensionId":{"value":"vscode.merge-conflict","_lower":"vscode.merge-conflict"},"activationEvent":"onStartupFinished"}
[2021-09-20 11:09:57.059] [exthost] [info] ExtensionService#loadCommonJSModule file:///opt/visual-studio-code/resources/app/extensions/merge-conflict/dist/mergeConflictMain
[2021-09-20 11:09:57.061] [exthost] [info] ExtensionService#_doActivateExtension CoenraadS.bracket-pair-colorizer-2 {"startup":false,"extensionId":{"value":"CoenraadS.bracket-pair-colorizer-2","_lower":"coenraads.bracket-pair-colorizer-2"},"activationEvent":"onStartupFinished"}
[2021-09-20 11:09:57.061] [exthost] [info] ExtensionService#loadCommonJSModule file:///home/jeffrey/.vscode/extensions/coenraads.bracket-pair-colorizer-2-0.2.1/out/src/extension
[2021-09-20 11:09:57.077] [exthost] [info] ExtensionService#_doActivateExtension dbaeumer.vscode-eslint {"startup":false,"extensionId":{"value":"dbaeumer.vscode-eslint","_lower":"dbaeumer.vscode-eslint"},"activationEvent":"onStartupFinished"}
[2021-09-20 11:09:57.077] [exthost] [info] ExtensionService#loadCommonJSModule file:///home/jeffrey/.vscode/extensions/dbaeumer.vscode-eslint-2.1.25/client/out/extension
[2021-09-20 11:09:57.083] [exthost] [info] ExtensionService#_doActivateExtension eamodio.gitlens {"startup":false,"extensionId":{"value":"eamodio.gitlens","_lower":"eamodio.gitlens"},"activationEvent":"onStartupFinished"}
[2021-09-20 11:09:57.083] [exthost] [info] ExtensionService#loadCommonJSModule file:///home/jeffrey/.vscode/extensions/eamodio.gitlens-11.6.0/dist/gitlens
[2021-09-20 11:09:57.107] [exthost] [info] ExtensionService#_doActivateExtension esbenp.prettier-vscode {"startup":false,"extensionId":{"value":"esbenp.prettier-vscode","_lower":"esbenp.prettier-vscode"},"activationEvent":"onStartupFinished"}
[2021-09-20 11:09:57.107] [exthost] [info] ExtensionService#loadCommonJSModule file:///home/jeffrey/.vscode/extensions/esbenp.prettier-vscode-8.1.0/dist/extension
[2021-09-20 11:09:57.157] [exthost] [info] ExtensionService#_doActivateExtension formulahendry.code-runner {"startup":false,"extensionId":{"value":"formulahendry.code-runner","_lower":"formulahendry.code-runner"},"activationEvent":"onStartupFinished"}
[2021-09-20 11:09:57.157] [exthost] [info] ExtensionService#loadCommonJSModule file:///home/jeffrey/.vscode/extensions/formulahendry.code-runner-0.11.5/out/src/extension
[2021-09-20 11:09:57.179] [exthost] [info] ExtensionService#_doActivateExtension ms-vscode-remote.remote-containers {"startup":false,"extensionId":{"value":"ms-vscode-remote.remote-containers","_lower":"ms-vscode-remote.remote-containers"},"activationEvent":"onStartupFinished"}
[2021-09-20 11:09:57.179] [exthost] [info] ExtensionService#loadCommonJSModule file:///home/jeffrey/.vscode/extensions/ms-vscode-remote.remote-containers-0.194.0/dist/extension/extension
[2021-09-20 11:09:57.200] [exthost] [info] ExtensionService#_doActivateExtension ms-vscode-remote.remote-wsl {"startup":false,"extensionId":{"value":"ms-vscode-remote.remote-wsl","_lower":"ms-vscode-remote.remote-wsl"},"activationEvent":"onStartupFinished"}
[2021-09-20 11:09:57.200] [exthost] [info] ExtensionService#loadCommonJSModule file:///home/jeffrey/.vscode/extensions/ms-vscode-remote.remote-wsl-0.58.2/dist/extension
[2021-09-20 11:09:57.205] [exthost] [info] ExtensionService#_doActivateExtension rangav.vscode-thunder-client {"startup":false,"extensionId":{"value":"rangav.vscode-thunder-client","_lower":"rangav.vscode-thunder-client"},"activationEvent":"onStartupFinished"}
[2021-09-20 11:09:57.205] [exthost] [info] ExtensionService#loadCommonJSModule file:///home/jeffrey/.vscode/extensions/rangav.vscode-thunder-client-1.9.1/dist/extension
[2021-09-20 11:10:04.363] [exthost] [warning] TextEditor is closed/disposed
[2021-09-20 11:11:09.650] [exthost] [warning] TextEditor is closed/disposed
[2021-09-20 11:12:22.073] [exthost] [warning] TextEditor is closed/disposed
[2021-09-20 11:14:17.970] [exthost] [warning] TextEditor is closed/disposed
[2021-09-20 11:14:18.139] [exthost] [warning] TextEditor is closed/disposed
[2021-09-20 11:14:18.147] [exthost] [warning] TextEditor is closed/disposed
[2021-09-20 11:14:18.147] [exthost] [warning] TextEditor is closed/disposed
[2021-09-20 11:14:22.325] [exthost] [warning] TextEditor is closed/disposed
[2021-09-20 11:15:16.832] [exthost] [warning] TextEditor is closed/disposed
[2021-09-20 11:16:40.059] [exthost] [warning] TextEditor is closed/disposed
[2021-09-20 11:16:54.739] [exthost] [warning] TextEditor is closed/disposed
[2021-09-20 11:17:20.128] [exthost] [warning] TextEditor is closed/disposed
[2021-09-20 11:17:34.027] [exthost] [warning] TextEditor is closed/disposed
[2021-09-20 11:17:35.655] [exthost] [warning] TextEditor is closed/disposed
[2021-09-20 11:17:42.144] [exthost] [warning] TextEditor is closed/disposed
[2021-09-20 11:17:48.494] [exthost] [warning] TextEditor is closed/disposed
[2021-09-20 11:17:55.453] [exthost] [warning] TextEditor is closed/disposed
[2021-09-20 11:17:57.757] [exthost] [warning] TextEditor is closed/disposed
[2021-09-20 11:36:24.719] [exthost] [warning] TextEditor is closed/disposed
[2021-09-20 11:36:38.907] [exthost] [info] ExtensionService#_doActivateExtension ms-vscode.references-view {"startup":false,"extensionId":{"value":"ms-vscode.references-view","_lower":"ms-vscode.references-view"},"activationEvent":"onCommand:references-view.findReferences"}
[2021-09-20 11:36:38.907] [exthost] [info] ExtensionService#loadCommonJSModule file:///opt/visual-studio-code/resources/app/extensions/ms-vscode.references-view/dist/extension
[2021-09-20 11:36:42.719] [exthost] [warning] TextEditor is closed/disposed
[2021-09-20 11:37:44.137] [exthost] [warning] TextEditor is closed/disposed
[2021-09-20 11:38:08.439] [exthost] [warning] TextEditor is closed/disposed
[2021-09-20 11:42:32.390] [exthost] [warning] TextEditor is closed/disposed
[2021-09-20 11:42:49.473] [exthost] [warning] TextEditor is closed/disposed
[2021-09-20 11:42:49.994] [exthost] [warning] TextEditor is closed/disposed
[2021-09-20 11:42:53.611] [exthost] [warning] TextEditor is closed/disposed
[2021-09-20 11:43:17.604] [exthost] [warning] TextEditor is closed/disposed
[2021-09-20 11:43:52.135] [exthost] [warning] TextEditor is closed/disposed
[2021-09-20 11:47:35.372] [exthost] [warning] TextEditor is closed/disposed
[2021-09-20 11:58:30.072] [exthost] [warning] TextEditor is closed/disposed
[2021-09-20 11:58:48.023] [exthost] [warning] TextEditor is closed/disposed
[2021-09-20 12:06:33.101] [exthost] [warning] TextEditor is closed/disposed
[2021-09-20 12:09:53.790] [exthost] [warning] TextEditor is closed/disposed
[2021-09-20 12:10:09.529] [exthost] [warning] TextEditor is closed/disposed
[2021-09-20 12:11:47.146] [exthost] [warning] TextEditor is closed/disposed
[2021-09-20 12:38:42.841] [exthost] [warning] TextEditor is closed/disposed
[2021-09-20 12:38:52.211] [exthost] [info] ExtensionService#_doActivateExtension VSpaceCode.whichkey {"startup":false,"extensionId":{"value":"VSpaceCode.whichkey","_lower":"vspacecode.whichkey"},"activationEvent":"onCommand:whichkey.show"}
[2021-09-20 12:38:52.211] [exthost] [info] ExtensionService#loadCommonJSModule file:///home/jeffrey/.vscode/extensions/vspacecode.whichkey-0.9.2/dist/extension.js
[2021-09-20 12:39:27.701] [exthost] [warning] TextEditor is closed/disposed
[2021-09-20 12:39:31.817] [exthost] [warning] TextEditor is closed/disposed
[2021-09-20 12:39:36.942] [exthost] [warning] TextEditor is closed/disposed
[2021-09-20 12:39:48.538] [exthost] [warning] TextEditor is closed/disposed
[2021-09-20 12:41:07.998] [exthost] [warning] TextEditor is closed/disposed
[2021-09-20 12:41:08.212] [exthost] [warning] TextEditor is closed/disposed
[2021-09-20 12:41:08.226] [exthost] [warning] TextEditor is closed/disposed
[2021-09-20 12:41:08.226] [exthost] [warning] TextEditor is closed/disposed
[2021-09-20 12:52:03.966] [exthost] [warning] TextEditor is closed/disposed
[2021-09-20 12:52:10.435] [exthost] [warning] TextEditor is closed/disposed
[2021-09-20 12:54:14.814] [exthost] [warning] TextEditor is closed/disposed
[2021-09-20 12:55:16.791] [exthost] [info] ExtensionService#_doActivateExtension jpoissonnier.vscode-styled-components {"startup":false,"extensionId":{"value":"jpoissonnier.vscode-styled-components","_lower":"jpoissonnier.vscode-styled-components"},"activationEvent":"onCommand:extension.insertColonOrSemiColon"}
[2021-09-20 12:55:16.791] [exthost] [info] ExtensionService#loadCommonJSModule file:///home/jeffrey/.vscode/extensions/jpoissonnier.vscode-styled-components-1.6.6/dist/extension.js
[2021-09-20 13:00:43.083] [exthost] [warning] TextEditor is closed/disposed
[2021-09-20 13:00:43.176] [exthost] [warning] TextEditor is closed/disposed
[2021-09-20 13:00:43.177] [exthost] [warning] TextEditor is closed/disposed
[2021-09-20 13:00:43.178] [exthost] [warning] TextEditor is closed/disposed
[2021-09-20 13:00:43.231] [exthost] [warning] TextEditor is closed/disposed
[2021-09-20 13:01:42.734] [exthost] [warning] TextEditor is closed/disposed
[2021-09-20 13:01:42.975] [exthost] [warning] TextEditor is closed/disposed
[2021-09-20 13:01:42.975] [exthost] [warning] TextEditor is closed/disposed
[2021-09-20 13:01:42.975] [exthost] [warning] TextEditor is closed/disposed
[2021-09-20 13:02:14.687] [exthost] [warning] TextEditor is closed/disposed
[2021-09-20 13:02:43.922] [exthost] [warning] TextEditor is closed/disposed
[2021-09-20 13:02:51.149] [exthost] [warning] TextEditor is closed/disposed
[2021-09-20 13:03:15.771] [exthost] [warning] TextEditor is closed/disposed
[2021-09-20 13:03:17.773] [exthost] [warning] TextEditor is closed/disposed
[2021-09-20 13:03:31.112] [exthost] [warning] TextEditor is closed/disposed
[2021-09-20 13:03:38.692] [exthost] [warning] TextEditor is closed/disposed
[2021-09-20 13:03:41.177] [exthost] [warning] TextEditor is closed/disposed
[2021-09-20 13:03:42.476] [exthost] [warning] TextEditor is closed/disposed
[2021-09-20 13:06:44.542] [exthost] [warning] TextEditor is closed/disposed
[2021-09-20 13:06:44.544] [exthost] [warning] TextEditor is closed/disposed
[2021-09-20 13:06:44.544] [exthost] [warning] TextEditor is closed/disposed
[2021-09-20 13:06:44.554] [exthost] [warning] TextEditor is closed/disposed
[2021-09-20 13:06:44.554] [exthost] [warning] TextEditor is closed/disposed
[2021-09-20 13:06:44.592] [exthost] [warning] TextEditor is closed/disposed
[2021-09-20 13:06:44.599] [exthost] [warning] TextEditor is closed/disposed
[2021-09-20 13:08:24.837] [exthost] [warning] TextEditor is closed/disposed
[2021-09-20 13:08:24.859] [exthost] [warning] TextEditor is closed/disposed
[2021-09-20 13:08:24.860] [exthost] [warning] TextEditor is closed/disposed
[2021-09-20 13:08:24.860] [exthost] [warning] TextEditor is closed/disposed
[2021-09-20 13:08:24.869] [exthost] [warning] TextEditor is closed/disposed
[2021-09-20 13:08:24.869] [exthost] [warning] TextEditor is closed/disposed
[2021-09-20 13:08:24.886] [exthost] [warning] TextEditor is closed/disposed
[2021-09-20 13:08:32.726] [exthost] [warning] TextEditor is closed/disposed
[2021-09-20 13:19:15.572] [exthost] [warning] TextEditor is closed/disposed
[2021-09-20 13:20:18.484] [exthost] [warning] TextEditor is closed/disposed
[2021-09-20 13:20:18.497] [exthost] [warning] TextEditor is closed/disposed
[2021-09-20 13:20:37.410] [exthost] [warning] TextEditor is closed/disposed
[2021-09-20 13:20:39.284] [exthost] [warning] TextEditor is closed/disposed
[2021-09-20 13:20:48.069] [exthost] [warning] TextEditor is closed/disposed
[2021-09-20 13:25:03.837] [exthost] [warning] TextEditor is closed/disposed
[2021-09-20 13:25:03.837] [exthost] [warning] TextEditor is closed/disposed
[2021-09-20 13:25:03.837] [exthost] [warning] TextEditor is closed/disposed
[2021-09-20 13:32:09.506] [exthost] [warning] TextEditor is closed/disposed
[2021-09-20 13:32:14.906] [exthost] [warning] TextEditor is closed/disposed
[2021-09-20 13:32:19.570] [exthost] [warning] TextEditor is closed/disposed
[2021-09-20 13:32:22.376] [exthost] [warning] TextEditor is closed/disposed
[2021-09-20 13:33:56.384] [exthost] [warning] TextEditor is closed/disposed
[2021-09-20 13:34:28.287] [exthost] [warning] TextEditor is closed/disposed
[2021-09-20 13:34:29.567] [exthost] [warning] TextEditor is closed/disposed
[2021-09-20 13:34:32.356] [exthost] [warning] TextEditor is closed/disposed
[2021-09-20 13:48:24.331] [exthost] [warning] TextEditor is closed/disposed
[2021-09-20 13:59:00.129] [exthost] [warning] TextEditor is closed/disposed
[2021-09-20 13:59:53.991] [exthost] [warning] TextEditor is closed/disposed
[2021-09-20 13:59:54.004] [exthost] [warning] TextEditor is closed/disposed
[2021-09-20 13:59:54.005] [exthost] [warning] TextEditor is closed/disposed
[2021-09-20 13:59:54.005] [exthost] [warning] TextEditor is closed/disposed
[2021-09-20 13:59:54.016] [exthost] [warning] TextEditor is closed/disposed
[2021-09-20 13:59:54.016] [exthost] [warning] TextEditor is closed/disposed
[2021-09-20 13:59:54.050] [exthost] [warning] TextEditor is closed/disposed
[2021-09-20 13:59:54.133] [exthost] [warning] TextEditor is closed/disposed
[2021-09-20 13:59:54.495] [exthost] [warning] TextEditor is closed/disposed
[2021-09-20 14:02:37.516] [exthost] [warning] TextEditor is closed/disposed
[2021-09-20 14:03:40.263] [exthost] [warning] TextEditor is closed/disposed
[2021-09-20 14:03:41.999] [exthost] [warning] TextEditor is closed/disposed
[2021-09-20 14:06:39.233] [exthost] [info] ExtensionService#_doActivateExtension vscode.simple-browser {"startup":false,"extensionId":{"value":"vscode.simple-browser","_lower":"vscode.simple-browser"},"activationEvent":"onOpenExternalUri:https"}
[2021-09-20 14:06:39.233] [exthost] [info] ExtensionService#loadCommonJSModule file:///opt/visual-studio-code/resources/app/extensions/simple-browser/dist/extension
[2021-09-20 14:08:47.881] [exthost] [warning] TextEditor is closed/disposed
[2021-09-20 14:08:47.962] [exthost] [warning] TextEditor is closed/disposed
[2021-09-20 14:08:47.963] [exthost] [warning] TextEditor is closed/disposed
[2021-09-20 14:08:47.963] [exthost] [warning] TextEditor is closed/disposed
[2021-09-20 14:08:47.963] [exthost] [warning] TextEditor is closed/disposed
[2021-09-20 14:08:47.963] [exthost] [warning] TextEditor is closed/disposed
[2021-09-20 14:08:48.034] [exthost] [warning] TextEditor is closed/disposed
[2021-09-20 14:14:41.281] [exthost] [warning] TextEditor is closed/disposed
[2021-09-20 14:14:46.115] [exthost] [warning] TextEditor is closed/disposed
[2021-09-20 14:16:56.444] [exthost] [warning] TextEditor is closed/disposed
[2021-09-20 14:17:29.384] [exthost] [warning] TextEditor is closed/disposed
[2021-09-20 14:21:07.770] [exthost] [warning] TextEditor is closed/disposed
[2021-09-20 14:21:10.866] [exthost] [warning] TextEditor is closed/disposed
[2021-09-20 14:21:59.456] [exthost] [warning] TextEditor is closed/disposed
[2021-09-20 14:22:07.209] [exthost] [warning] TextEditor is closed/disposed
[2021-09-20 14:22:07.709] [exthost] [warning] TextEditor is closed/disposed
[2021-09-20 15:22:00.471] [exthost] [warning] TextEditor is closed/disposed
[2021-09-20 15:22:00.478] [exthost] [warning] TextEditor is closed/disposed
[2021-09-20 15:22:00.478] [exthost] [warning] TextEditor is closed/disposed
[2021-09-20 15:22:00.478] [exthost] [warning] TextEditor is closed/disposed
[2021-09-20 15:24:54.914] [exthost] [warning] TextEditor is closed/disposed
[2021-09-20 15:25:09.805] [exthost] [warning] TextEditor is closed/disposed
[2021-09-20 15:26:08.711] [exthost] [warning] TextEditor is closed/disposed
[2021-09-20 15:30:41.476] [exthost] [warning] TextEditor is closed/disposed
[2021-09-20 15:31:16.427] [exthost] [warning] TextEditor is closed/disposed
[2021-09-20 15:31:35.254] [exthost] [warning] TextEditor is closed/disposed
[2021-09-20 15:31:49.720] [exthost] [warning] TextEditor is closed/disposed
[2021-09-20 15:32:08.387] [exthost] [warning] TextEditor is closed/disposed
