[2021-09-21 15:40:08.564] [exthost] [info] extension host started
[2021-09-21 15:40:08.564] [exthost] [info] Skipping acquiring lock for /home/jeffrey/.config/Code/User/workspaceStorage/baf3b7f3901bc7566305637f04c18e5b.
[2021-09-21 15:40:08.626] [exthost] [info] ExtensionService#_doActivateExtension vscode.microsoft-authentication {"startup":false,"extensionId":{"value":"vscode.microsoft-authentication","_lower":"vscode.microsoft-authentication"},"activationEvent":"onAuthenticationRequest:microsoft"}
[2021-09-21 15:40:08.626] [exthost] [info] ExtensionService#loadCommonJSModule file:///opt/visual-studio-code/resources/app/extensions/microsoft-authentication/dist/extension.js
[2021-09-21 15:40:08.658] [exthost] [info] ExtensionService#_doActivateExtension aaron-bond.better-comments {"startup":false,"extensionId":{"value":"aaron-bond.better-comments","_lower":"aaron-bond.better-comments"},"activationEvent":"onLanguage:plaintext"}
[2021-09-21 15:40:08.659] [exthost] [info] ExtensionService#loadCommonJSModule file:///home/jeffrey/.vscode/extensions/aaron-bond.better-comments-2.1.0/out/extension
[2021-09-21 15:40:08.661] [exthost] [info] ExtensionService#_doActivateExtension vscode.extension-editing {"startup":false,"extensionId":{"value":"vscode.extension-editing","_lower":"vscode.extension-editing"},"activationEvent":"onLanguage:typescript"}
[2021-09-21 15:40:08.661] [exthost] [info] ExtensionService#loadCommonJSModule file:///opt/visual-studio-code/resources/app/extensions/extension-editing/dist/extensionEditingMain
[2021-09-21 15:40:08.677] [exthost] [info] ExtensionService#_doActivateExtension vscode.typescript-language-features {"startup":false,"extensionId":{"value":"vscode.typescript-language-features","_lower":"vscode.typescript-language-features"},"activationEvent":"onLanguage:typescript"}
[2021-09-21 15:40:08.677] [exthost] [info] ExtensionService#loadCommonJSModule file:///opt/visual-studio-code/resources/app/extensions/typescript-language-features/dist/extension
[2021-09-21 15:40:08.734] [exthost] [info] ExtensionService#_doActivateExtension christian-kohler.npm-intellisense {"startup":false,"extensionId":{"value":"christian-kohler.npm-intellisense","_lower":"christian-kohler.npm-intellisense"},"activationEvent":"onLanguage:typescript"}
[2021-09-21 15:40:08.734] [exthost] [info] ExtensionService#loadCommonJSModule file:///home/jeffrey/.vscode/extensions/christian-kohler.npm-intellisense-1.4.0/out/src/extension
[2021-09-21 15:40:08.753] [exthost] [info] ExtensionService#_doActivateExtension meganrogge.template-string-converter {"startup":false,"extensionId":{"value":"meganrogge.template-string-converter","_lower":"meganrogge.template-string-converter"},"activationEvent":"onLanguage:typescript"}
[2021-09-21 15:40:08.753] [exthost] [info] ExtensionService#loadCommonJSModule file:///home/jeffrey/.vscode/extensions/meganrogge.template-string-converter-0.5.3/out/extension.js
[2021-09-21 15:40:08.755] [exthost] [info] ExtensionService#_doActivateExtension vscode.debug-auto-launch {"startup":true,"extensionId":{"value":"vscode.debug-auto-launch","_lower":"vscode.debug-auto-launch"},"activationEvent":"*"}
[2021-09-21 15:40:08.755] [exthost] [info] ExtensionService#loadCommonJSModule file:///opt/visual-studio-code/resources/app/extensions/debug-auto-launch/dist/extension
[2021-09-21 15:40:08.759] [exthost] [info] ExtensionService#_doActivateExtension vscode.git {"startup":true,"extensionId":{"value":"vscode.github","_lower":"vscode.github"},"activationEvent":"*"}
[2021-09-21 15:40:08.759] [exthost] [info] ExtensionService#loadCommonJSModule file:///opt/visual-studio-code/resources/app/extensions/git/dist/main
[2021-09-21 15:40:08.828] [exthost] [info] ExtensionService#_doActivateExtension asvetliakov.vscode-neovim {"startup":true,"extensionId":{"value":"asvetliakov.vscode-neovim","_lower":"asvetliakov.vscode-neovim"},"activationEvent":"*"}
[2021-09-21 15:40:08.828] [exthost] [info] ExtensionService#loadCommonJSModule file:///home/jeffrey/.vscode/extensions/asvetliakov.vscode-neovim-0.0.82/dist/extension.js
[2021-09-21 15:40:08.863] [exthost] [info] ExtensionService#_doActivateExtension christian-kohler.path-intellisense {"startup":true,"extensionId":{"value":"christian-kohler.path-intellisense","_lower":"christian-kohler.path-intellisense"},"activationEvent":"*"}
[2021-09-21 15:40:08.863] [exthost] [info] ExtensionService#loadCommonJSModule file:///home/jeffrey/.vscode/extensions/christian-kohler.path-intellisense-2.4.0/out/extension.js
[2021-09-21 15:40:08.876] [exthost] [info] ExtensionService#_doActivateExtension ecmel.vscode-html-css {"startup":true,"extensionId":{"value":"ecmel.vscode-html-css","_lower":"ecmel.vscode-html-css"},"activationEvent":"*"}
[2021-09-21 15:40:08.876] [exthost] [info] ExtensionService#loadCommonJSModule file:///home/jeffrey/.vscode/extensions/ecmel.vscode-html-css-1.10.2/dist/extension.js
[2021-09-21 15:40:08.903] [exthost] [info] ExtensionService#_doActivateExtension formulahendry.auto-rename-tag {"startup":true,"extensionId":{"value":"formulahendry.auto-rename-tag","_lower":"formulahendry.auto-rename-tag"},"activationEvent":"*"}
[2021-09-21 15:40:08.903] [exthost] [info] ExtensionService#loadCommonJSModule file:///home/jeffrey/.vscode/extensions/formulahendry.auto-rename-tag-0.1.8/packages/extension/dist/extensionMain.js
[2021-09-21 15:40:08.929] [exthost] [info] ExtensionService#_doActivateExtension kamikillerto.vscode-colorize {"startup":true,"extensionId":{"value":"kamikillerto.vscode-colorize","_lower":"kamikillerto.vscode-colorize"},"activationEvent":"*"}
[2021-09-21 15:40:08.929] [exthost] [info] ExtensionService#loadCommonJSModule file:///home/jeffrey/.vscode/extensions/kamikillerto.vscode-colorize-0.11.1/out/src/extension
[2021-09-21 15:40:08.956] [exthost] [info] ExtensionService#_doActivateExtension mhutchie.git-graph {"startup":true,"extensionId":{"value":"mhutchie.git-graph","_lower":"mhutchie.git-graph"},"activationEvent":"*"}
[2021-09-21 15:40:08.956] [exthost] [info] ExtensionService#loadCommonJSModule file:///home/jeffrey/.vscode/extensions/mhutchie.git-graph-1.30.0/out/extension.js
[2021-09-21 15:40:08.987] [exthost] [info] ExtensionService#_doActivateExtension ms-vsliveshare.vsliveshare {"startup":true,"extensionId":{"value":"ms-vsliveshare.vsliveshare","_lower":"ms-vsliveshare.vsliveshare"},"activationEvent":"*"}
[2021-09-21 15:40:08.987] [exthost] [info] ExtensionService#loadCommonJSModule file:///home/jeffrey/.vscode/extensions/ms-vsliveshare.vsliveshare-1.0.4836/out/prod/extension-prod
[2021-09-21 15:40:09.835] [exthost] [info] ExtensionService#_doActivateExtension naumovs.color-highlight {"startup":true,"extensionId":{"value":"naumovs.color-highlight","_lower":"naumovs.color-highlight"},"activationEvent":"*"}
[2021-09-21 15:40:09.835] [exthost] [info] ExtensionService#loadCommonJSModule file:///home/jeffrey/.vscode/extensions/naumovs.color-highlight-2.5.0/dist/extension-node.js
[2021-09-21 15:40:09.842] [exthost] [info] ExtensionService#_doActivateExtension oderwat.indent-rainbow {"startup":true,"extensionId":{"value":"oderwat.indent-rainbow","_lower":"oderwat.indent-rainbow"},"activationEvent":"*"}
[2021-09-21 15:40:09.842] [exthost] [info] ExtensionService#loadCommonJSModule file:///home/jeffrey/.vscode/extensions/oderwat.indent-rainbow-8.0.0/out/extension
[2021-09-21 15:40:09.844] [exthost] [info] ExtensionService#_doActivateExtension PKief.material-icon-theme {"startup":true,"extensionId":{"value":"PKief.material-icon-theme","_lower":"pkief.material-icon-theme"},"activationEvent":"*"}
[2021-09-21 15:40:09.844] [exthost] [info] ExtensionService#loadCommonJSModule file:///home/jeffrey/.vscode/extensions/pkief.material-icon-theme-4.10.0/dist/extension
[2021-09-21 15:40:09.855] [exthost] [info] ExtensionService#_doActivateExtension ritwickdey.LiveServer {"startup":true,"extensionId":{"value":"ritwickdey.LiveServer","_lower":"ritwickdey.liveserver"},"activationEvent":"*"}
[2021-09-21 15:40:09.855] [exthost] [info] ExtensionService#loadCommonJSModule file:///home/jeffrey/.vscode/extensions/ritwickdey.liveserver-5.6.1/out/src/extension
[2021-09-21 15:40:10.141] [exthost] [info] ExtensionService#_doActivateExtension streetsidesoftware.code-spell-checker {"startup":true,"extensionId":{"value":"streetsidesoftware.code-spell-checker","_lower":"streetsidesoftware.code-spell-checker"},"activationEvent":"*"}
[2021-09-21 15:40:10.141] [exthost] [info] ExtensionService#loadCommonJSModule file:///home/jeffrey/.vscode/extensions/streetsidesoftware.code-spell-checker-2.0.6/packages/client/dist/extension.js
[2021-09-21 15:40:10.199] [exthost] [info] ExtensionService#_doActivateExtension zhuangtongfa.material-theme {"startup":true,"extensionId":{"value":"zhuangtongfa.material-theme","_lower":"zhuangtongfa.material-theme"},"activationEvent":"*"}
[2021-09-21 15:40:10.199] [exthost] [info] ExtensionService#loadCommonJSModule file:///home/jeffrey/.vscode/extensions/zhuangtongfa.material-theme-3.11.4/out/extension.js
[2021-09-21 15:40:10.211] [exthost] [info] ExtensionService#_doActivateExtension Zignd.html-css-class-completion {"startup":true,"extensionId":{"value":"Zignd.html-css-class-completion","_lower":"zignd.html-css-class-completion"},"activationEvent":"*"}
[2021-09-21 15:40:10.211] [exthost] [info] ExtensionService#loadCommonJSModule file:///home/jeffrey/.vscode/extensions/zignd.html-css-class-completion-1.20.0/dist/extension.js
[2021-09-21 15:40:10.249] [exthost] [info] ExtensionService#_doActivateExtension vscode.npm {"startup":true,"extensionId":{"value":"vscode.npm","_lower":"vscode.npm"},"activationEvent":"workspaceContains:package.json"}
[2021-09-21 15:40:10.249] [exthost] [info] ExtensionService#loadCommonJSModule file:///opt/visual-studio-code/resources/app/extensions/npm/dist/npmMain
[2021-09-21 15:40:11.446] [exthost] [info] ExtensionService#_doActivateExtension ms-vscode.js-debug {"startup":false,"extensionId":{"value":"ms-vscode.js-debug","_lower":"ms-vscode.js-debug"},"activationEvent":"onCommand:extension.js-debug.clearAutoAttachVariables"}
[2021-09-21 15:40:11.446] [exthost] [info] ExtensionService#loadCommonJSModule file:///opt/visual-studio-code/resources/app/extensions/ms-vscode.js-debug/src/extension.js
[2021-09-21 15:40:11.515] [exthost] [info] ExtensionService#_doActivateExtension vscode.github {"startup":false,"extensionId":{"value":"vscode.github","_lower":"vscode.github"},"activationEvent":"*"}
[2021-09-21 15:40:11.515] [exthost] [info] ExtensionService#loadCommonJSModule file:///opt/visual-studio-code/resources/app/extensions/github/dist/extension.js
[2021-09-21 15:40:11.689] [exthost] [info] ExtensionService#_doActivateExtension vscode.github-authentication {"startup":false,"extensionId":{"value":"vscode.github-authentication","_lower":"vscode.github-authentication"},"activationEvent":"onAuthenticationRequest:github"}
[2021-09-21 15:40:11.689] [exthost] [info] ExtensionService#loadCommonJSModule file:///opt/visual-studio-code/resources/app/extensions/github-authentication/dist/extension.js
[2021-09-21 15:40:12.420] [exthost] [info] ExtensionService#_doActivateExtension vscode.configuration-editing {"startup":false,"extensionId":{"value":"vscode.configuration-editing","_lower":"vscode.configuration-editing"},"activationEvent":"onLanguage:jsonc"}
[2021-09-21 15:40:12.420] [exthost] [info] ExtensionService#loadCommonJSModule file:///opt/visual-studio-code/resources/app/extensions/configuration-editing/dist/configurationEditingMain
[2021-09-21 15:40:12.454] [exthost] [info] ExtensionService#_doActivateExtension vscode.json-language-features {"startup":false,"extensionId":{"value":"vscode.json-language-features","_lower":"vscode.json-language-features"},"activationEvent":"onLanguage:jsonc"}
[2021-09-21 15:40:12.454] [exthost] [info] ExtensionService#loadCommonJSModule file:///opt/visual-studio-code/resources/app/extensions/json-language-features/client/dist/node/jsonClientMain
[2021-09-21 15:40:13.602] [exthost] [info] eager extensions activated
[2021-09-21 15:40:13.622] [exthost] [info] ExtensionService#_doActivateExtension vscode.emmet {"startup":false,"extensionId":{"value":"vscode.emmet","_lower":"vscode.emmet"},"activationEvent":"onStartupFinished"}
[2021-09-21 15:40:13.622] [exthost] [info] ExtensionService#loadCommonJSModule file:///opt/visual-studio-code/resources/app/extensions/emmet/dist/node/emmetNodeMain
[2021-09-21 15:40:13.627] [exthost] [info] ExtensionService#_doActivateExtension vscode.merge-conflict {"startup":false,"extensionId":{"value":"vscode.merge-conflict","_lower":"vscode.merge-conflict"},"activationEvent":"onStartupFinished"}
[2021-09-21 15:40:13.627] [exthost] [info] ExtensionService#loadCommonJSModule file:///opt/visual-studio-code/resources/app/extensions/merge-conflict/dist/mergeConflictMain
[2021-09-21 15:40:13.630] [exthost] [info] ExtensionService#_doActivateExtension CoenraadS.bracket-pair-colorizer-2 {"startup":false,"extensionId":{"value":"CoenraadS.bracket-pair-colorizer-2","_lower":"coenraads.bracket-pair-colorizer-2"},"activationEvent":"onStartupFinished"}
[2021-09-21 15:40:13.630] [exthost] [info] ExtensionService#loadCommonJSModule file:///home/jeffrey/.vscode/extensions/coenraads.bracket-pair-colorizer-2-0.2.1/out/src/extension
[2021-09-21 15:40:13.645] [exthost] [info] ExtensionService#_doActivateExtension dbaeumer.vscode-eslint {"startup":false,"extensionId":{"value":"dbaeumer.vscode-eslint","_lower":"dbaeumer.vscode-eslint"},"activationEvent":"onStartupFinished"}
[2021-09-21 15:40:13.645] [exthost] [info] ExtensionService#loadCommonJSModule file:///home/jeffrey/.vscode/extensions/dbaeumer.vscode-eslint-2.1.25/client/out/extension
[2021-09-21 15:40:13.652] [exthost] [info] ExtensionService#_doActivateExtension eamodio.gitlens {"startup":false,"extensionId":{"value":"eamodio.gitlens","_lower":"eamodio.gitlens"},"activationEvent":"onStartupFinished"}
[2021-09-21 15:40:13.652] [exthost] [info] ExtensionService#loadCommonJSModule file:///home/jeffrey/.vscode/extensions/eamodio.gitlens-11.6.0/dist/gitlens
[2021-09-21 15:40:13.676] [exthost] [info] ExtensionService#_doActivateExtension esbenp.prettier-vscode {"startup":false,"extensionId":{"value":"esbenp.prettier-vscode","_lower":"esbenp.prettier-vscode"},"activationEvent":"onStartupFinished"}
[2021-09-21 15:40:13.676] [exthost] [info] ExtensionService#loadCommonJSModule file:///home/jeffrey/.vscode/extensions/esbenp.prettier-vscode-9.0.0/dist/extension
[2021-09-21 15:40:13.892] [exthost] [info] ExtensionService#_doActivateExtension formulahendry.code-runner {"startup":false,"extensionId":{"value":"formulahendry.code-runner","_lower":"formulahendry.code-runner"},"activationEvent":"onStartupFinished"}
[2021-09-21 15:40:13.892] [exthost] [info] ExtensionService#loadCommonJSModule file:///home/jeffrey/.vscode/extensions/formulahendry.code-runner-0.11.5/out/src/extension
[2021-09-21 15:40:13.913] [exthost] [info] ExtensionService#_doActivateExtension ms-vscode-remote.remote-containers {"startup":false,"extensionId":{"value":"ms-vscode-remote.remote-containers","_lower":"ms-vscode-remote.remote-containers"},"activationEvent":"onStartupFinished"}
[2021-09-21 15:40:13.913] [exthost] [info] ExtensionService#loadCommonJSModule file:///home/jeffrey/.vscode/extensions/ms-vscode-remote.remote-containers-0.194.0/dist/extension/extension
[2021-09-21 15:40:13.934] [exthost] [info] ExtensionService#_doActivateExtension ms-vscode-remote.remote-wsl {"startup":false,"extensionId":{"value":"ms-vscode-remote.remote-wsl","_lower":"ms-vscode-remote.remote-wsl"},"activationEvent":"onStartupFinished"}
[2021-09-21 15:40:13.934] [exthost] [info] ExtensionService#loadCommonJSModule file:///home/jeffrey/.vscode/extensions/ms-vscode-remote.remote-wsl-0.58.2/dist/extension
[2021-09-21 15:40:13.938] [exthost] [info] ExtensionService#_doActivateExtension rangav.vscode-thunder-client {"startup":false,"extensionId":{"value":"rangav.vscode-thunder-client","_lower":"rangav.vscode-thunder-client"},"activationEvent":"onStartupFinished"}
[2021-09-21 15:40:13.938] [exthost] [info] ExtensionService#loadCommonJSModule file:///home/jeffrey/.vscode/extensions/rangav.vscode-thunder-client-1.9.1/dist/extension
[2021-09-21 15:42:18.103] [exthost] [warning] TextEditor is closed/disposed
[2021-09-21 15:42:19.316] [exthost] [warning] TextEditor is closed/disposed
[2021-09-21 16:04:30.332] [exthost] [warning] TextEditor is closed/disposed
[2021-09-21 16:04:30.353] [exthost] [warning] TextEditor is closed/disposed
[2021-09-21 16:04:30.353] [exthost] [warning] TextEditor is closed/disposed
[2021-09-21 16:04:30.357] [exthost] [warning] TextEditor is closed/disposed
[2021-09-21 16:04:30.357] [exthost] [warning] TextEditor is closed/disposed
[2021-09-21 16:04:30.380] [exthost] [warning] TextEditor is closed/disposed
[2021-09-21 16:04:51.639] [exthost] [warning] TextEditor is closed/disposed
[2021-09-21 16:05:03.971] [exthost] [warning] TextEditor is closed/disposed
[2021-09-21 16:05:20.747] [exthost] [warning] TextEditor is closed/disposed
[2021-09-21 16:05:29.222] [exthost] [warning] TextEditor is closed/disposed
[2021-09-21 16:05:29.426] [exthost] [warning] TextEditor is closed/disposed
[2021-09-21 16:05:29.426] [exthost] [warning] TextEditor is closed/disposed
[2021-09-21 16:05:29.426] [exthost] [warning] TextEditor is closed/disposed
[2021-09-21 16:06:31.416] [exthost] [info] ExtensionService#_doActivateExtension jpoissonnier.vscode-styled-components {"startup":false,"extensionId":{"value":"jpoissonnier.vscode-styled-components","_lower":"jpoissonnier.vscode-styled-components"},"activationEvent":"onCommand:extension.insertColonOrSemiColon"}
[2021-09-21 16:06:31.417] [exthost] [info] ExtensionService#loadCommonJSModule file:///home/jeffrey/.vscode/extensions/jpoissonnier.vscode-styled-components-1.6.6/dist/extension.js
[2021-09-21 16:06:55.138] [exthost] [warning] TextEditor is closed/disposed
[2021-09-21 16:06:55.149] [exthost] [warning] TextEditor is closed/disposed
[2021-09-21 16:06:55.149] [exthost] [warning] TextEditor is closed/disposed
[2021-09-21 16:07:38.143] [exthost] [warning] TextEditor is closed/disposed
[2021-09-21 16:09:26.341] [exthost] [warning] TextEditor is closed/disposed
[2021-09-21 16:11:37.468] [exthost] [warning] TextEditor is closed/disposed
[2021-09-21 16:12:08.832] [exthost] [warning] TextEditor is closed/disposed
[2021-09-21 16:12:16.301] [exthost] [warning] TextEditor is closed/disposed
[2021-09-21 16:12:17.696] [exthost] [warning] TextEditor is closed/disposed
[2021-09-21 16:13:07.269] [exthost] [warning] TextEditor is closed/disposed
[2021-09-21 16:13:07.284] [exthost] [warning] TextEditor is closed/disposed
[2021-09-21 16:13:07.286] [exthost] [warning] TextEditor is closed/disposed
[2021-09-21 16:13:07.286] [exthost] [warning] TextEditor is closed/disposed
[2021-09-21 16:13:07.295] [exthost] [warning] TextEditor is closed/disposed
[2021-09-21 16:13:07.295] [exthost] [warning] TextEditor is closed/disposed
[2021-09-21 16:13:07.332] [exthost] [warning] TextEditor is closed/disposed
[2021-09-21 16:13:19.259] [exthost] [warning] TextEditor is closed/disposed
[2021-09-21 16:13:44.465] [exthost] [warning] TextEditor is closed/disposed
[2021-09-21 16:13:44.472] [exthost] [warning] TextEditor is closed/disposed
[2021-09-21 16:13:44.477] [exthost] [warning] TextEditor is closed/disposed
[2021-09-21 16:13:44.491] [exthost] [warning] TextEditor is closed/disposed
[2021-09-21 16:35:32.757] [exthost] [warning] TextEditor is closed/disposed
[2021-09-21 16:35:32.804] [exthost] [warning] TextEditor is closed/disposed
[2021-09-21 16:35:32.810] [exthost] [warning] TextEditor is closed/disposed
[2021-09-21 16:35:32.810] [exthost] [warning] TextEditor is closed/disposed
[2021-09-21 16:35:32.813] [exthost] [warning] TextEditor is closed/disposed
[2021-09-21 16:35:32.813] [exthost] [warning] TextEditor is closed/disposed
[2021-09-21 16:35:32.885] [exthost] [warning] TextEditor is closed/disposed
[2021-09-21 16:35:49.304] [exthost] [warning] TextEditor is closed/disposed
[2021-09-21 16:37:31.316] [exthost] [warning] TextEditor is closed/disposed
[2021-09-21 16:37:37.514] [exthost] [warning] TextEditor is closed/disposed
[2021-09-21 16:38:17.936] [exthost] [warning] TextEditor is closed/disposed
[2021-09-21 16:38:17.984] [exthost] [info] ExtensionService#_doActivateExtension ZainChen.json {"startup":false,"extensionId":{"value":"ZainChen.json","_lower":"zainchen.json"},"activationEvent":"onLanguage:json"}
[2021-09-21 16:38:17.985] [exthost] [info] ExtensionService#loadCommonJSModule file:///home/jeffrey/.vscode/extensions/zainchen.json-2.0.2/out/extension.js
[2021-09-21 16:38:25.646] [exthost] [warning] TextEditor is closed/disposed
[2021-09-21 16:39:00.197] [exthost] [warning] TextEditor is closed/disposed
[2021-09-21 16:39:00.203] [exthost] [warning] TextEditor is closed/disposed
[2021-09-21 16:39:00.203] [exthost] [warning] TextEditor is closed/disposed
[2021-09-21 16:39:00.419] [exthost] [warning] TextEditor is closed/disposed
[2021-09-21 16:42:06.472] [exthost] [warning] TextEditor is closed/disposed
[2021-09-21 16:42:06.489] [exthost] [warning] TextEditor is closed/disposed
[2021-09-21 16:42:06.489] [exthost] [warning] TextEditor is closed/disposed
[2021-09-21 16:42:06.651] [exthost] [warning] TextEditor is closed/disposed
[2021-09-21 16:51:04.950] [exthost] [warning] TextEditor is closed/disposed
[2021-09-21 16:51:04.977] [exthost] [warning] TextEditor is closed/disposed
[2021-09-21 16:51:04.984] [exthost] [warning] TextEditor is closed/disposed
[2021-09-21 16:51:04.984] [exthost] [warning] TextEditor is closed/disposed
[2021-09-21 16:51:05.040] [exthost] [warning] TextEditor is closed/disposed
[2021-09-21 17:25:16.970] [exthost] [warning] TextEditor is closed/disposed
[2021-09-21 17:25:16.988] [exthost] [warning] TextEditor is closed/disposed
[2021-09-21 17:25:16.993] [exthost] [warning] TextEditor is closed/disposed
[2021-09-21 17:25:16.993] [exthost] [warning] TextEditor is closed/disposed
[2021-09-21 17:25:17.045] [exthost] [warning] TextEditor is closed/disposed
[2021-09-21 17:25:18.726] [exthost] [warning] TextEditor is closed/disposed
