[2021-09-01 04:26:45.832] [settingssync] [info] Using settings sync service https://vscode-sync.trafficmanager.net/
[2021-09-01 04:26:45.832] [settingssync] [info] Auto Sync is enabled.
[2021-09-01 04:26:45.832] [settingssync] [info] Auto Sync: Suspended until auth token is available.
[2021-09-01 04:26:49.136] [settingssync] [info] Auto Sync: Started
[2021-09-01 04:26:49.136] [settingssync] [info] Auto Sync: Triggered by Interval
[2021-09-01 04:26:49.972] [settingssync] [info] Settings: No changes found during synchronizing settings.
[2021-09-01 04:26:50.000] [settingssync] [info] Keybindings: No changes found during synchronizing keybindings.
[2021-09-01 04:26:50.011] [settingssync] [info] Snippets: No changes found during synchronizing snippets.
[2021-09-01 04:26:51.536] [settingssync] [info] GlobalState: Updated remote ui state
[2021-09-01 04:26:51.538] [settingssync] [info] GlobalState: Updated last synchronized ui state
[2021-09-01 04:26:51.610] [settingssync] [info] Extensions: No changes found during synchronizing extensions.
[2021-09-01 04:26:51.610] [settingssync] [info] Sync done. Took 1792ms
[2021-09-01 04:26:51.611] [settingssync] [info] Auto Sync: Triggered by Activity
[2021-09-01 04:26:51.688] [settingssync] [info] Settings: No changes found during synchronizing settings.
[2021-09-01 04:26:51.690] [settingssync] [info] Keybindings: No changes found during synchronizing keybindings.
[2021-09-01 04:26:51.691] [settingssync] [info] Snippets: No changes found during synchronizing snippets.
[2021-09-01 04:26:52.653] [settingssync] [info] GlobalState: Updated remote ui state
[2021-09-01 04:26:52.667] [settingssync] [info] GlobalState: Updated last synchronized ui state
[2021-09-01 04:26:52.746] [settingssync] [info] Extensions: No changes found during synchronizing extensions.
[2021-09-01 04:26:52.746] [settingssync] [info] Sync done. Took 1097ms
[2021-09-01 04:27:34.390] [settingssync] [info] Auto Sync: Triggered by Activity
[2021-09-01 04:27:34.546] [settingssync] [info] Settings: No changes found during synchronizing settings.
[2021-09-01 04:27:34.548] [settingssync] [info] Keybindings: No changes found during synchronizing keybindings.
[2021-09-01 04:27:34.550] [settingssync] [info] Snippets: No changes found during synchronizing snippets.
[2021-09-01 04:27:34.582] [settingssync] [info] GlobalState: No changes found during synchronizing ui state.
[2021-09-01 04:27:34.659] [settingssync] [info] Extensions: No changes found during synchronizing extensions.
[2021-09-01 04:27:34.659] [settingssync] [info] Sync done. Took 212ms
[2021-09-01 04:28:28.002] [settingssync] [info] Auto Sync: Triggered by Activity
[2021-09-01 04:28:28.154] [settingssync] [info] Settings: No changes found during synchronizing settings.
[2021-09-01 04:28:28.156] [settingssync] [info] Keybindings: No changes found during synchronizing keybindings.
[2021-09-01 04:28:28.158] [settingssync] [info] Snippets: No changes found during synchronizing snippets.
[2021-09-01 04:28:29.502] [settingssync] [info] GlobalState: Updated remote ui state
[2021-09-01 04:28:29.513] [settingssync] [info] GlobalState: Updated last synchronized ui state
[2021-09-01 04:28:29.657] [settingssync] [info] Extensions: No changes found during synchronizing extensions.
[2021-09-01 04:28:29.659] [settingssync] [info] Sync done. Took 1578ms
[2021-09-01 04:28:30.437] [settingssync] [info] Auto Sync: Triggered by Activity
[2021-09-01 04:28:30.555] [settingssync] [info] Settings: No changes found during synchronizing settings.
[2021-09-01 04:28:30.557] [settingssync] [info] Keybindings: No changes found during synchronizing keybindings.
[2021-09-01 04:28:30.558] [settingssync] [info] Snippets: No changes found during synchronizing snippets.
[2021-09-01 04:28:31.489] [settingssync] [info] GlobalState: Updated remote ui state
[2021-09-01 04:28:31.491] [settingssync] [info] GlobalState: Updated last synchronized ui state
[2021-09-01 04:28:31.619] [settingssync] [info] Extensions: No changes found during synchronizing extensions.
[2021-09-01 04:28:31.620] [settingssync] [info] Sync done. Took 1136ms
[2021-09-01 04:28:33.484] [settingssync] [info] Auto Sync: Triggered by Activity
[2021-09-01 04:28:33.605] [settingssync] [info] Settings: No changes found during synchronizing settings.
[2021-09-01 04:28:33.607] [settingssync] [info] Keybindings: No changes found during synchronizing keybindings.
[2021-09-01 04:28:33.608] [settingssync] [info] Snippets: No changes found during synchronizing snippets.
[2021-09-01 04:28:35.268] [settingssync] [info] GlobalState: Updated remote ui state
[2021-09-01 04:28:35.272] [settingssync] [info] GlobalState: Updated last synchronized ui state
[2021-09-01 04:28:35.375] [settingssync] [info] Extensions: No changes found during synchronizing extensions.
[2021-09-01 04:28:35.376] [settingssync] [info] Sync done. Took 1834ms
[2021-09-01 04:28:35.522] [settingssync] [info] Auto Sync: Triggered by Activity
[2021-09-01 04:28:35.651] [settingssync] [info] Settings: No changes found during synchronizing settings.
[2021-09-01 04:28:35.653] [settingssync] [info] Keybindings: No changes found during synchronizing keybindings.
[2021-09-01 04:28:35.654] [settingssync] [info] Snippets: No changes found during synchronizing snippets.
[2021-09-01 04:28:35.683] [settingssync] [info] GlobalState: No changes found during synchronizing ui state.
[2021-09-01 04:28:35.741] [settingssync] [info] Extensions: No changes found during synchronizing extensions.
[2021-09-01 04:28:35.742] [settingssync] [info] Sync done. Took 176ms
[2021-09-01 04:28:41.798] [settingssync] [info] Auto Sync: Triggered by Activity
[2021-09-01 04:28:41.919] [settingssync] [info] Settings: No changes found during synchronizing settings.
[2021-09-01 04:28:41.921] [settingssync] [info] Keybindings: No changes found during synchronizing keybindings.
[2021-09-01 04:28:41.922] [settingssync] [info] Snippets: No changes found during synchronizing snippets.
[2021-09-01 04:28:42.845] [settingssync] [info] GlobalState: Updated remote ui state
[2021-09-01 04:28:42.847] [settingssync] [info] GlobalState: Updated last synchronized ui state
[2021-09-01 04:28:42.929] [settingssync] [info] Extensions: No changes found during synchronizing extensions.
[2021-09-01 04:28:42.930] [settingssync] [info] Sync done. Took 1083ms
[2021-09-01 04:28:53.599] [settingssync] [info] Auto Sync: Triggered by Activity
[2021-09-01 04:28:53.781] [settingssync] [info] Settings: No changes found during synchronizing settings.
[2021-09-01 04:28:53.782] [settingssync] [info] Keybindings: No changes found during synchronizing keybindings.
[2021-09-01 04:28:53.783] [settingssync] [info] Snippets: No changes found during synchronizing snippets.
[2021-09-01 04:28:53.835] [settingssync] [info] GlobalState: No changes found during synchronizing ui state.
[2021-09-01 04:28:53.924] [settingssync] [info] Extensions: No changes found during synchronizing extensions.
[2021-09-01 04:28:53.925] [settingssync] [info] Sync done. Took 254ms
[2021-09-01 04:30:20.042] [settingssync] [info] Auto Sync: Triggered by Activity
[2021-09-01 04:30:20.165] [settingssync] [info] Settings: No changes found during synchronizing settings.
[2021-09-01 04:30:20.167] [settingssync] [info] Keybindings: No changes found during synchronizing keybindings.
[2021-09-01 04:30:20.168] [settingssync] [info] Snippets: No changes found during synchronizing snippets.
[2021-09-01 04:30:20.193] [settingssync] [info] GlobalState: No changes found during synchronizing ui state.
[2021-09-01 04:30:20.277] [settingssync] [info] Extensions: No changes found during synchronizing extensions.
[2021-09-01 04:30:20.278] [settingssync] [info] Sync done. Took 188ms
[2021-09-01 04:30:42.033] [settingssync] [info] Auto Sync: Triggered by Activity
[2021-09-01 04:30:42.182] [settingssync] [info] Settings: No changes found during synchronizing settings.
[2021-09-01 04:30:42.184] [settingssync] [info] Keybindings: No changes found during synchronizing keybindings.
[2021-09-01 04:30:42.186] [settingssync] [info] Snippets: No changes found during synchronizing snippets.
[2021-09-01 04:30:42.224] [settingssync] [info] GlobalState: No changes found during synchronizing ui state.
[2021-09-01 04:30:42.302] [settingssync] [info] Extensions: No changes found during synchronizing extensions.
[2021-09-01 04:30:42.302] [settingssync] [info] Sync done. Took 211ms
[2021-09-01 04:31:34.621] [settingssync] [info] Auto Sync: Triggered by Activity
[2021-09-01 04:31:34.775] [settingssync] [info] Settings: No changes found during synchronizing settings.
[2021-09-01 04:31:34.777] [settingssync] [info] Keybindings: No changes found during synchronizing keybindings.
[2021-09-01 04:31:34.778] [settingssync] [info] Snippets: No changes found during synchronizing snippets.
[2021-09-01 04:31:34.806] [settingssync] [info] GlobalState: No changes found during synchronizing ui state.
[2021-09-01 04:31:34.885] [settingssync] [info] Extensions: No changes found during synchronizing extensions.
[2021-09-01 04:31:34.885] [settingssync] [info] Sync done. Took 212ms
[2021-09-01 04:31:45.899] [settingssync] [info] Auto Sync: Triggered by Activity
[2021-09-01 04:31:46.040] [settingssync] [info] Settings: No changes found during synchronizing settings.
[2021-09-01 04:31:46.042] [settingssync] [info] Keybindings: No changes found during synchronizing keybindings.
[2021-09-01 04:31:46.044] [settingssync] [info] Snippets: No changes found during synchronizing snippets.
[2021-09-01 04:31:46.072] [settingssync] [info] GlobalState: No changes found during synchronizing ui state.
[2021-09-01 04:31:46.144] [settingssync] [info] Extensions: No changes found during synchronizing extensions.
[2021-09-01 04:31:46.144] [settingssync] [info] Sync done. Took 188ms
[2021-09-01 04:32:14.390] [settingssync] [info] Auto Sync: Triggered by Activity
[2021-09-01 04:32:14.521] [settingssync] [info] Settings: No changes found during synchronizing settings.
[2021-09-01 04:32:14.523] [settingssync] [info] Keybindings: No changes found during synchronizing keybindings.
[2021-09-01 04:32:14.524] [settingssync] [info] Snippets: No changes found during synchronizing snippets.
[2021-09-01 04:32:14.550] [settingssync] [info] GlobalState: No changes found during synchronizing ui state.
[2021-09-01 04:32:14.624] [settingssync] [info] Extensions: No changes found during synchronizing extensions.
[2021-09-01 04:32:14.625] [settingssync] [info] Sync done. Took 190ms
[2021-09-01 04:33:03.997] [settingssync] [info] Auto Sync: Triggered by Activity
[2021-09-01 04:33:04.121] [settingssync] [info] Settings: No changes found during synchronizing settings.
[2021-09-01 04:33:04.123] [settingssync] [info] Keybindings: No changes found during synchronizing keybindings.
[2021-09-01 04:33:04.125] [settingssync] [info] Snippets: No changes found during synchronizing snippets.
[2021-09-01 04:33:04.154] [settingssync] [info] GlobalState: No changes found during synchronizing ui state.
[2021-09-01 04:33:04.238] [settingssync] [info] Extensions: No changes found during synchronizing extensions.
[2021-09-01 04:33:04.238] [settingssync] [info] Sync done. Took 195ms
[2021-09-01 04:34:08.213] [settingssync] [info] Auto Sync: Triggered by Activity
[2021-09-01 04:34:08.330] [settingssync] [info] Settings: No changes found during synchronizing settings.
[2021-09-01 04:34:08.333] [settingssync] [info] Keybindings: No changes found during synchronizing keybindings.
[2021-09-01 04:34:08.334] [settingssync] [info] Snippets: No changes found during synchronizing snippets.
[2021-09-01 04:34:08.359] [settingssync] [info] GlobalState: No changes found during synchronizing ui state.
[2021-09-01 04:34:08.442] [settingssync] [info] Extensions: No changes found during synchronizing extensions.
[2021-09-01 04:34:08.443] [settingssync] [info] Sync done. Took 175ms
[2021-09-01 04:34:25.021] [settingssync] [info] Auto Sync: Triggered by Activity
[2021-09-01 04:34:25.166] [settingssync] [info] Settings: No changes found during synchronizing settings.
[2021-09-01 04:34:25.167] [settingssync] [info] Keybindings: No changes found during synchronizing keybindings.
[2021-09-01 04:34:25.168] [settingssync] [info] Snippets: No changes found during synchronizing snippets.
[2021-09-01 04:34:25.194] [settingssync] [info] GlobalState: No changes found during synchronizing ui state.
[2021-09-01 04:34:25.266] [settingssync] [info] Extensions: No changes found during synchronizing extensions.
[2021-09-01 04:34:25.266] [settingssync] [info] Sync done. Took 176ms
[2021-09-01 04:34:51.812] [settingssync] [info] Auto Sync: Triggered by Activity
[2021-09-01 04:34:51.946] [settingssync] [info] Settings: No changes found during synchronizing settings.
[2021-09-01 04:34:51.948] [settingssync] [info] Keybindings: No changes found during synchronizing keybindings.
[2021-09-01 04:34:51.949] [settingssync] [info] Snippets: No changes found during synchronizing snippets.
[2021-09-01 04:34:51.974] [settingssync] [info] GlobalState: No changes found during synchronizing ui state.
[2021-09-01 04:34:52.049] [settingssync] [info] Extensions: No changes found during synchronizing extensions.
[2021-09-01 04:34:52.050] [settingssync] [info] Sync done. Took 179ms
[2021-09-01 04:35:05.725] [settingssync] [info] Auto Sync: Triggered by Activity
[2021-09-01 04:35:05.869] [settingssync] [info] Settings: No changes found during synchronizing settings.
[2021-09-01 04:35:05.870] [settingssync] [info] Keybindings: No changes found during synchronizing keybindings.
[2021-09-01 04:35:05.871] [settingssync] [info] Snippets: No changes found during synchronizing snippets.
[2021-09-01 04:35:05.897] [settingssync] [info] GlobalState: No changes found during synchronizing ui state.
[2021-09-01 04:35:05.970] [settingssync] [info] Extensions: No changes found during synchronizing extensions.
[2021-09-01 04:35:05.970] [settingssync] [info] Sync done. Took 169ms
[2021-09-01 04:35:58.300] [settingssync] [info] Auto Sync: Triggered by Activity
[2021-09-01 04:35:58.445] [settingssync] [info] Settings: No changes found during synchronizing settings.
[2021-09-01 04:35:58.447] [settingssync] [info] Keybindings: No changes found during synchronizing keybindings.
[2021-09-01 04:35:58.448] [settingssync] [info] Snippets: No changes found during synchronizing snippets.
[2021-09-01 04:35:58.473] [settingssync] [info] GlobalState: No changes found during synchronizing ui state.
[2021-09-01 04:35:58.545] [settingssync] [info] Extensions: No changes found during synchronizing extensions.
[2021-09-01 04:35:58.546] [settingssync] [info] Sync done. Took 198ms
[2021-09-01 04:37:45.139] [settingssync] [info] Auto Sync: Triggered by Activity
[2021-09-01 04:37:45.295] [settingssync] [info] Settings: No changes found during synchronizing settings.
[2021-09-01 04:37:45.297] [settingssync] [info] Keybindings: No changes found during synchronizing keybindings.
[2021-09-01 04:37:45.298] [settingssync] [info] Snippets: No changes found during synchronizing snippets.
[2021-09-01 04:37:45.324] [settingssync] [info] GlobalState: No changes found during synchronizing ui state.
[2021-09-01 04:37:45.399] [settingssync] [info] Extensions: No changes found during synchronizing extensions.
[2021-09-01 04:37:45.400] [settingssync] [info] Sync done. Took 208ms
[2021-09-01 04:38:21.231] [settingssync] [info] Auto Sync: Triggered by Activity
[2021-09-01 04:38:21.343] [settingssync] [info] Settings: No changes found during synchronizing settings.
[2021-09-01 04:38:21.345] [settingssync] [info] Keybindings: No changes found during synchronizing keybindings.
[2021-09-01 04:38:21.346] [settingssync] [info] Snippets: No changes found during synchronizing snippets.
[2021-09-01 04:38:21.373] [settingssync] [info] GlobalState: No changes found during synchronizing ui state.
[2021-09-01 04:38:21.444] [settingssync] [info] Extensions: No changes found during synchronizing extensions.
[2021-09-01 04:38:21.444] [settingssync] [info] Sync done. Took 171ms
[2021-09-01 04:38:37.986] [settingssync] [info] Auto Sync: Triggered by Activity
[2021-09-01 04:38:38.118] [settingssync] [info] Settings: No changes found during synchronizing settings.
[2021-09-01 04:38:38.120] [settingssync] [info] Keybindings: No changes found during synchronizing keybindings.
[2021-09-01 04:38:38.121] [settingssync] [info] Snippets: No changes found during synchronizing snippets.
[2021-09-01 04:38:38.146] [settingssync] [info] GlobalState: No changes found during synchronizing ui state.
[2021-09-01 04:38:38.218] [settingssync] [info] Extensions: No changes found during synchronizing extensions.
[2021-09-01 04:38:38.219] [settingssync] [info] Sync done. Took 173ms
[2021-09-01 04:40:00.662] [settingssync] [info] Auto Sync: Triggered by Activity
[2021-09-01 04:40:00.791] [settingssync] [info] Settings: No changes found during synchronizing settings.
[2021-09-01 04:40:00.793] [settingssync] [info] Keybindings: No changes found during synchronizing keybindings.
[2021-09-01 04:40:00.794] [settingssync] [info] Snippets: No changes found during synchronizing snippets.
[2021-09-01 04:40:00.858] [settingssync] [info] GlobalState: No changes found during synchronizing ui state.
[2021-09-01 04:40:00.941] [settingssync] [info] Extensions: No changes found during synchronizing extensions.
[2021-09-01 04:40:00.941] [settingssync] [info] Sync done. Took 230ms
[2021-09-01 04:45:00.947] [settingssync] [info] Auto Sync: Triggered by Interval
[2021-09-01 04:45:01.447] [settingssync] [info] Settings: No changes found during synchronizing settings.
[2021-09-01 04:45:01.449] [settingssync] [info] Keybindings: No changes found during synchronizing keybindings.
[2021-09-01 04:45:01.450] [settingssync] [info] Snippets: No changes found during synchronizing snippets.
[2021-09-01 04:45:01.475] [settingssync] [info] GlobalState: No changes found during synchronizing ui state.
[2021-09-01 04:45:01.547] [settingssync] [info] Extensions: No changes found during synchronizing extensions.
[2021-09-01 04:45:01.548] [settingssync] [info] Sync done. Took 169ms
[2021-09-01 04:46:57.976] [settingssync] [info] Auto Sync: Triggered by Activity
[2021-09-01 04:46:58.154] [settingssync] [info] Settings: No changes found during synchronizing settings.
[2021-09-01 04:46:58.156] [settingssync] [info] Keybindings: No changes found during synchronizing keybindings.
[2021-09-01 04:46:58.157] [settingssync] [info] Snippets: No changes found during synchronizing snippets.
[2021-09-01 04:46:58.186] [settingssync] [info] GlobalState: No changes found during synchronizing ui state.
[2021-09-01 04:46:58.261] [settingssync] [info] Extensions: No changes found during synchronizing extensions.
[2021-09-01 04:46:58.262] [settingssync] [info] Sync done. Took 227ms
[2021-09-01 04:47:24.795] [settingssync] [info] Auto Sync: Triggered by Activity
[2021-09-01 04:47:24.946] [settingssync] [info] Settings: No changes found during synchronizing settings.
[2021-09-01 04:47:24.947] [settingssync] [info] Keybindings: No changes found during synchronizing keybindings.
[2021-09-01 04:47:24.948] [settingssync] [info] Snippets: No changes found during synchronizing snippets.
[2021-09-01 04:47:24.977] [settingssync] [info] GlobalState: No changes found during synchronizing ui state.
[2021-09-01 04:47:25.051] [settingssync] [info] Extensions: No changes found during synchronizing extensions.
[2021-09-01 04:47:25.051] [settingssync] [info] Sync done. Took 205ms
[2021-09-01 04:48:41.819] [settingssync] [info] Auto Sync: Triggered by Activity
[2021-09-01 04:48:41.934] [settingssync] [info] Settings: No changes found during synchronizing settings.
[2021-09-01 04:48:41.936] [settingssync] [info] Keybindings: No changes found during synchronizing keybindings.
[2021-09-01 04:48:41.937] [settingssync] [info] Snippets: No changes found during synchronizing snippets.
[2021-09-01 04:48:41.967] [settingssync] [info] GlobalState: No changes found during synchronizing ui state.
[2021-09-01 04:48:42.036] [settingssync] [info] Extensions: No changes found during synchronizing extensions.
[2021-09-01 04:48:42.037] [settingssync] [info] Sync done. Took 173ms
[2021-09-01 04:49:03.778] [settingssync] [info] Auto Sync: Triggered by Activity
[2021-09-01 04:49:03.898] [settingssync] [info] Settings: No changes found during synchronizing settings.
[2021-09-01 04:49:03.900] [settingssync] [info] Keybindings: No changes found during synchronizing keybindings.
[2021-09-01 04:49:03.901] [settingssync] [info] Snippets: No changes found during synchronizing snippets.
[2021-09-01 04:49:03.932] [settingssync] [info] GlobalState: No changes found during synchronizing ui state.
[2021-09-01 04:49:04.006] [settingssync] [info] Extensions: No changes found during synchronizing extensions.
[2021-09-01 04:49:04.007] [settingssync] [info] Sync done. Took 180ms
[2021-09-01 04:49:16.448] [settingssync] [info] Auto Sync: Triggered by Activity
[2021-09-01 04:49:16.565] [settingssync] [info] Settings: No changes found during synchronizing settings.
[2021-09-01 04:49:16.567] [settingssync] [info] Keybindings: No changes found during synchronizing keybindings.
[2021-09-01 04:49:16.568] [settingssync] [info] Snippets: No changes found during synchronizing snippets.
[2021-09-01 04:49:16.600] [settingssync] [info] GlobalState: No changes found during synchronizing ui state.
[2021-09-01 04:49:16.684] [settingssync] [info] Extensions: No changes found during synchronizing extensions.
[2021-09-01 04:49:16.684] [settingssync] [info] Sync done. Took 193ms
[2021-09-01 04:49:32.671] [settingssync] [info] Auto Sync: Triggered by Activity
[2021-09-01 04:49:32.836] [settingssync] [info] Settings: No changes found during synchronizing settings.
[2021-09-01 04:49:32.838] [settingssync] [info] Keybindings: No changes found during synchronizing keybindings.
[2021-09-01 04:49:32.839] [settingssync] [info] Snippets: No changes found during synchronizing snippets.
[2021-09-01 04:49:32.867] [settingssync] [info] GlobalState: No changes found during synchronizing ui state.
[2021-09-01 04:49:32.939] [settingssync] [info] Extensions: No changes found during synchronizing extensions.
[2021-09-01 04:49:32.939] [settingssync] [info] Sync done. Took 208ms
[2021-09-01 04:50:26.034] [settingssync] [info] Auto Sync: Triggered by Activity
[2021-09-01 04:50:26.188] [settingssync] [info] Settings: No changes found during synchronizing settings.
[2021-09-01 04:50:26.190] [settingssync] [info] Keybindings: No changes found during synchronizing keybindings.
[2021-09-01 04:50:26.191] [settingssync] [info] Snippets: No changes found during synchronizing snippets.
[2021-09-01 04:50:26.227] [settingssync] [info] GlobalState: No changes found during synchronizing ui state.
[2021-09-01 04:50:26.304] [settingssync] [info] Extensions: No changes found during synchronizing extensions.
[2021-09-01 04:50:26.304] [settingssync] [info] Sync done. Took 218ms
[2021-09-01 04:50:41.076] [settingssync] [info] Auto Sync: Triggered by Activity
[2021-09-01 04:50:41.199] [settingssync] [info] Settings: No changes found during synchronizing settings.
[2021-09-01 04:50:41.201] [settingssync] [info] Keybindings: No changes found during synchronizing keybindings.
[2021-09-01 04:50:41.202] [settingssync] [info] Snippets: No changes found during synchronizing snippets.
[2021-09-01 04:50:41.228] [settingssync] [info] GlobalState: No changes found during synchronizing ui state.
[2021-09-01 04:50:41.300] [settingssync] [info] Extensions: No changes found during synchronizing extensions.
[2021-09-01 04:50:41.300] [settingssync] [info] Sync done. Took 178ms
[2021-09-01 04:53:30.495] [settingssync] [info] Auto Sync: Triggered by Activity
[2021-09-01 04:53:31.050] [settingssync] [info] Settings: No changes found during synchronizing settings.
[2021-09-01 04:53:31.053] [settingssync] [info] Keybindings: No changes found during synchronizing keybindings.
[2021-09-01 04:53:31.053] [settingssync] [info] Snippets: No changes found during synchronizing snippets.
[2021-09-01 04:53:31.078] [settingssync] [info] GlobalState: No changes found during synchronizing ui state.
[2021-09-01 04:53:31.157] [settingssync] [info] Extensions: No changes found during synchronizing extensions.
[2021-09-01 04:53:31.158] [settingssync] [info] Sync done. Took 204ms
[2021-09-01 04:55:23.255] [settingssync] [info] Auto Sync: Triggered by Activity
[2021-09-01 04:55:23.383] [settingssync] [info] Settings: No changes found during synchronizing settings.
[2021-09-01 04:55:23.384] [settingssync] [info] Keybindings: No changes found during synchronizing keybindings.
[2021-09-01 04:55:23.386] [settingssync] [info] Snippets: No changes found during synchronizing snippets.
[2021-09-01 04:55:23.410] [settingssync] [info] GlobalState: No changes found during synchronizing ui state.
[2021-09-01 04:55:23.484] [settingssync] [info] Extensions: No changes found during synchronizing extensions.
[2021-09-01 04:55:23.484] [settingssync] [info] Sync done. Took 179ms
[2021-09-01 04:57:41.965] [settingssync] [info] Auto Sync: Triggered by Activity
[2021-09-01 04:57:42.464] [settingssync] [info] Settings: No changes found during synchronizing settings.
[2021-09-01 04:57:42.474] [settingssync] [info] Keybindings: No changes found during synchronizing keybindings.
[2021-09-01 04:57:42.476] [settingssync] [info] Snippets: No changes found during synchronizing snippets.
[2021-09-01 04:57:42.538] [settingssync] [info] GlobalState: No changes found during synchronizing ui state.
[2021-09-01 04:57:42.667] [settingssync] [info] Extensions: No changes found during synchronizing extensions.
[2021-09-01 04:57:42.668] [settingssync] [info] Sync done. Took 291ms
[2021-09-01 05:00:12.225] [settingssync] [info] Auto Sync: Triggered by Activity
[2021-09-01 05:00:12.888] [settingssync] [info] Settings: No changes found during synchronizing settings.
[2021-09-01 05:00:12.890] [settingssync] [info] Keybindings: No changes found during synchronizing keybindings.
[2021-09-01 05:00:12.891] [settingssync] [info] Snippets: No changes found during synchronizing snippets.
[2021-09-01 05:00:12.917] [settingssync] [info] GlobalState: No changes found during synchronizing ui state.
[2021-09-01 05:00:12.993] [settingssync] [info] Extensions: No changes found during synchronizing extensions.
[2021-09-01 05:00:12.993] [settingssync] [info] Sync done. Took 177ms
[2021-09-01 05:01:32.096] [settingssync] [info] Auto Sync: Triggered by Activity
[2021-09-01 05:01:32.222] [settingssync] [info] Settings: No changes found during synchronizing settings.
[2021-09-01 05:01:32.225] [settingssync] [info] Keybindings: No changes found during synchronizing keybindings.
[2021-09-01 05:01:32.227] [settingssync] [info] Snippets: No changes found during synchronizing snippets.
[2021-09-01 05:01:32.256] [settingssync] [info] GlobalState: No changes found during synchronizing ui state.
[2021-09-01 05:01:32.328] [settingssync] [info] Extensions: No changes found during synchronizing extensions.
[2021-09-01 05:01:32.329] [settingssync] [info] Sync done. Took 172ms
