[09/14/21, 00:32:47:240] info: 
╔═════════════════════════════════════════════════════╗
║      Slack 4.19.2, linux 5.14.3-arch1-1 on x64      ║
╚═════════════════════════════════════════════════════╝ 
[09/14/21, 00:32:47:241] info: Configured logger via 
{
  "enableConsoleTransport": true,
  "identifierOverride": "webapp-auth-console",
  "shouldUseNewBackend": false,
  "loggerInstanceCount": 4
}
[09/14/21, 00:32:47:242] info: Predefined values for process 
{
  "NODE_ENV": "production",
  "platform": "linux",
  "type": "browser",
  "timeZone": "America/New_York",
  "PACKAGE_MANIFEST.productName": "Slack",
  "PACKAGE_MANIFEST.version": "4.19.2",
  "PACKAGE_MANIFEST.commit": "b92697c",
  "PACKAGE_MANIFEST.branch": "HEAD"
}
