Validating found git in: git
Using git 2.33.0 from git
> git rev-parse --git-dir
Open repository: /home/jeffrey/Work/smartrr
> git fetch
> git status -z -u
> git symbolic-ref --short HEAD
ssh_askpass: exec(/usr/lib/ssh/ssh-askpass): No such file or directory
git@gitlab.com: Permission denied (publickey,keyboard-interactive).
fatal: Could not read from remote repository.

Please make sure you have the correct access rights
and the repository exists.
> git for-each-ref --format=%(refname)%00%(upstream:short)%00%(objectname)%00%(upstream:track) refs/heads/tooling/upgrade-app-bridge refs/remotes/tooling/upgrade-app-bridge
> git for-each-ref --sort -committerdate --format %(refname) %(objectname) %(*objectname)
> git remote --verbose
> git check-ignore -v -z --stdin
> git config --get commit.template
> git show --textconv :package.json
> git ls-files --stage -- /home/jeffrey/Work/smartrr/package.json
> git cat-file -s 8e7713836a646e51adca6c26a3ada3690e331343
> git ls-files --stage -- /home/jeffrey/Work/smartrr/package.json
> git cat-file -s 8e7713836a646e51adca6c26a3ada3690e331343
> git show --textconv :package.json
> git status -z -u
> git symbolic-ref --short HEAD
> git for-each-ref --format=%(refname)%00%(upstream:short)%00%(objectname)%00%(upstream:track) refs/heads/tooling/upgrade-app-bridge refs/remotes/tooling/upgrade-app-bridge
> git for-each-ref --sort -committerdate --format %(refname) %(objectname) %(*objectname)
> git remote --verbose
> git config --get commit.template
> git config --global user.email
> git config --global user.name
> git status -z -u
> git symbolic-ref --short HEAD
> git for-each-ref --format=%(refname)%00%(upstream:short)%00%(objectname)%00%(upstream:track) refs/heads/tooling/upgrade-app-bridge refs/remotes/tooling/upgrade-app-bridge
> git for-each-ref --sort -committerdate --format %(refname) %(objectname) %(*objectname)
> git remote --verbose
> git config --get commit.template
> git show -s --format=%an <%ae> [%ai] ca6571d271bbd93e0f8bf995462d485973c71681
> git show -s --format=%H%n%aN%n%aE%n%at%n%ct%n%P%n%B -z ca6571d271bbd93e0f8bf995462d485973c71681
> git show -s --format=%an <%ae> [%ai] 646e441d5b2a3cd91484ab405645ca19d8046c90
> git show -s --format=%H%n%aN%n%aE%n%at%n%ct%n%P%n%B -z 646e441d5b2a3cd91484ab405645ca19d8046c90
> git show -s --format=%an <%ae> [%ai] 380c9b71801669d46fdce67ee1390d8e69524fb0
> git show -s --format=%H%n%aN%n%aE%n%at%n%ct%n%P%n%B -z 380c9b71801669d46fdce67ee1390d8e69524fb0
> git show -s --format=%an <%ae> [%ai] 47a3087edbae126d458074bb6284fd20ea9500aa
> git show -s --format=%H%n%aN%n%aE%n%at%n%ct%n%P%n%B -z 47a3087edbae126d458074bb6284fd20ea9500aa
> git show -s --format=%an <%ae> [%ai] 8625062c8a4109a3c77be27a5ad720539ee11ec5
> git show -s --format=%H%n%aN%n%aE%n%at%n%ct%n%P%n%B -z 8625062c8a4109a3c77be27a5ad720539ee11ec5
> git show -s --format=%an <%ae> [%ai] ca6960c69ae94c76a65c8003715ecc6cb5f831be
> git show -s --format=%H%n%aN%n%aE%n%at%n%ct%n%P%n%B -z ca6960c69ae94c76a65c8003715ecc6cb5f831be
> git show -s --format=%an <%ae> [%ai] 209fcc7fa9ab807e91b03689b88f226406923c10
> git show -s --format=%H%n%aN%n%aE%n%at%n%ct%n%P%n%B -z 209fcc7fa9ab807e91b03689b88f226406923c10
> git show -s --format=%an <%ae> [%ai] fc5a9ba8d7c911d08fdce7d00147cef97919eda6
> git show -s --format=%H%n%aN%n%aE%n%at%n%ct%n%P%n%B -z fc5a9ba8d7c911d08fdce7d00147cef97919eda6
> git show -s --format=%an <%ae> [%ai] cd52d37b2cbb0e6e5c8521fbc884d72f60a3352c
> git show -s --format=%H%n%aN%n%aE%n%at%n%ct%n%P%n%B -z cd52d37b2cbb0e6e5c8521fbc884d72f60a3352c
> git show -s --format=%an <%ae> [%ai] a29523841f0e233264f910d4b25e40a3008aac1f
> git show -s --format=%H%n%aN%n%aE%n%at%n%ct%n%P%n%B -z a29523841f0e233264f910d4b25e40a3008aac1f
> git show -s --format=%an <%ae> [%ai] 3fe4e8e25d807fc79aac07a4bc3a70f14a11e552
> git show -s --format=%H%n%aN%n%aE%n%at%n%ct%n%P%n%B -z 3fe4e8e25d807fc79aac07a4bc3a70f14a11e552
> git show -s --format=%an <%ae> [%ai] be3c9f6e41705d55d94d0c5d388de37e458476cc
> git show -s --format=%H%n%aN%n%aE%n%at%n%ct%n%P%n%B -z be3c9f6e41705d55d94d0c5d388de37e458476cc
> git show -s --format=%an <%ae> [%ai] 3fc7c244fe720ef44e565f16a124be9ca87ab0b1
> git show -s --format=%H%n%aN%n%aE%n%at%n%ct%n%P%n%B -z 3fc7c244fe720ef44e565f16a124be9ca87ab0b1
> git show -s --format=%an <%ae> [%ai] 9f563ba124cf54a9eccbb4ddf678a9ef895c32e2
> git show -s --format=%H%n%aN%n%aE%n%at%n%ct%n%P%n%B -z 9f563ba124cf54a9eccbb4ddf678a9ef895c32e2
> git show -s --format=%an <%ae> [%ai] f00a1deac9ac95f57fb269be056cfeeda484e8d7
> git show -s --format=%H%n%aN%n%aE%n%at%n%ct%n%P%n%B -z f00a1deac9ac95f57fb269be056cfeeda484e8d7
> git show -s --format=%an <%ae> [%ai] 56cacc442642a05d3ada05024164ec18d87d2da5
> git show -s --format=%H%n%aN%n%aE%n%at%n%ct%n%P%n%B -z 56cacc442642a05d3ada05024164ec18d87d2da5
> git show -s --format=%an <%ae> [%ai] f3f4f6dfa1ceeb30353378ac8982c08b1800f1aa
> git show -s --format=%H%n%aN%n%aE%n%at%n%ct%n%P%n%B -z f3f4f6dfa1ceeb30353378ac8982c08b1800f1aa
> git show -s --format=%an <%ae> [%ai] f053689fedfd6d0c049183ae4801ba76ee924231
> git show -s --format=%H%n%aN%n%aE%n%at%n%ct%n%P%n%B -z f053689fedfd6d0c049183ae4801ba76ee924231
> git show -s --format=%an <%ae> [%ai] 89c8d65c411dfe7c6280b7d53279048374aeb6dc
> git show -s --format=%H%n%aN%n%aE%n%at%n%ct%n%P%n%B -z 89c8d65c411dfe7c6280b7d53279048374aeb6dc
> git show -s --format=%an <%ae> [%ai] 40c75b5cdcb11f26d071832e88228ab67a1d4ec0
> git show -s --format=%H%n%aN%n%aE%n%at%n%ct%n%P%n%B -z 40c75b5cdcb11f26d071832e88228ab67a1d4ec0
> git show -s --format=%an <%ae> [%ai] 51652d44e66d049c85f34b0a3fb4813e353d357f
> git show -s --format=%H%n%aN%n%aE%n%at%n%ct%n%P%n%B -z 51652d44e66d049c85f34b0a3fb4813e353d357f
> git show -s --format=%an <%ae> [%ai] 43430d949abd0a63c6db42e382e13c683138ecd9
> git show -s --format=%H%n%aN%n%aE%n%at%n%ct%n%P%n%B -z 43430d949abd0a63c6db42e382e13c683138ecd9
> git show -s --format=%an <%ae> [%ai] 0d2ea7a6da855ee9c6ce7fbcee9f123e91eff20f
> git show -s --format=%H%n%aN%n%aE%n%at%n%ct%n%P%n%B -z 0d2ea7a6da855ee9c6ce7fbcee9f123e91eff20f
> git show -s --format=%an <%ae> [%ai] 6065153e02136891fe2af5da2abf19243d06fc49
> git show -s --format=%H%n%aN%n%aE%n%at%n%ct%n%P%n%B -z 6065153e02136891fe2af5da2abf19243d06fc49
> git show -s --format=%an <%ae> [%ai] 6088d80b974f360fa2b3a1c074f5fea8331edd1f
> git ls-files --stage -- /home/jeffrey/Work/smartrr/package.json
> git cat-file -s 8e7713836a646e51adca6c26a3ada3690e331343
> git show --textconv :package.json
> git status -z -u
> git symbolic-ref --short HEAD
> git for-each-ref --format=%(refname)%00%(upstream:short)%00%(objectname)%00%(upstream:track) refs/heads/tooling/upgrade-app-bridge refs/remotes/tooling/upgrade-app-bridge
> git for-each-ref --sort -committerdate --format %(refname) %(objectname) %(*objectname)
> git remote --verbose
> git config --get commit.template
> git ls-files --stage -- /home/jeffrey/Work/smartrr/package.json
> git cat-file -s 8e7713836a646e51adca6c26a3ada3690e331343
> git show --textconv :package.json
> git ls-files --stage -- /home/jeffrey/Work/smartrr/package.json
> git cat-file -s 8e7713836a646e51adca6c26a3ada3690e331343
> git show --textconv :package.json
> git status -z -u
> git symbolic-ref --short HEAD
> git for-each-ref --format=%(refname)%00%(upstream:short)%00%(objectname)%00%(upstream:track) refs/heads/master refs/remotes/master
> git for-each-ref --sort -committerdate --format %(refname) %(objectname) %(*objectname)
> git remote --verbose
> git config --get commit.template
> git ls-files --stage -- /home/jeffrey/Work/smartrr/package.json
> git cat-file -s 8e7713836a646e51adca6c26a3ada3690e331343
> git show --textconv :package.json
> git status -z -u
> git symbolic-ref --short HEAD
> git for-each-ref --format=%(refname)%00%(upstream:short)%00%(objectname)%00%(upstream:track) refs/heads/master refs/remotes/master
> git for-each-ref --sort -committerdate --format %(refname) %(objectname) %(*objectname)
> git remote --verbose
> git config --get commit.template
> git status -z -u
> git symbolic-ref --short HEAD
> git for-each-ref --format=%(refname)%00%(upstream:short)%00%(objectname)%00%(upstream:track) refs/heads/initialOrderSubscriptionCreateWebhook refs/remotes/initialOrderSubscriptionCreateWebhook
> git ls-files --stage -- /home/jeffrey/Work/smartrr/package.json
> git for-each-ref --sort -committerdate --format %(refname) %(objectname) %(*objectname)
> git remote --verbose
> git cat-file -s 8e7713836a646e51adca6c26a3ada3690e331343
> git config --get commit.template
> git show --textconv :package.json
> git check-ignore -v -z --stdin
> git show --textconv :shared/entities/Schedule/RRuleManager.ts
> git ls-files --stage -- /home/jeffrey/Work/smartrr/shared/entities/Schedule/RRuleManager.ts
> git cat-file -s 9255643b949239b523ab249facfc8661f6e209c7
> git status -z -u
> git symbolic-ref --short HEAD
> git for-each-ref --format=%(refname)%00%(upstream:short)%00%(objectname)%00%(upstream:track) refs/heads/initialOrderSubscriptionCreateWebhook refs/remotes/initialOrderSubscriptionCreateWebhook
> git for-each-ref --sort -committerdate --format %(refname) %(objectname) %(*objectname)
> git remote --verbose
> git config --get commit.template
> git check-ignore -v -z --stdin
> git check-ignore -v -z --stdin
> git check-ignore -v -z --stdin
> git show --textconv :backend/src/applicationEventListeners/onSubscriptionCreate.ts
> git ls-files --stage -- /home/jeffrey/Work/smartrr/backend/src/applicationEventListeners/onSubscriptionCreate.ts
> git cat-file -s aa809267e71ef82c51e97c90e66fcccca400ea38
> git status -z -u
> git symbolic-ref --short HEAD
> git for-each-ref --format=%(refname)%00%(upstream:short)%00%(objectname)%00%(upstream:track) refs/heads/initialOrderSubscriptionCreateWebhook refs/remotes/initialOrderSubscriptionCreateWebhook
> git for-each-ref --sort -committerdate --format %(refname) %(objectname) %(*objectname)
> git remote --verbose
> git config --get commit.template
> git show --textconv :backend/src/integrations/klaviyo/index.ts
> git ls-files --stage -- /home/jeffrey/Work/smartrr/backend/src/integrations/klaviyo/index.ts
> git cat-file -s 8492e65f07730c3ed3255485657f6eb16d923ee4
> git check-ignore -v -z --stdin
> git show --textconv :backend/src/applicationEventListeners/onSubscriptionCreate.ts
> git ls-files --stage -- /home/jeffrey/Work/smartrr/backend/src/applicationEventListeners/onSubscriptionCreate.ts
> git cat-file -s aa809267e71ef82c51e97c90e66fcccca400ea38
> git fetch
ssh_askpass: exec(/usr/lib/ssh/ssh-askpass): No such file or directory
git@gitlab.com: Permission denied (publickey,keyboard-interactive).
fatal: Could not read from remote repository.

Please make sure you have the correct access rights
and the repository exists.
> git ls-files --stage -- /home/jeffrey/Work/smartrr/backend/src/applicationEventListeners/onSubscriptionCreate.ts
> git cat-file -s aa809267e71ef82c51e97c90e66fcccca400ea38
> git show --textconv :backend/src/applicationEventListeners/onSubscriptionCreate.ts
> git status -z -u
> git symbolic-ref --short HEAD
> git for-each-ref --format=%(refname)%00%(upstream:short)%00%(objectname)%00%(upstream:track) refs/heads/initialOrderSubscriptionCreateWebhook refs/remotes/initialOrderSubscriptionCreateWebhook
> git for-each-ref --sort -committerdate --format %(refname) %(objectname) %(*objectname)
> git remote --verbose
> git config --get commit.template
> git check-ignore -v -z --stdin
> git show --textconv :backend/src/integrations/integrationEventBroadcast.ts
> git ls-files --stage -- /home/jeffrey/Work/smartrr/backend/src/integrations/integrationEventBroadcast.ts
> git cat-file -s a934e963fc8b48dcc01a8fd0773016b3fbe67718
> git status -z -u
> git symbolic-ref --short HEAD
> git for-each-ref --format=%(refname)%00%(upstream:short)%00%(objectname)%00%(upstream:track) refs/heads/initialOrderSubscriptionCreateWebhook refs/remotes/initialOrderSubscriptionCreateWebhook
> git for-each-ref --sort -committerdate --format %(refname) %(objectname) %(*objectname)
> git remote --verbose
> git config --get commit.template
> git show --textconv :backend/src/integrations/events.ts
> git ls-files --stage -- /home/jeffrey/Work/smartrr/backend/src/integrations/events.ts
> git cat-file -s 7c7f33d80d0058c759feb74e2f4777c7bf958249
> git show --textconv :backend/src/applicationEventListeners/onSubscriptionCreate.ts
> git ls-files --stage -- /home/jeffrey/Work/smartrr/backend/src/applicationEventListeners/onSubscriptionCreate.ts
> git cat-file -s aa809267e71ef82c51e97c90e66fcccca400ea38
> git show --textconv :backend/src/integrations/integrationEventBroadcast.ts
> git ls-files --stage -- /home/jeffrey/Work/smartrr/backend/src/integrations/integrationEventBroadcast.ts
> git cat-file -s a934e963fc8b48dcc01a8fd0773016b3fbe67718
> git status -z -u
> git show --textconv :backend/src/integrations/events.ts
> git ls-files --stage -- /home/jeffrey/Work/smartrr/backend/src/integrations/events.ts
> git symbolic-ref --short HEAD
> git for-each-ref --format=%(refname)%00%(upstream:short)%00%(objectname)%00%(upstream:track) refs/heads/initialOrderSubscriptionCreateWebhook refs/remotes/initialOrderSubscriptionCreateWebhook
> git cat-file -s 7c7f33d80d0058c759feb74e2f4777c7bf958249
> git for-each-ref --sort -committerdate --format %(refname) %(objectname) %(*objectname)
> git remote --verbose
> git config --get commit.template
> git fetch
ssh_askpass: exec(/usr/lib/ssh/ssh-askpass): No such file or directory
git@gitlab.com: Permission denied (publickey,keyboard-interactive).
fatal: Could not read from remote repository.

Please make sure you have the correct access rights
and the repository exists.
> git show --textconv :backend/src/integrations/klaviyo/index.ts
> git ls-files --stage -- /home/jeffrey/Work/smartrr/backend/src/integrations/klaviyo/index.ts
> git cat-file -s 8492e65f07730c3ed3255485657f6eb16d923ee4
> git status -z -u
> git symbolic-ref --short HEAD
> git for-each-ref --format=%(refname)%00%(upstream:short)%00%(objectname)%00%(upstream:track) refs/heads/initialOrderSubscriptionCreateWebhook refs/remotes/initialOrderSubscriptionCreateWebhook
> git for-each-ref --sort -committerdate --format %(refname) %(objectname) %(*objectname)
> git remote --verbose
> git config --get commit.template
> git check-ignore -v -z --stdin
> git show --textconv :backend/src/integrations/webhook/index.ts
> git ls-files --stage -- /home/jeffrey/Work/smartrr/backend/src/integrations/webhook/index.ts
> git cat-file -s fd9620660ef58c61477a039ec3e80e3b5434b9da
> git show --textconv :backend/src/integrations/integrationEventBroadcast.ts
> git ls-files --stage -- /home/jeffrey/Work/smartrr/backend/src/integrations/integrationEventBroadcast.ts
> git cat-file -s a934e963fc8b48dcc01a8fd0773016b3fbe67718
> git show --textconv :backend/src/applicationEventListeners/onSubscriptionCreate.ts
> git ls-files --stage -- /home/jeffrey/Work/smartrr/backend/src/applicationEventListeners/onSubscriptionCreate.ts
> git cat-file -s aa809267e71ef82c51e97c90e66fcccca400ea38
> git status -z -u
> git symbolic-ref --short HEAD
> git for-each-ref --format=%(refname)%00%(upstream:short)%00%(objectname)%00%(upstream:track) refs/heads/initialOrderSubscriptionCreateWebhook refs/remotes/initialOrderSubscriptionCreateWebhook
> git for-each-ref --sort -committerdate --format %(refname) %(objectname) %(*objectname)
> git remote --verbose
> git config --get commit.template
> git status -z -u
> git symbolic-ref --short HEAD
> git for-each-ref --format=%(refname)%00%(upstream:short)%00%(objectname)%00%(upstream:track) refs/heads/initialOrderSubscriptionCreateWebhook refs/remotes/initialOrderSubscriptionCreateWebhook
> git for-each-ref --sort -committerdate --format %(refname) %(objectname) %(*objectname)
> git remote --verbose
> git config --get commit.template
> git status -z -u
> git symbolic-ref --short HEAD
> git for-each-ref --format=%(refname)%00%(upstream:short)%00%(objectname)%00%(upstream:track) refs/heads/initialOrderSubscriptionCreateWebhook refs/remotes/initialOrderSubscriptionCreateWebhook
> git for-each-ref --sort -committerdate --format %(refname) %(objectname) %(*objectname)
> git remote --verbose
> git config --get commit.template
> git status -z -u
> git symbolic-ref --short HEAD
> git for-each-ref --format=%(refname)%00%(upstream:short)%00%(objectname)%00%(upstream:track) refs/heads/initialOrderSubscriptionCreateWebhook refs/remotes/initialOrderSubscriptionCreateWebhook
> git ls-files --stage -- /home/jeffrey/Work/smartrr/backend/src/applicationEventListeners/onSubscriptionCreate.ts
> git for-each-ref --sort -committerdate --format %(refname) %(objectname) %(*objectname)
> git remote --verbose
> git cat-file -s 74ad4fe3cf1b1a2da5807cb64b8647187166a2fd
> git config --get commit.template
> git show --textconv :backend/src/applicationEventListeners/onSubscriptionCreate.ts
> git status -z -u
> git symbolic-ref --short HEAD
> git for-each-ref --format=%(refname)%00%(upstream:short)%00%(objectname)%00%(upstream:track) refs/heads/initialOrderSubscriptionCreateWebhook refs/remotes/initialOrderSubscriptionCreateWebhook
> git for-each-ref --sort -committerdate --format %(refname) %(objectname) %(*objectname)
> git remote --verbose
> git config --get commit.template
> git ls-files --stage -- /home/jeffrey/Work/smartrr/backend/src/applicationEventListeners/onSubscriptionCreate.ts
> git cat-file -s 74ad4fe3cf1b1a2da5807cb64b8647187166a2fd
> git show --textconv :backend/src/applicationEventListeners/onSubscriptionCreate.ts
> git ls-files --stage -- /home/jeffrey/Work/smartrr/backend/src/applicationEventListeners/onSubscriptionCreate.ts
> git cat-file -s 74ad4fe3cf1b1a2da5807cb64b8647187166a2fd
> git show --textconv :backend/src/applicationEventListeners/onSubscriptionCreate.ts
> git status -z -u
> git symbolic-ref --short HEAD
> git for-each-ref --format=%(refname)%00%(upstream:short)%00%(objectname)%00%(upstream:track) refs/heads/initialOrderSubscriptionCreateWebhook refs/remotes/initialOrderSubscriptionCreateWebhook
> git for-each-ref --sort -committerdate --format %(refname) %(objectname) %(*objectname)
> git remote --verbose
> git config --get commit.template
> git ls-files --stage -- /home/jeffrey/Work/smartrr/backend/src/applicationEventListeners/onSubscriptionCreate.ts
> git cat-file -s 4d006e3169317a17e1f1b90502a4df095f45a56b
> git show --textconv :backend/src/applicationEventListeners/onSubscriptionCreate.ts
> git fetch
ssh_askpass: exec(/usr/lib/ssh/ssh-askpass): No such file or directory
git@gitlab.com: Permission denied (publickey,keyboard-interactive).
fatal: Could not read from remote repository.

Please make sure you have the correct access rights
and the repository exists.
> git ls-files --stage -- /home/jeffrey/Work/smartrr/backend/src/applicationEventListeners/onSubscriptionCreate.ts
> git cat-file -s 4d006e3169317a17e1f1b90502a4df095f45a56b
> git show --textconv :backend/src/applicationEventListeners/onSubscriptionCreate.ts
> git status -z -u
> git symbolic-ref --short HEAD
> git for-each-ref --format=%(refname)%00%(upstream:short)%00%(objectname)%00%(upstream:track) refs/heads/initialOrderSubscriptionCreateWebhook refs/remotes/initialOrderSubscriptionCreateWebhook
> git for-each-ref --sort -committerdate --format %(refname) %(objectname) %(*objectname)
> git remote --verbose
> git config --get commit.template
> git ls-files --stage -- /home/jeffrey/Work/smartrr/backend/src/applicationEventListeners/onSubscriptionCreate.ts
> git cat-file -s 4d006e3169317a17e1f1b90502a4df095f45a56b
> git show --textconv :backend/src/applicationEventListeners/onSubscriptionCreate.ts
> git status -z -u
> git symbolic-ref --short HEAD
> git for-each-ref --format=%(refname)%00%(upstream:short)%00%(objectname)%00%(upstream:track) refs/heads/initialOrderSubscriptionCreateWebhook refs/remotes/initialOrderSubscriptionCreateWebhook
> git for-each-ref --sort -committerdate --format %(refname) %(objectname) %(*objectname)
> git remote --verbose
> git config --get commit.template
> git ls-files --stage -- /home/jeffrey/Work/smartrr/backend/src/applicationEventListeners/onSubscriptionCreate.ts
> git cat-file -s aa809267e71ef82c51e97c90e66fcccca400ea38
> git show --textconv :backend/src/applicationEventListeners/onSubscriptionCreate.ts
> git status -z -u
> git symbolic-ref --short HEAD
fatal: ref HEAD is not a symbolic ref
> git rev-parse HEAD
> git for-each-ref --sort -committerdate --format %(refname) %(objectname) %(*objectname)
> git remote --verbose
> git config --get commit.template
> git status -z -u
> git ls-files --stage -- /home/jeffrey/Work/smartrr/backend/src/applicationEventListeners/onSubscriptionCreate.ts
> git symbolic-ref --short HEAD
> git cat-file -s 4d006e3169317a17e1f1b90502a4df095f45a56b
fatal: ref HEAD is not a symbolic ref
> git rev-parse HEAD
> git for-each-ref --sort -committerdate --format %(refname) %(objectname) %(*objectname)
> git remote --verbose
> git show --textconv :backend/src/applicationEventListeners/onSubscriptionCreate.ts
> git config --get commit.template
> git show --textconv :backend/src/integrations/webhook/index.ts
> git ls-files --stage -- /home/jeffrey/Work/smartrr/backend/src/integrations/webhook/index.ts
> git cat-file -s fd9620660ef58c61477a039ec3e80e3b5434b9da
> git status -z -u
> git symbolic-ref --short HEAD
fatal: ref HEAD is not a symbolic ref
> git rev-parse HEAD
> git for-each-ref --sort -committerdate --format %(refname) %(objectname) %(*objectname)
> git remote --verbose
> git config --get commit.template
> git show --textconv :backend/src/runWebhooks.ts
> git ls-files --stage -- /home/jeffrey/Work/smartrr/backend/src/runWebhooks.ts
> git cat-file -s 542b2f9cc585547ba4066f0aedf03103da6ca69b
> git check-ignore -v -z --stdin
> git show --textconv :backend/src/integrations/index.ts
> git ls-files --stage -- /home/jeffrey/Work/smartrr/backend/src/integrations/index.ts
> git cat-file -s 9b0c753c65787242433870357a636885191fdf6a
> git status -z -u
> git symbolic-ref --short HEAD
fatal: ref HEAD is not a symbolic ref
> git rev-parse HEAD
> git for-each-ref --sort -committerdate --format %(refname) %(objectname) %(*objectname)
> git remote --verbose
> git config --get commit.template
> git show --textconv :backend/src/applicationEventListeners/onSubscriptionCreate.ts
> git ls-files --stage -- /home/jeffrey/Work/smartrr/backend/src/applicationEventListeners/onSubscriptionCreate.ts
> git cat-file -s 4d006e3169317a17e1f1b90502a4df095f45a56b
> git status -z -u
> git symbolic-ref --short HEAD
fatal: ref HEAD is not a symbolic ref
> git rev-parse HEAD
> git for-each-ref --sort -committerdate --format %(refname) %(objectname) %(*objectname)
> git remote --verbose
> git config --get commit.template
> git fetch
ssh_askpass: exec(/usr/lib/ssh/ssh-askpass): No such file or directory
git@gitlab.com: Permission denied (publickey,keyboard-interactive).
fatal: Could not read from remote repository.

Please make sure you have the correct access rights
and the repository exists.
> git ls-files --stage -- /home/jeffrey/Work/smartrr/backend/src/applicationEventListeners/onSubscriptionCreate.ts
> git cat-file -s 4d006e3169317a17e1f1b90502a4df095f45a56b
> git show --textconv :backend/src/applicationEventListeners/onSubscriptionCreate.ts
> git status -z -u
> git symbolic-ref --short HEAD
fatal: ref HEAD is not a symbolic ref
> git rev-parse HEAD
> git for-each-ref --sort -committerdate --format %(refname) %(objectname) %(*objectname)
> git remote --verbose
> git config --get commit.template
> git fetch
ssh_askpass: exec(/usr/lib/ssh/ssh-askpass): No such file or directory
git@gitlab.com: Permission denied (publickey,keyboard-interactive).
fatal: Could not read from remote repository.

Please make sure you have the correct access rights
and the repository exists.
> git ls-files --stage -- /home/jeffrey/Work/smartrr/backend/src/applicationEventListeners/onSubscriptionCreate.ts
> git cat-file -s 4d006e3169317a17e1f1b90502a4df095f45a56b
> git show --textconv :backend/src/applicationEventListeners/onSubscriptionCreate.ts
> git status -z -u
> git symbolic-ref --short HEAD
fatal: ref HEAD is not a symbolic ref
> git rev-parse HEAD
> git for-each-ref --sort -committerdate --format %(refname) %(objectname) %(*objectname)
> git remote --verbose
> git config --get commit.template
> git fetch
ssh_askpass: exec(/usr/lib/ssh/ssh-askpass): No such file or directory
git@gitlab.com: Permission denied (publickey,keyboard-interactive).
fatal: Could not read from remote repository.

Please make sure you have the correct access rights
and the repository exists.
> git ls-files --stage -- /home/jeffrey/Work/smartrr/backend/src/applicationEventListeners/onSubscriptionCreate.ts
> git cat-file -s 4d006e3169317a17e1f1b90502a4df095f45a56b
> git show --textconv :backend/src/applicationEventListeners/onSubscriptionCreate.ts
> git status -z -u
> git symbolic-ref --short HEAD
fatal: ref HEAD is not a symbolic ref
> git rev-parse HEAD
> git for-each-ref --sort -committerdate --format %(refname) %(objectname) %(*objectname)
> git remote --verbose
> git config --get commit.template
> git fetch
ssh_askpass: exec(/usr/lib/ssh/ssh-askpass): No such file or directory
git@gitlab.com: Permission denied (publickey,keyboard-interactive).
fatal: Could not read from remote repository.

Please make sure you have the correct access rights
and the repository exists.
> git ls-files --stage -- /home/jeffrey/Work/smartrr/backend/src/applicationEventListeners/onSubscriptionCreate.ts
> git cat-file -s 4d006e3169317a17e1f1b90502a4df095f45a56b
> git show --textconv :backend/src/applicationEventListeners/onSubscriptionCreate.ts
> git status -z -u
> git symbolic-ref --short HEAD
fatal: ref HEAD is not a symbolic ref
> git rev-parse HEAD
> git for-each-ref --sort -committerdate --format %(refname) %(objectname) %(*objectname)
> git remote --verbose
> git config --get commit.template
> git fetch
ssh_askpass: exec(/usr/lib/ssh/ssh-askpass): No such file or directory
git@gitlab.com: Permission denied (publickey,keyboard-interactive).
fatal: Could not read from remote repository.

Please make sure you have the correct access rights
and the repository exists.
> git ls-files --stage -- /home/jeffrey/Work/smartrr/backend/src/applicationEventListeners/onSubscriptionCreate.ts
> git cat-file -s 4d006e3169317a17e1f1b90502a4df095f45a56b
> git show --textconv :backend/src/applicationEventListeners/onSubscriptionCreate.ts
> git status -z -u
> git symbolic-ref --short HEAD
fatal: ref HEAD is not a symbolic ref
> git rev-parse HEAD
> git for-each-ref --sort -committerdate --format %(refname) %(objectname) %(*objectname)
> git remote --verbose
> git config --get commit.template
> git fetch
ssh_askpass: exec(/usr/lib/ssh/ssh-askpass): No such file or directory
git@gitlab.com: Permission denied (publickey,keyboard-interactive).
fatal: Could not read from remote repository.

Please make sure you have the correct access rights
and the repository exists.
> git ls-files --stage -- /home/jeffrey/Work/smartrr/backend/src/applicationEventListeners/onSubscriptionCreate.ts
> git cat-file -s 4d006e3169317a17e1f1b90502a4df095f45a56b
> git show --textconv :backend/src/applicationEventListeners/onSubscriptionCreate.ts
> git status -z -u
> git symbolic-ref --short HEAD
fatal: ref HEAD is not a symbolic ref
> git rev-parse HEAD
> git for-each-ref --sort -committerdate --format %(refname) %(objectname) %(*objectname)
> git remote --verbose
> git config --get commit.template
> git fetch
ssh_askpass: exec(/usr/lib/ssh/ssh-askpass): No such file or directory
git@gitlab.com: Permission denied (publickey,keyboard-interactive).
fatal: Could not read from remote repository.

Please make sure you have the correct access rights
and the repository exists.
> git ls-files --stage -- /home/jeffrey/Work/smartrr/backend/src/applicationEventListeners/onSubscriptionCreate.ts
> git cat-file -s 4d006e3169317a17e1f1b90502a4df095f45a56b
> git show --textconv :backend/src/applicationEventListeners/onSubscriptionCreate.ts
> git status -z -u
> git symbolic-ref --short HEAD
fatal: ref HEAD is not a symbolic ref
> git rev-parse HEAD
> git for-each-ref --sort -committerdate --format %(refname) %(objectname) %(*objectname)
> git remote --verbose
> git config --get commit.template
> git fetch
ssh_askpass: exec(/usr/lib/ssh/ssh-askpass): No such file or directory
git@gitlab.com: Permission denied (publickey,keyboard-interactive).
fatal: Could not read from remote repository.

Please make sure you have the correct access rights
and the repository exists.
> git ls-files --stage -- /home/jeffrey/Work/smartrr/backend/src/applicationEventListeners/onSubscriptionCreate.ts
> git cat-file -s 4d006e3169317a17e1f1b90502a4df095f45a56b
> git show --textconv :backend/src/applicationEventListeners/onSubscriptionCreate.ts
> git status -z -u
> git symbolic-ref --short HEAD
fatal: ref HEAD is not a symbolic ref
> git rev-parse HEAD
> git for-each-ref --sort -committerdate --format %(refname) %(objectname) %(*objectname)
> git remote --verbose
> git config --get commit.template
> git show --textconv :backend/src/integrations/integrationEventBroadcast.ts
> git ls-files --stage -- /home/jeffrey/Work/smartrr/backend/src/integrations/integrationEventBroadcast.ts
> git cat-file -s a934e963fc8b48dcc01a8fd0773016b3fbe67718
> git show --textconv :backend/src/integrations/index.ts
> git ls-files --stage -- /home/jeffrey/Work/smartrr/backend/src/integrations/index.ts
> git cat-file -s 9b0c753c65787242433870357a636885191fdf6a
> git show --textconv :backend/src/integrations/integrationEventBroadcast.ts
> git ls-files --stage -- /home/jeffrey/Work/smartrr/backend/src/integrations/integrationEventBroadcast.ts
> git cat-file -s a934e963fc8b48dcc01a8fd0773016b3fbe67718
> git show --textconv :backend/src/integrations/webhook/index.ts
> git ls-files --stage -- /home/jeffrey/Work/smartrr/backend/src/integrations/webhook/index.ts
> git cat-file -s fd9620660ef58c61477a039ec3e80e3b5434b9da
> git show --textconv :backend/src/integrations/events.ts
> git ls-files --stage -- /home/jeffrey/Work/smartrr/backend/src/integrations/events.ts
> git cat-file -s 7c7f33d80d0058c759feb74e2f4777c7bf958249
> git show --textconv :backend/src/integrations/webhook/index.ts
> git ls-files --stage -- /home/jeffrey/Work/smartrr/backend/src/integrations/webhook/index.ts
> git cat-file -s fd9620660ef58c61477a039ec3e80e3b5434b9da
> git show --textconv :backend/src/integrations/integrationEventBroadcast.ts
> git ls-files --stage -- /home/jeffrey/Work/smartrr/backend/src/integrations/integrationEventBroadcast.ts
> git cat-file -s a934e963fc8b48dcc01a8fd0773016b3fbe67718
> git show --textconv :backend/src/applicationEventListeners/onSubscriptionCreate.ts
> git ls-files --stage -- /home/jeffrey/Work/smartrr/backend/src/applicationEventListeners/onSubscriptionCreate.ts
> git cat-file -s 4d006e3169317a17e1f1b90502a4df095f45a56b
> git fetch
ssh_askpass: exec(/usr/lib/ssh/ssh-askpass): No such file or directory
git@gitlab.com: Permission denied (publickey,keyboard-interactive).
fatal: Could not read from remote repository.

Please make sure you have the correct access rights
and the repository exists.
> git ls-files --stage -- /home/jeffrey/Work/smartrr/backend/src/applicationEventListeners/onSubscriptionCreate.ts
> git cat-file -s 4d006e3169317a17e1f1b90502a4df095f45a56b
> git show --textconv :backend/src/applicationEventListeners/onSubscriptionCreate.ts
> git status -z -u
> git symbolic-ref --short HEAD
fatal: ref HEAD is not a symbolic ref
> git rev-parse HEAD
> git for-each-ref --sort -committerdate --format %(refname) %(objectname) %(*objectname)
> git remote --verbose
> git config --get commit.template
> git status -z -u
> git symbolic-ref --short HEAD
fatal: ref HEAD is not a symbolic ref
> git rev-parse HEAD
> git for-each-ref --sort -committerdate --format %(refname) %(objectname) %(*objectname)
> git remote --verbose
> git config --get commit.template
> git show --textconv :backend/src/applicationEventListeners/utils/createApplicationEventListener.ts
> git ls-files --stage -- /home/jeffrey/Work/smartrr/backend/src/applicationEventListeners/utils/createApplicationEventListener.ts
> git cat-file -s 037840ff39388276c5672f1fb278c1323f0d3476
> git check-ignore -v -z --stdin
> git status -z -u
> git symbolic-ref --short HEAD
fatal: ref HEAD is not a symbolic ref
> git rev-parse HEAD
> git for-each-ref --sort -committerdate --format %(refname) %(objectname) %(*objectname)
> git remote --verbose
> git config --get commit.template
> git show --textconv :backend/src/applicationEventListeners/onSubscriptionCreate.ts
> git ls-files --stage -- /home/jeffrey/Work/smartrr/backend/src/applicationEventListeners/onSubscriptionCreate.ts
> git cat-file -s 4d006e3169317a17e1f1b90502a4df095f45a56b
> git show --textconv :backend/src/applicationEventListeners/onSuccessfulPayment.ts
> git ls-files --stage -- /home/jeffrey/Work/smartrr/backend/src/applicationEventListeners/onSuccessfulPayment.ts
> git cat-file -s c650426749d7fc309e681415c8d5ea9256a39369
> git status -z -u
> git symbolic-ref --short HEAD
fatal: ref HEAD is not a symbolic ref
> git rev-parse HEAD
> git for-each-ref --sort -committerdate --format %(refname) %(objectname) %(*objectname)
> git remote --verbose
> git config --get commit.template
> git show --textconv :backend/src/applicationEventListeners/onSubscriptionCreate.ts
> git ls-files --stage -- /home/jeffrey/Work/smartrr/backend/src/applicationEventListeners/onSubscriptionCreate.ts
> git cat-file -s 4d006e3169317a17e1f1b90502a4df095f45a56b
> git status -z -u
> git symbolic-ref --short HEAD
fatal: ref HEAD is not a symbolic ref
> git rev-parse HEAD
> git for-each-ref --sort -committerdate --format %(refname) %(objectname) %(*objectname)
> git remote --verbose
> git config --get commit.template
> git status -z -u
> git symbolic-ref --short HEAD
fatal: ref HEAD is not a symbolic ref
> git rev-parse HEAD
> git for-each-ref --sort -committerdate --format %(refname) %(objectname) %(*objectname)
> git remote --verbose
> git config --get commit.template
> git fetch
ssh_askpass: exec(/usr/lib/ssh/ssh-askpass): No such file or directory
git@gitlab.com: Permission denied (publickey,keyboard-interactive).
fatal: Could not read from remote repository.

Please make sure you have the correct access rights
and the repository exists.
> git ls-files --stage -- /home/jeffrey/Work/smartrr/backend/src/applicationEventListeners/onSubscriptionCreate.ts
> git cat-file -s 4d006e3169317a17e1f1b90502a4df095f45a56b
> git show --textconv :backend/src/applicationEventListeners/onSubscriptionCreate.ts
> git status -z -u
> git symbolic-ref --short HEAD
fatal: ref HEAD is not a symbolic ref
> git rev-parse HEAD
> git for-each-ref --sort -committerdate --format %(refname) %(objectname) %(*objectname)
> git remote --verbose
> git config --get commit.template
> git show --textconv :backend/src/applicationEventListeners/onSuccessfulPayment.ts
> git ls-files --stage -- /home/jeffrey/Work/smartrr/backend/src/applicationEventListeners/onSuccessfulPayment.ts
> git cat-file -s c650426749d7fc309e681415c8d5ea9256a39369
> git show --textconv :backend/src/applicationEventListeners/onSubscriptionCreate.ts
> git ls-files --stage -- /home/jeffrey/Work/smartrr/backend/src/applicationEventListeners/onSubscriptionCreate.ts
> git cat-file -s 4d006e3169317a17e1f1b90502a4df095f45a56b
> git show --textconv :backend/src/applicationEventListeners/utils/createApplicationEventListener.ts
> git ls-files --stage -- /home/jeffrey/Work/smartrr/backend/src/applicationEventListeners/utils/createApplicationEventListener.ts
> git cat-file -s 037840ff39388276c5672f1fb278c1323f0d3476
> git show --textconv :backend/src/applicationEventListeners/onSubscriptionCreate.ts
> git ls-files --stage -- /home/jeffrey/Work/smartrr/backend/src/applicationEventListeners/onSubscriptionCreate.ts
> git cat-file -s 4d006e3169317a17e1f1b90502a4df095f45a56b
> git show --textconv :backend/src/integrations/webhook/index.ts
> git ls-files --stage -- /home/jeffrey/Work/smartrr/backend/src/integrations/webhook/index.ts
> git cat-file -s fd9620660ef58c61477a039ec3e80e3b5434b9da
> git show --textconv :backend/src/integrations/index.ts
> git ls-files --stage -- /home/jeffrey/Work/smartrr/backend/src/integrations/index.ts
> git cat-file -s 9b0c753c65787242433870357a636885191fdf6a
> git show --textconv :backend/src/applicationEventListeners/onSubscriptionCreate.ts
> git ls-files --stage -- /home/jeffrey/Work/smartrr/backend/src/applicationEventListeners/onSubscriptionCreate.ts
> git cat-file -s 4d006e3169317a17e1f1b90502a4df095f45a56b
> git fetch
ssh_askpass: exec(/usr/lib/ssh/ssh-askpass): No such file or directory
git@gitlab.com: Permission denied (publickey,keyboard-interactive).
fatal: Could not read from remote repository.

Please make sure you have the correct access rights
and the repository exists.
> git ls-files --stage -- /home/jeffrey/Work/smartrr/backend/src/applicationEventListeners/onSubscriptionCreate.ts
> git cat-file -s 4d006e3169317a17e1f1b90502a4df095f45a56b
> git show --textconv :backend/src/applicationEventListeners/onSubscriptionCreate.ts
> git status -z -u
> git symbolic-ref --short HEAD
fatal: ref HEAD is not a symbolic ref
> git rev-parse HEAD
> git for-each-ref --sort -committerdate --format %(refname) %(objectname) %(*objectname)
> git remote --verbose
> git config --get commit.template
> git show --textconv :backend/src/integrations/index.ts
> git ls-files --stage -- /home/jeffrey/Work/smartrr/backend/src/integrations/index.ts
> git cat-file -s 9b0c753c65787242433870357a636885191fdf6a
> git show --textconv :backend/src/runWebhooks.ts
> git ls-files --stage -- /home/jeffrey/Work/smartrr/backend/src/runWebhooks.ts
> git cat-file -s 542b2f9cc585547ba4066f0aedf03103da6ca69b
> git status -z -u
> git symbolic-ref --short HEAD
fatal: ref HEAD is not a symbolic ref
> git rev-parse HEAD
> git for-each-ref --sort -committerdate --format %(refname) %(objectname) %(*objectname)
> git remote --verbose
> git config --get commit.template
> git status -z -u
> git symbolic-ref --short HEAD
fatal: ref HEAD is not a symbolic ref
> git rev-parse HEAD
> git for-each-ref --sort -committerdate --format %(refname) %(objectname) %(*objectname)
> git remote --verbose
> git config --get commit.template
> git status -z -u
> git symbolic-ref --short HEAD
fatal: ref HEAD is not a symbolic ref
> git rev-parse HEAD
> git for-each-ref --sort -committerdate --format %(refname) %(objectname) %(*objectname)
> git remote --verbose
> git config --get commit.template
> git ls-files --stage -- /home/jeffrey/Work/smartrr/backend/src/runWebhooks.ts
> git cat-file -s 542b2f9cc585547ba4066f0aedf03103da6ca69b
> git show --textconv :backend/src/runWebhooks.ts
> git status -z -u
> git symbolic-ref --short HEAD
fatal: ref HEAD is not a symbolic ref
> git rev-parse HEAD
> git for-each-ref --sort -committerdate --format %(refname) %(objectname) %(*objectname)
> git remote --verbose
> git config --get commit.template
> git status -z -u
> git ls-files --stage -- /home/jeffrey/Work/smartrr/backend/src/runWebhooks.ts
> git symbolic-ref --short HEAD
> git cat-file -s 542b2f9cc585547ba4066f0aedf03103da6ca69b
fatal: ref HEAD is not a symbolic ref
> git rev-parse HEAD
> git for-each-ref --sort -committerdate --format %(refname) %(objectname) %(*objectname)
> git remote --verbose
> git show --textconv :backend/src/runWebhooks.ts
> git config --get commit.template
> git fetch
ssh_askpass: exec(/usr/lib/ssh/ssh-askpass): No such file or directory
git@gitlab.com: Permission denied (publickey,keyboard-interactive).
fatal: Could not read from remote repository.

Please make sure you have the correct access rights
and the repository exists.
> git ls-files --stage -- /home/jeffrey/Work/smartrr/backend/src/runWebhooks.ts
> git cat-file -s 542b2f9cc585547ba4066f0aedf03103da6ca69b
> git show --textconv :backend/src/runWebhooks.ts
> git status -z -u
> git symbolic-ref --short HEAD
fatal: ref HEAD is not a symbolic ref
> git rev-parse HEAD
> git for-each-ref --sort -committerdate --format %(refname) %(objectname) %(*objectname)
> git remote --verbose
> git config --get commit.template
> git ls-files --stage -- /home/jeffrey/Work/smartrr/backend/src/runWebhooks.ts
> git show --textconv :backend/src/runWebhooks.ts
> git status -z -u
> git symbolic-ref --short HEAD
> git for-each-ref --format=%(refname)%00%(upstream:short)%00%(objectname)%00%(upstream:track) refs/heads/initialOrderSubscriptionCreateWebhook refs/remotes/initialOrderSubscriptionCreateWebhook
> git for-each-ref --sort -committerdate --format %(refname) %(objectname) %(*objectname)
> git remote --verbose
> git config --get commit.template
> git ls-files --stage -- /home/jeffrey/Work/smartrr/backend/src/runWebhooks.ts
> git show --textconv :backend/src/runWebhooks.ts
> git status -z -u
> git symbolic-ref --short HEAD
> git for-each-ref --format=%(refname)%00%(upstream:short)%00%(objectname)%00%(upstream:track) refs/heads/initialOrderSubscriptionCreateWebhook refs/remotes/initialOrderSubscriptionCreateWebhook
> git for-each-ref --sort -committerdate --format %(refname) %(objectname) %(*objectname)
> git remote --verbose
> git config --get commit.template
> git show --textconv :backend/src/integrations/index.ts
> git ls-files --stage -- /home/jeffrey/Work/smartrr/backend/src/integrations/index.ts
> git cat-file -s 904976eae6ff926eeba2d3daa1348dc700c5a12f
> git show --textconv :backend/src/applicationEventListeners/onSubscriptionCreate.ts
> git ls-files --stage -- /home/jeffrey/Work/smartrr/backend/src/applicationEventListeners/onSubscriptionCreate.ts
> git cat-file -s 4d006e3169317a17e1f1b90502a4df095f45a56b
> git status -z -u
> git symbolic-ref --short HEAD
> git for-each-ref --format=%(refname)%00%(upstream:short)%00%(objectname)%00%(upstream:track) refs/heads/initialOrderSubscriptionCreateWebhook refs/remotes/initialOrderSubscriptionCreateWebhook
> git for-each-ref --sort -committerdate --format %(refname) %(objectname) %(*objectname)
> git remote --verbose
> git config --get commit.template
> git fetch
ssh_askpass: exec(/usr/lib/ssh/ssh-askpass): No such file or directory
git@gitlab.com: Permission denied (publickey,keyboard-interactive).
fatal: Could not read from remote repository.

Please make sure you have the correct access rights
and the repository exists.
> git ls-files --stage -- /home/jeffrey/Work/smartrr/backend/src/applicationEventListeners/onSubscriptionCreate.ts
> git cat-file -s 4d006e3169317a17e1f1b90502a4df095f45a56b
> git show --textconv :backend/src/applicationEventListeners/onSubscriptionCreate.ts
> git status -z -u
> git symbolic-ref --short HEAD
> git for-each-ref --format=%(refname)%00%(upstream:short)%00%(objectname)%00%(upstream:track) refs/heads/initialOrderSubscriptionCreateWebhook refs/remotes/initialOrderSubscriptionCreateWebhook
> git for-each-ref --sort -committerdate --format %(refname) %(objectname) %(*objectname)
> git remote --verbose
> git config --get commit.template
> git show --textconv :backend/src/integrations/index.ts
> git ls-files --stage -- /home/jeffrey/Work/smartrr/backend/src/integrations/index.ts
> git cat-file -s 904976eae6ff926eeba2d3daa1348dc700c5a12f
> git show --textconv :backend/src/applicationEventListeners/onSubscriptionCreate.ts
> git ls-files --stage -- /home/jeffrey/Work/smartrr/backend/src/applicationEventListeners/onSubscriptionCreate.ts
> git cat-file -s 4d006e3169317a17e1f1b90502a4df095f45a56b
> git status -z -u
> git symbolic-ref --short HEAD
> git for-each-ref --format=%(refname)%00%(upstream:short)%00%(objectname)%00%(upstream:track) refs/heads/initialOrderSubscriptionCreateWebhook refs/remotes/initialOrderSubscriptionCreateWebhook
> git for-each-ref --sort -committerdate --format %(refname) %(objectname) %(*objectname)
> git remote --verbose
> git ls-files --stage -- /home/jeffrey/Work/smartrr/backend/src/applicationEventListeners/onSubscriptionCreate.ts
> git cat-file -s 4d006e3169317a17e1f1b90502a4df095f45a56b
> git config --get commit.template
> git show --textconv :backend/src/applicationEventListeners/onSubscriptionCreate.ts
> git ls-files --stage -- /home/jeffrey/Work/smartrr/backend/src/applicationEventListeners/onSubscriptionCreate.ts
> git cat-file -s aa809267e71ef82c51e97c90e66fcccca400ea38
> git show --textconv :backend/src/applicationEventListeners/onSubscriptionCreate.ts
> git ls-files --stage -- /home/jeffrey/Work/smartrr/backend/src/applicationEventListeners/onSubscriptionCreate.ts
> git status -z -u
> git cat-file -s aa809267e71ef82c51e97c90e66fcccca400ea38
> git symbolic-ref --short HEAD
> git for-each-ref --format=%(refname)%00%(upstream:short)%00%(objectname)%00%(upstream:track) refs/heads/master refs/remotes/master
> git show --textconv :backend/src/applicationEventListeners/onSubscriptionCreate.ts
> git for-each-ref --sort -committerdate --format %(refname) %(objectname) %(*objectname)
> git remote --verbose
> git config --get commit.template
> git ls-files --stage -- /home/jeffrey/Work/smartrr/backend/src/applicationEventListeners/onSubscriptionCreate.ts
> git cat-file -s 4d006e3169317a17e1f1b90502a4df095f45a56b
> git show --textconv :backend/src/applicationEventListeners/onSubscriptionCreate.ts
> git status -z -u
> git symbolic-ref --short HEAD
> git for-each-ref --format=%(refname)%00%(upstream:short)%00%(objectname)%00%(upstream:track) refs/heads/master refs/remotes/master
> git for-each-ref --sort -committerdate --format %(refname) %(objectname) %(*objectname)
> git remote --verbose
> git config --get commit.template
> git status -z -u
> git symbolic-ref --short HEAD
> git for-each-ref --format=%(refname)%00%(upstream:short)%00%(objectname)%00%(upstream:track) refs/heads/modifyOrderIdOnSubscriptionCreate refs/remotes/modifyOrderIdOnSubscriptionCreate
> git for-each-ref --sort -committerdate --format %(refname) %(objectname) %(*objectname)
> git remote --verbose
> git config --get commit.template
> git ls-files --stage -- /home/jeffrey/Work/smartrr/backend/src/applicationEventListeners/onSubscriptionCreate.ts
> git cat-file -s 4d006e3169317a17e1f1b90502a4df095f45a56b
> git show --textconv :backend/src/applicationEventListeners/onSubscriptionCreate.ts
> git status -z -u
> git symbolic-ref --short HEAD
> git for-each-ref --format=%(refname)%00%(upstream:short)%00%(objectname)%00%(upstream:track) refs/heads/modifyOrderIdOnSubscriptionCreate refs/remotes/modifyOrderIdOnSubscriptionCreate
> git for-each-ref --sort -committerdate --format %(refname) %(objectname) %(*objectname)
> git remote --verbose
> git config --get commit.template
> git show --textconv :backend/src/integrations/webhook/index.ts
> git ls-files --stage -- /home/jeffrey/Work/smartrr/backend/src/integrations/webhook/index.ts
> git cat-file -s fd9620660ef58c61477a039ec3e80e3b5434b9da
> git fetch
ssh_askpass: exec(/usr/lib/ssh/ssh-askpass): No such file or directory
git@gitlab.com: Permission denied (publickey,keyboard-interactive).
fatal: Could not read from remote repository.

Please make sure you have the correct access rights
and the repository exists.
> git ls-files --stage -- /home/jeffrey/Work/smartrr/backend/src/integrations/webhook/index.ts
> git cat-file -s fd9620660ef58c61477a039ec3e80e3b5434b9da
> git show --textconv :backend/src/integrations/webhook/index.ts
> git status -z -u
> git symbolic-ref --short HEAD
> git for-each-ref --format=%(refname)%00%(upstream:short)%00%(objectname)%00%(upstream:track) refs/heads/modifyOrderIdOnSubscriptionCreate refs/remotes/modifyOrderIdOnSubscriptionCreate
> git for-each-ref --sort -committerdate --format %(refname) %(objectname) %(*objectname)
> git remote --verbose
> git config --get commit.template
> git status -z -u
> git symbolic-ref --short HEAD
> git for-each-ref --format=%(refname)%00%(upstream:short)%00%(objectname)%00%(upstream:track) refs/heads/modifyOrderIdOnSubscriptionCreate refs/remotes/modifyOrderIdOnSubscriptionCreate
> git for-each-ref --sort -committerdate --format %(refname) %(objectname) %(*objectname)
> git remote --verbose
> git config --get commit.template
> git status -z -u
> git symbolic-ref --short HEAD
> git for-each-ref --format=%(refname)%00%(upstream:short)%00%(objectname)%00%(upstream:track) refs/heads/modifyOrderIdOnSubscriptionCreate refs/remotes/modifyOrderIdOnSubscriptionCreate
> git for-each-ref --sort -committerdate --format %(refname) %(objectname) %(*objectname)
> git remote --verbose
> git config --get commit.template
> git status -z -u
> git symbolic-ref --short HEAD
> git for-each-ref --format=%(refname)%00%(upstream:short)%00%(objectname)%00%(upstream:track) refs/heads/modifyOrderIdOnSubscriptionCreate refs/remotes/modifyOrderIdOnSubscriptionCreate
> git for-each-ref --sort -committerdate --format %(refname) %(objectname) %(*objectname)
> git remote --verbose
> git config --get commit.template
> git status -z -u
> git symbolic-ref --short HEAD
> git for-each-ref --format=%(refname)%00%(upstream:short)%00%(objectname)%00%(upstream:track) refs/heads/modifyOrderIdOnSubscriptionCreate refs/remotes/modifyOrderIdOnSubscriptionCreate
> git for-each-ref --sort -committerdate --format %(refname) %(objectname) %(*objectname)
> git remote --verbose
> git config --get commit.template
> git status -z -u
> git symbolic-ref --short HEAD
> git for-each-ref --format=%(refname)%00%(upstream:short)%00%(objectname)%00%(upstream:track) refs/heads/modifyOrderIdOnSubscriptionCreate refs/remotes/modifyOrderIdOnSubscriptionCreate
> git for-each-ref --sort -committerdate --format %(refname) %(objectname) %(*objectname)
> git remote --verbose
> git config --get commit.template
> git ls-files --stage -- /home/jeffrey/Work/smartrr/backend/src/integrations/webhook/index.ts
> git cat-file -s fd9620660ef58c61477a039ec3e80e3b5434b9da
> git show --textconv :backend/src/integrations/webhook/index.ts
> git fetch
> git status -z -u
> git symbolic-ref --short HEAD
> git ls-files --stage -- /home/jeffrey/Work/smartrr/backend/src/integrations/webhook/index.ts
> git for-each-ref --format=%(refname)%00%(upstream:short)%00%(objectname)%00%(upstream:track) refs/heads/modifyOrderIdOnSubscriptionCreate refs/remotes/modifyOrderIdOnSubscriptionCreate
> git cat-file -s 5868a80f9c5298ad8c3805c4048c5feb6c2e78d3
> git for-each-ref --sort -committerdate --format %(refname) %(objectname) %(*objectname)
> git remote --verbose
> git show --textconv :backend/src/integrations/webhook/index.ts
> git config --get commit.template
ssh_askpass: exec(/usr/lib/ssh/ssh-askpass): No such file or directory
git@gitlab.com: Permission denied (publickey,keyboard-interactive).
fatal: Could not read from remote repository.

Please make sure you have the correct access rights
and the repository exists.
> git ls-files --stage -- /home/jeffrey/Work/smartrr/backend/src/integrations/webhook/index.ts
> git cat-file -s 5868a80f9c5298ad8c3805c4048c5feb6c2e78d3
> git show --textconv :backend/src/integrations/webhook/index.ts
> git status -z -u
> git symbolic-ref --short HEAD
> git for-each-ref --format=%(refname)%00%(upstream:short)%00%(objectname)%00%(upstream:track) refs/heads/modifyOrderIdOnSubscriptionCreate refs/remotes/modifyOrderIdOnSubscriptionCreate
> git for-each-ref --sort -committerdate --format %(refname) %(objectname) %(*objectname)
> git remote --verbose
> git config --get commit.template
> git show --textconv :backend/src/applicationEventListeners/onSubscriptionCreate.ts
> git ls-files --stage -- /home/jeffrey/Work/smartrr/backend/src/applicationEventListeners/onSubscriptionCreate.ts
> git cat-file -s 4d006e3169317a17e1f1b90502a4df095f45a56b
> git fetch
ssh_askpass: exec(/usr/lib/ssh/ssh-askpass): No such file or directory
git@gitlab.com: Permission denied (publickey,keyboard-interactive).
fatal: Could not read from remote repository.

Please make sure you have the correct access rights
and the repository exists.
> git ls-files --stage -- /home/jeffrey/Work/smartrr/backend/src/applicationEventListeners/onSubscriptionCreate.ts
> git cat-file -s 4d006e3169317a17e1f1b90502a4df095f45a56b
> git show --textconv :backend/src/applicationEventListeners/onSubscriptionCreate.ts
> git status -z -u
> git symbolic-ref --short HEAD
> git for-each-ref --format=%(refname)%00%(upstream:short)%00%(objectname)%00%(upstream:track) refs/heads/modifyOrderIdOnSubscriptionCreate refs/remotes/modifyOrderIdOnSubscriptionCreate
> git for-each-ref --sort -committerdate --format %(refname) %(objectname) %(*objectname)
> git remote --verbose
> git config --get commit.template
> git status -z -u
> git symbolic-ref --short HEAD
> git for-each-ref --format=%(refname)%00%(upstream:short)%00%(objectname)%00%(upstream:track) refs/heads/modifyOrderIdOnSubscriptionCreate refs/remotes/modifyOrderIdOnSubscriptionCreate
> git for-each-ref --sort -committerdate --format %(refname) %(objectname) %(*objectname)
> git remote --verbose
> git config --get commit.template
> git fetch
ssh_askpass: exec(/usr/lib/ssh/ssh-askpass): No such file or directory
git@gitlab.com: Permission denied (publickey,keyboard-interactive).
fatal: Could not read from remote repository.

Please make sure you have the correct access rights
and the repository exists.
> git ls-files --stage -- /home/jeffrey/Work/smartrr/backend/src/applicationEventListeners/onSubscriptionCreate.ts
> git cat-file -s 4d006e3169317a17e1f1b90502a4df095f45a56b
> git show --textconv :backend/src/applicationEventListeners/onSubscriptionCreate.ts
> git status -z -u
> git symbolic-ref --short HEAD
> git for-each-ref --format=%(refname)%00%(upstream:short)%00%(objectname)%00%(upstream:track) refs/heads/modifyOrderIdOnSubscriptionCreate refs/remotes/modifyOrderIdOnSubscriptionCreate
> git for-each-ref --sort -committerdate --format %(refname) %(objectname) %(*objectname)
> git remote --verbose
> git config --get commit.template
> git status -z -u
> git symbolic-ref --short HEAD
> git for-each-ref --format=%(refname)%00%(upstream:short)%00%(objectname)%00%(upstream:track) refs/heads/modifyOrderIdOnSubscriptionCreate refs/remotes/modifyOrderIdOnSubscriptionCreate
> git for-each-ref --sort -committerdate --format %(refname) %(objectname) %(*objectname)
> git remote --verbose
> git config --get commit.template
> git ls-files --stage -- /home/jeffrey/Work/smartrr/backend/src/applicationEventListeners/onSubscriptionCreate.ts
> git cat-file -s 4d006e3169317a17e1f1b90502a4df095f45a56b
> git show --textconv :backend/src/applicationEventListeners/onSubscriptionCreate.ts
> git status -z -u
> git symbolic-ref --short HEAD
> git for-each-ref --format=%(refname)%00%(upstream:short)%00%(objectname)%00%(upstream:track) refs/heads/modifyOrderIdOnSubscriptionCreate refs/remotes/modifyOrderIdOnSubscriptionCreate
> git for-each-ref --sort -committerdate --format %(refname) %(objectname) %(*objectname)
> git remote --verbose
> git config --get commit.template
> git status -z -u
> git symbolic-ref --short HEAD
> git for-each-ref --format=%(refname)%00%(upstream:short)%00%(objectname)%00%(upstream:track) refs/heads/modifyOrderIdOnSubscriptionCreate refs/remotes/modifyOrderIdOnSubscriptionCreate
> git for-each-ref --sort -committerdate --format %(refname) %(objectname) %(*objectname)
> git remote --verbose
> git config --get commit.template
> git ls-files --stage -- /home/jeffrey/Work/smartrr/backend/src/applicationEventListeners/onSubscriptionCreate.ts
> git cat-file -s 4d006e3169317a17e1f1b90502a4df095f45a56b
> git show --textconv :backend/src/applicationEventListeners/onSubscriptionCreate.ts
> git ls-files --stage -- /home/jeffrey/Work/smartrr/backend/src/applicationEventListeners/onSubscriptionCreate.ts
> git cat-file -s 4d006e3169317a17e1f1b90502a4df095f45a56b
> git show --textconv :backend/src/applicationEventListeners/onSubscriptionCreate.ts
> git status -z -u
> git symbolic-ref --short HEAD
> git for-each-ref --format=%(refname)%00%(upstream:short)%00%(objectname)%00%(upstream:track) refs/heads/modifyOrderIdOnSubscriptionCreate refs/remotes/modifyOrderIdOnSubscriptionCreate
> git for-each-ref --sort -committerdate --format %(refname) %(objectname) %(*objectname)
> git remote --verbose
> git config --get commit.template
> git status -z -u
> git symbolic-ref --short HEAD
> git for-each-ref --format=%(refname)%00%(upstream:short)%00%(objectname)%00%(upstream:track) refs/heads/modifyOrderIdOnSubscriptionCreate refs/remotes/modifyOrderIdOnSubscriptionCreate
> git for-each-ref --sort -committerdate --format %(refname) %(objectname) %(*objectname)
> git remote --verbose
> git config --get commit.template
> git fetch
ssh_askpass: exec(/usr/lib/ssh/ssh-askpass): No such file or directory
git@gitlab.com: Permission denied (publickey,keyboard-interactive).
fatal: Could not read from remote repository.

Please make sure you have the correct access rights
and the repository exists.
> git ls-files --stage -- /home/jeffrey/Work/smartrr/backend/src/applicationEventListeners/onSubscriptionCreate.ts
> git cat-file -s 4d006e3169317a17e1f1b90502a4df095f45a56b
> git show --textconv :backend/src/applicationEventListeners/onSubscriptionCreate.ts
> git status -z -u
> git symbolic-ref --short HEAD
> git for-each-ref --format=%(refname)%00%(upstream:short)%00%(objectname)%00%(upstream:track) refs/heads/modifyOrderIdOnSubscriptionCreate refs/remotes/modifyOrderIdOnSubscriptionCreate
> git for-each-ref --sort -committerdate --format %(refname) %(objectname) %(*objectname)
> git remote --verbose
> git config --get commit.template
> git show --textconv :yarn.lock
> git ls-files --stage -- /home/jeffrey/Work/smartrr/yarn.lock
> git status -z -u
> git symbolic-ref --short HEAD
> git for-each-ref --format=%(refname)%00%(upstream:short)%00%(objectname)%00%(upstream:track) refs/heads/modifyOrderIdOnSubscriptionCreate refs/remotes/modifyOrderIdOnSubscriptionCreate
> git for-each-ref --sort -committerdate --format %(refname) %(objectname) %(*objectname)
> git remote --verbose
> git config --get commit.template
> git ls-files --stage -- /home/jeffrey/Work/smartrr/yarn.lock
> git cat-file -s bee70ca86181eb21b70b4ab26d4adc4f08738c59
> git show --textconv :yarn.lock
> git status -z -u
> git symbolic-ref --short HEAD
> git for-each-ref --format=%(refname)%00%(upstream:short)%00%(objectname)%00%(upstream:track) refs/heads/modifyOrderIdOnSubscriptionCreate refs/remotes/modifyOrderIdOnSubscriptionCreate
> git for-each-ref --sort -committerdate --format %(refname) %(objectname) %(*objectname)
> git remote --verbose
> git config --get commit.template
> git status -z -u
> git symbolic-ref --short HEAD
> git for-each-ref --format=%(refname)%00%(upstream:short)%00%(objectname)%00%(upstream:track) refs/heads/modifyOrderIdOnSubscriptionCreate refs/remotes/modifyOrderIdOnSubscriptionCreate
> git for-each-ref --sort -committerdate --format %(refname) %(objectname) %(*objectname)
> git remote --verbose
> git config --get commit.template
> git status -z -u
> git symbolic-ref --short HEAD
> git for-each-ref --format=%(refname)%00%(upstream:short)%00%(objectname)%00%(upstream:track) refs/heads/modifyOrderIdOnSubscriptionCreate refs/remotes/modifyOrderIdOnSubscriptionCreate
> git for-each-ref --sort -committerdate --format %(refname) %(objectname) %(*objectname)
> git remote --verbose
> git config --get commit.template
> git fetch
ssh_askpass: exec(/usr/lib/ssh/ssh-askpass): No such file or directory
git@gitlab.com: Permission denied (publickey,keyboard-interactive).
fatal: Could not read from remote repository.

Please make sure you have the correct access rights
and the repository exists.
> git ls-files --stage -- /home/jeffrey/Work/smartrr/yarn.lock
> git cat-file -s bee70ca86181eb21b70b4ab26d4adc4f08738c59
> git show --textconv :yarn.lock
> git status -z -u
> git symbolic-ref --short HEAD
> git for-each-ref --format=%(refname)%00%(upstream:short)%00%(objectname)%00%(upstream:track) refs/heads/modifyOrderIdOnSubscriptionCreate refs/remotes/modifyOrderIdOnSubscriptionCreate
> git for-each-ref --sort -committerdate --format %(refname) %(objectname) %(*objectname)
> git remote --verbose
> git config --get commit.template
> git ls-files --stage -- /home/jeffrey/Work/smartrr/yarn.lock
> git cat-file -s bee70ca86181eb21b70b4ab26d4adc4f08738c59
> git show --textconv :yarn.lock
> git status -z -u
> git symbolic-ref --short HEAD
> git for-each-ref --format=%(refname)%00%(upstream:short)%00%(objectname)%00%(upstream:track) refs/heads/modifyOrderIdOnSubscriptionCreate refs/remotes/modifyOrderIdOnSubscriptionCreate
> git for-each-ref --sort -committerdate --format %(refname) %(objectname) %(*objectname)
> git remote --verbose
> git config --get commit.template
> git status -z -u
> git symbolic-ref --short HEAD
> git for-each-ref --format=%(refname)%00%(upstream:short)%00%(objectname)%00%(upstream:track) refs/heads/modifyOrderIdOnSubscriptionCreate refs/remotes/modifyOrderIdOnSubscriptionCreate
> git for-each-ref --sort -committerdate --format %(refname) %(objectname) %(*objectname)
> git remote --verbose
> git config --get commit.template
> git status -z -u
> git symbolic-ref --short HEAD
> git for-each-ref --format=%(refname)%00%(upstream:short)%00%(objectname)%00%(upstream:track) refs/heads/modifyOrderIdOnSubscriptionCreate refs/remotes/modifyOrderIdOnSubscriptionCreate
> git for-each-ref --sort -committerdate --format %(refname) %(objectname) %(*objectname)
> git remote --verbose
> git ls-files --stage -- /home/jeffrey/Work/smartrr/yarn.lock
> git config --get commit.template
> git cat-file -s bee70ca86181eb21b70b4ab26d4adc4f08738c59
> git show --textconv :yarn.lock
> git status -z -u
> git symbolic-ref --short HEAD
> git for-each-ref --format=%(refname)%00%(upstream:short)%00%(objectname)%00%(upstream:track) refs/heads/modifyOrderIdOnSubscriptionCreate refs/remotes/modifyOrderIdOnSubscriptionCreate
> git for-each-ref --sort -committerdate --format %(refname) %(objectname) %(*objectname)
> git remote --verbose
> git config --get commit.template
> git ls-files --stage -- /home/jeffrey/Work/smartrr/yarn.lock
> git cat-file -s bee70ca86181eb21b70b4ab26d4adc4f08738c59
> git show --textconv :yarn.lock
> git status -z -u
> git symbolic-ref --short HEAD
> git for-each-ref --format=%(refname)%00%(upstream:short)%00%(objectname)%00%(upstream:track) refs/heads/modifyOrderIdOnSubscriptionCreate refs/remotes/modifyOrderIdOnSubscriptionCreate
> git for-each-ref --sort -committerdate --format %(refname) %(objectname) %(*objectname)
> git remote --verbose
> git config --get commit.template
> git fetch
> git status -z -u
> git ls-files --stage -- /home/jeffrey/Work/smartrr/yarn.lock
> git symbolic-ref --short HEAD
> git cat-file -s bee70ca86181eb21b70b4ab26d4adc4f08738c59
> git for-each-ref --format=%(refname)%00%(upstream:short)%00%(objectname)%00%(upstream:track) refs/heads/modifyOrderIdOnSubscriptionCreate refs/remotes/modifyOrderIdOnSubscriptionCreate
> git for-each-ref --sort -committerdate --format %(refname) %(objectname) %(*objectname)
> git remote --verbose
> git show --textconv :yarn.lock
> git config --get commit.template
ssh_askpass: exec(/usr/lib/ssh/ssh-askpass): No such file or directory
git@gitlab.com: Permission denied (publickey,keyboard-interactive).
fatal: Could not read from remote repository.

Please make sure you have the correct access rights
and the repository exists.
> git ls-files --stage -- /home/jeffrey/Work/smartrr/yarn.lock
> git cat-file -s bee70ca86181eb21b70b4ab26d4adc4f08738c59
> git show --textconv :yarn.lock
> git status -z -u
> git symbolic-ref --short HEAD
> git for-each-ref --format=%(refname)%00%(upstream:short)%00%(objectname)%00%(upstream:track) refs/heads/modifyOrderIdOnSubscriptionCreate refs/remotes/modifyOrderIdOnSubscriptionCreate
> git for-each-ref --sort -committerdate --format %(refname) %(objectname) %(*objectname)
> git remote --verbose
> git config --get commit.template
> git status -z -u
> git symbolic-ref --short HEAD
> git for-each-ref --format=%(refname)%00%(upstream:short)%00%(objectname)%00%(upstream:track) refs/heads/modifyOrderIdOnSubscriptionCreate refs/remotes/modifyOrderIdOnSubscriptionCreate
> git for-each-ref --sort -committerdate --format %(refname) %(objectname) %(*objectname)
> git remote --verbose
> git config --get commit.template
> git ls-files --stage -- /home/jeffrey/Work/smartrr/yarn.lock
> git cat-file -s bee70ca86181eb21b70b4ab26d4adc4f08738c59
> git show --textconv :yarn.lock
> git status -z -u
> git symbolic-ref --short HEAD
> git for-each-ref --format=%(refname)%00%(upstream:short)%00%(objectname)%00%(upstream:track) refs/heads/modifyOrderIdOnSubscriptionCreate refs/remotes/modifyOrderIdOnSubscriptionCreate
> git for-each-ref --sort -committerdate --format %(refname) %(objectname) %(*objectname)
> git remote --verbose
> git config --get commit.template
> git status -z -u
> git symbolic-ref --short HEAD
> git for-each-ref --format=%(refname)%00%(upstream:short)%00%(objectname)%00%(upstream:track) refs/heads/modifyOrderIdOnSubscriptionCreate refs/remotes/modifyOrderIdOnSubscriptionCreate
> git for-each-ref --sort -committerdate --format %(refname) %(objectname) %(*objectname)
> git remote --verbose
> git ls-files --stage -- /home/jeffrey/Work/smartrr/yarn.lock
> git config --get commit.template
> git cat-file -s bee70ca86181eb21b70b4ab26d4adc4f08738c59
> git show --textconv :yarn.lock
> git fetch
ssh_askpass: exec(/usr/lib/ssh/ssh-askpass): No such file or directory
git@gitlab.com: Permission denied (publickey,keyboard-interactive).
fatal: Could not read from remote repository.

Please make sure you have the correct access rights
and the repository exists.
> git ls-files --stage -- /home/jeffrey/Work/smartrr/yarn.lock
> git cat-file -s bee70ca86181eb21b70b4ab26d4adc4f08738c59
> git show --textconv :yarn.lock
> git status -z -u
> git symbolic-ref --short HEAD
> git for-each-ref --format=%(refname)%00%(upstream:short)%00%(objectname)%00%(upstream:track) refs/heads/modifyOrderIdOnSubscriptionCreate refs/remotes/modifyOrderIdOnSubscriptionCreate
> git for-each-ref --sort -committerdate --format %(refname) %(objectname) %(*objectname)
> git remote --verbose
> git config --get commit.template
> git status -z -u
> git symbolic-ref --short HEAD
> git for-each-ref --format=%(refname)%00%(upstream:short)%00%(objectname)%00%(upstream:track) refs/heads/modifyOrderIdOnSubscriptionCreate refs/remotes/modifyOrderIdOnSubscriptionCreate
> git for-each-ref --sort -committerdate --format %(refname) %(objectname) %(*objectname)
> git remote --verbose
> git config --get commit.template
> git ls-files --stage -- /home/jeffrey/Work/smartrr/yarn.lock
> git cat-file -s bee70ca86181eb21b70b4ab26d4adc4f08738c59
> git show --textconv :yarn.lock
> git status -z -u
> git symbolic-ref --short HEAD
> git for-each-ref --format=%(refname)%00%(upstream:short)%00%(objectname)%00%(upstream:track) refs/heads/modifyOrderIdOnSubscriptionCreate refs/remotes/modifyOrderIdOnSubscriptionCreate
> git for-each-ref --sort -committerdate --format %(refname) %(objectname) %(*objectname)
> git remote --verbose
> git config --get commit.template
> git status -z -u
> git ls-files --stage -- /home/jeffrey/Work/smartrr/yarn.lock
> git symbolic-ref --short HEAD
> git cat-file -s bee70ca86181eb21b70b4ab26d4adc4f08738c59
fatal: ref HEAD is not a symbolic ref
> git rev-parse HEAD
> git for-each-ref --sort -committerdate --format %(refname) %(objectname) %(*objectname)
> git remote --verbose
> git show --textconv :yarn.lock
> git show -s --format=%H%n%aN%n%aE%n%at%n%ct%n%P%n%B -z 430c570447e0dde11bf0d8ff937c1e6461ac28b0
> git status -z -u
> git symbolic-ref --short HEAD
> git for-each-ref --format=%(refname)%00%(upstream:short)%00%(objectname)%00%(upstream:track) refs/heads/modifyOrderIdOnSubscriptionCreate refs/remotes/modifyOrderIdOnSubscriptionCreate
> git for-each-ref --sort -committerdate --format %(refname) %(objectname) %(*objectname)
> git remote --verbose
> git config --get commit.template
> git ls-files --stage -- /home/jeffrey/Work/smartrr/yarn.lock
> git cat-file -s bee70ca86181eb21b70b4ab26d4adc4f08738c59
> git show --textconv :yarn.lock
> git fetch
ssh_askpass: exec(/usr/lib/ssh/ssh-askpass): No such file or directory
git@gitlab.com: Permission denied (publickey,keyboard-interactive).
fatal: Could not read from remote repository.

Please make sure you have the correct access rights
and the repository exists.
> git ls-files --stage -- /home/jeffrey/Work/smartrr/yarn.lock
> git cat-file -s bee70ca86181eb21b70b4ab26d4adc4f08738c59
> git show --textconv :yarn.lock
> git status -z -u
> git symbolic-ref --short HEAD
> git for-each-ref --format=%(refname)%00%(upstream:short)%00%(objectname)%00%(upstream:track) refs/heads/modifyOrderIdOnSubscriptionCreate refs/remotes/modifyOrderIdOnSubscriptionCreate
> git for-each-ref --sort -committerdate --format %(refname) %(objectname) %(*objectname)
> git remote --verbose
> git config --get commit.template
> git fetch
ssh_askpass: exec(/usr/lib/ssh/ssh-askpass): No such file or directory
git@gitlab.com: Permission denied (publickey,keyboard-interactive).
fatal: Could not read from remote repository.

Please make sure you have the correct access rights
and the repository exists.
> git ls-files --stage -- /home/jeffrey/Work/smartrr/yarn.lock
> git cat-file -s bee70ca86181eb21b70b4ab26d4adc4f08738c59
> git show --textconv :yarn.lock
> git status -z -u
> git symbolic-ref --short HEAD
> git for-each-ref --format=%(refname)%00%(upstream:short)%00%(objectname)%00%(upstream:track) refs/heads/modifyOrderIdOnSubscriptionCreate refs/remotes/modifyOrderIdOnSubscriptionCreate
> git for-each-ref --sort -committerdate --format %(refname) %(objectname) %(*objectname)
> git remote --verbose
> git config --get commit.template
> git status -z -u
> git ls-files --stage -- /home/jeffrey/Work/smartrr/yarn.lock
> git symbolic-ref --short HEAD
> git cat-file -s bee70ca86181eb21b70b4ab26d4adc4f08738c59
> git for-each-ref --format=%(refname)%00%(upstream:short)%00%(objectname)%00%(upstream:track) refs/heads/master refs/remotes/master
> git for-each-ref --sort -committerdate --format %(refname) %(objectname) %(*objectname)
> git remote --verbose
> git show --textconv :yarn.lock
> git config --get commit.template
> git status -z -u
> git symbolic-ref --short HEAD
> git for-each-ref --format=%(refname)%00%(upstream:short)%00%(objectname)%00%(upstream:track) refs/heads/calculateStartDateForRRULE refs/remotes/calculateStartDateForRRULE
> git for-each-ref --sort -committerdate --format %(refname) %(objectname) %(*objectname)
> git remote --verbose
> git config --get commit.template
> git ls-files --stage -- /home/jeffrey/Work/smartrr/yarn.lock
> git cat-file -s bee70ca86181eb21b70b4ab26d4adc4f08738c59
> git show --textconv :yarn.lock
> git status -z -u
> git symbolic-ref --short HEAD
> git for-each-ref --format=%(refname)%00%(upstream:short)%00%(objectname)%00%(upstream:track) refs/heads/calculateStartDateForRRULE refs/remotes/calculateStartDateForRRULE
> git for-each-ref --sort -committerdate --format %(refname) %(objectname) %(*objectname)
> git remote --verbose
> git config --get commit.template
> git ls-files --stage -- /home/jeffrey/Work/smartrr/yarn.lock
> git cat-file -s bee70ca86181eb21b70b4ab26d4adc4f08738c59
> git show --textconv :yarn.lock
> git status -z -u
> git symbolic-ref --short HEAD
> git for-each-ref --format=%(refname)%00%(upstream:short)%00%(objectname)%00%(upstream:track) refs/heads/master refs/remotes/master
> git for-each-ref --sort -committerdate --format %(refname) %(objectname) %(*objectname)
> git remote --verbose
> git config --get commit.template
> git ls-files --stage -- /home/jeffrey/Work/smartrr/yarn.lock
> git cat-file -s bee70ca86181eb21b70b4ab26d4adc4f08738c59
> git show --textconv :yarn.lock
> git status -z -u
> git symbolic-ref --short HEAD
> git for-each-ref --format=%(refname)%00%(upstream:short)%00%(objectname)%00%(upstream:track) refs/heads/master refs/remotes/master
> git for-each-ref --sort -committerdate --format %(refname) %(objectname) %(*objectname)
> git remote --verbose
> git config --get commit.template
> git ls-files --stage -- /home/jeffrey/Work/smartrr/yarn.lock
> git cat-file -s bee70ca86181eb21b70b4ab26d4adc4f08738c59
> git show --textconv :yarn.lock
> git status -z -u
> git symbolic-ref --short HEAD
> git for-each-ref --format=%(refname)%00%(upstream:short)%00%(objectname)%00%(upstream:track) refs/heads/master refs/remotes/master
> git for-each-ref --sort -committerdate --format %(refname) %(objectname) %(*objectname)
> git remote --verbose
> git config --get commit.template
> git status -z -u
> git symbolic-ref --short HEAD
> git for-each-ref --format=%(refname)%00%(upstream:short)%00%(objectname)%00%(upstream:track) refs/heads/calculateStartDateForRRULE refs/remotes/calculateStartDateForRRULE
> git for-each-ref --sort -committerdate --format %(refname) %(objectname) %(*objectname)
> git remote --verbose
> git config --get commit.template
> git ls-files --stage -- /home/jeffrey/Work/smartrr/yarn.lock
> git cat-file -s bee70ca86181eb21b70b4ab26d4adc4f08738c59
> git show --textconv :yarn.lock
> git status -z -u
> git symbolic-ref --short HEAD
> git for-each-ref --format=%(refname)%00%(upstream:short)%00%(objectname)%00%(upstream:track) refs/heads/calculateStartDateForRRULE refs/remotes/calculateStartDateForRRULE
> git for-each-ref --sort -committerdate --format %(refname) %(objectname) %(*objectname)
> git remote --verbose
> git config --get commit.template
> git show --textconv :shared/entities/Schedule/RRuleManager.ts
> git ls-files --stage -- /home/jeffrey/Work/smartrr/shared/entities/Schedule/RRuleManager.ts
> git cat-file -s 9255643b949239b523ab249facfc8661f6e209c7
> git fetch
ssh_askpass: exec(/usr/lib/ssh/ssh-askpass): No such file or directory
git@gitlab.com: Permission denied (publickey,keyboard-interactive).
fatal: Could not read from remote repository.

Please make sure you have the correct access rights
and the repository exists.
> git ls-files --stage -- /home/jeffrey/Work/smartrr/shared/entities/Schedule/RRuleManager.ts
> git cat-file -s 9255643b949239b523ab249facfc8661f6e209c7
> git show --textconv :shared/entities/Schedule/RRuleManager.ts
> git status -z -u
> git symbolic-ref --short HEAD
> git for-each-ref --format=%(refname)%00%(upstream:short)%00%(objectname)%00%(upstream:track) refs/heads/calculateStartDateForRRULE refs/remotes/calculateStartDateForRRULE
> git for-each-ref --sort -committerdate --format %(refname) %(objectname) %(*objectname)
> git remote --verbose
> git config --get commit.template
> git show --textconv :shared/entities/Schedule/utils/getCorrectedRRule.ts
> git ls-files --stage -- /home/jeffrey/Work/smartrr/shared/entities/Schedule/utils/getCorrectedRRule.ts
> git cat-file -s 95f8351d5329f7cb8d5c3821f942d2729f39b931
> git check-ignore -v -z --stdin
> git show --textconv :shared/utils/dateUtils.ts
> git ls-files --stage -- /home/jeffrey/Work/smartrr/shared/utils/dateUtils.ts
> git cat-file -s d8f5767b818ca07b9827b99279b4c1fc76203ba7
> git show --textconv :shared/entities/Schedule/RRuleManager.ts
> git ls-files --stage -- /home/jeffrey/Work/smartrr/shared/entities/Schedule/RRuleManager.ts
> git cat-file -s 9255643b949239b523ab249facfc8661f6e209c7
> git show --textconv :shared/entities/Schedule/utils/index.ts
> git ls-files --stage -- /home/jeffrey/Work/smartrr/shared/entities/Schedule/utils/index.ts
> git cat-file -s becdc4e4d954a8865ef42cd6c16fe7a84425de75
> git show --textconv :shared/entities/Schedule/index.ts
> git ls-files --stage -- /home/jeffrey/Work/smartrr/shared/entities/Schedule/index.ts
> git cat-file -s 005fe244b3699d48d588c7b94478551b31ef0499
> git show --textconv :shared/entities/Schedule/RRuleManagerStructure.ts
> git ls-files --stage -- /home/jeffrey/Work/smartrr/shared/entities/Schedule/RRuleManagerStructure.ts
> git cat-file -s dc9da8aa836df5c7fb9a71f4e4856cdf3bbb6020
> git show --textconv :shared/entities/Schedule/RRuleManagerStructure.swagger.yaml
> git ls-files --stage -- /home/jeffrey/Work/smartrr/shared/entities/Schedule/RRuleManagerStructure.swagger.yaml
> git cat-file -s d364f0d54ebb5756588adda7d37e4c4e67c83b4a
> git show --textconv :shared/entities/Schedule/index.swagger.yaml
> git ls-files --stage -- /home/jeffrey/Work/smartrr/shared/entities/Schedule/index.swagger.yaml
> git cat-file -s d81ac89b06bd47fee7031cf018bd2fb47b515744
> git show --textconv :shared/entities/Billing.ts
> git ls-files --stage -- /home/jeffrey/Work/smartrr/shared/entities/Billing.ts
> git cat-file -s 68f260d9a946167c52f7332241d5a3626c4c0eaf
> git show --textconv :shared/entities/Schedule/RRuleManager.ts
> git ls-files --stage -- /home/jeffrey/Work/smartrr/shared/entities/Schedule/RRuleManager.ts
> git cat-file -s 9255643b949239b523ab249facfc8661f6e209c7
> git fetch
ssh_askpass: exec(/usr/lib/ssh/ssh-askpass): No such file or directory
git@gitlab.com: Permission denied (publickey,keyboard-interactive).
fatal: Could not read from remote repository.

Please make sure you have the correct access rights
and the repository exists.
> git ls-files --stage -- /home/jeffrey/Work/smartrr/shared/entities/Schedule/RRuleManager.ts
> git cat-file -s 9255643b949239b523ab249facfc8661f6e209c7
> git show --textconv :shared/entities/Schedule/RRuleManager.ts
