[2021-09-21 10:13:19.397] [exthost] [info] extension host started
[2021-09-21 10:13:19.397] [exthost] [info] Skipping acquiring lock for /home/jeffrey/.config/Code/User/workspaceStorage/baf3b7f3901bc7566305637f04c18e5b.
[2021-09-21 10:13:19.617] [exthost] [info] ExtensionService#_doActivateExtension vscode.microsoft-authentication {"startup":false,"extensionId":{"value":"vscode.microsoft-authentication","_lower":"vscode.microsoft-authentication"},"activationEvent":"onAuthenticationRequest:microsoft"}
[2021-09-21 10:13:19.617] [exthost] [info] ExtensionService#loadCommonJSModule file:///opt/visual-studio-code/resources/app/extensions/microsoft-authentication/dist/extension.js
[2021-09-21 10:13:19.663] [exthost] [info] ExtensionService#_doActivateExtension aaron-bond.better-comments {"startup":false,"extensionId":{"value":"aaron-bond.better-comments","_lower":"aaron-bond.better-comments"},"activationEvent":"onLanguage:plaintext"}
[2021-09-21 10:13:19.664] [exthost] [info] ExtensionService#loadCommonJSModule file:///home/jeffrey/.vscode/extensions/aaron-bond.better-comments-2.1.0/out/extension
[2021-09-21 10:13:19.667] [exthost] [info] ExtensionService#_doActivateExtension vscode.extension-editing {"startup":false,"extensionId":{"value":"vscode.extension-editing","_lower":"vscode.extension-editing"},"activationEvent":"onLanguage:typescript"}
[2021-09-21 10:13:19.667] [exthost] [info] ExtensionService#loadCommonJSModule file:///opt/visual-studio-code/resources/app/extensions/extension-editing/dist/extensionEditingMain
[2021-09-21 10:13:19.682] [exthost] [info] ExtensionService#_doActivateExtension vscode.typescript-language-features {"startup":false,"extensionId":{"value":"vscode.typescript-language-features","_lower":"vscode.typescript-language-features"},"activationEvent":"onLanguage:typescript"}
[2021-09-21 10:13:19.682] [exthost] [info] ExtensionService#loadCommonJSModule file:///opt/visual-studio-code/resources/app/extensions/typescript-language-features/dist/extension
[2021-09-21 10:13:19.730] [exthost] [info] ExtensionService#_doActivateExtension christian-kohler.npm-intellisense {"startup":false,"extensionId":{"value":"christian-kohler.npm-intellisense","_lower":"christian-kohler.npm-intellisense"},"activationEvent":"onLanguage:typescript"}
[2021-09-21 10:13:19.730] [exthost] [info] ExtensionService#loadCommonJSModule file:///home/jeffrey/.vscode/extensions/christian-kohler.npm-intellisense-1.4.0/out/src/extension
[2021-09-21 10:13:19.746] [exthost] [info] ExtensionService#_doActivateExtension meganrogge.template-string-converter {"startup":false,"extensionId":{"value":"meganrogge.template-string-converter","_lower":"meganrogge.template-string-converter"},"activationEvent":"onLanguage:typescript"}
[2021-09-21 10:13:19.746] [exthost] [info] ExtensionService#loadCommonJSModule file:///home/jeffrey/.vscode/extensions/meganrogge.template-string-converter-0.5.3/out/extension.js
[2021-09-21 10:13:19.748] [exthost] [info] ExtensionService#_doActivateExtension vscode.debug-auto-launch {"startup":true,"extensionId":{"value":"vscode.debug-auto-launch","_lower":"vscode.debug-auto-launch"},"activationEvent":"*"}
[2021-09-21 10:13:19.748] [exthost] [info] ExtensionService#loadCommonJSModule file:///opt/visual-studio-code/resources/app/extensions/debug-auto-launch/dist/extension
[2021-09-21 10:13:19.751] [exthost] [info] ExtensionService#_doActivateExtension vscode.git {"startup":true,"extensionId":{"value":"vscode.github","_lower":"vscode.github"},"activationEvent":"*"}
[2021-09-21 10:13:19.751] [exthost] [info] ExtensionService#loadCommonJSModule file:///opt/visual-studio-code/resources/app/extensions/git/dist/main
[2021-09-21 10:13:19.833] [exthost] [info] ExtensionService#_doActivateExtension asvetliakov.vscode-neovim {"startup":true,"extensionId":{"value":"asvetliakov.vscode-neovim","_lower":"asvetliakov.vscode-neovim"},"activationEvent":"*"}
[2021-09-21 10:13:19.833] [exthost] [info] ExtensionService#loadCommonJSModule file:///home/jeffrey/.vscode/extensions/asvetliakov.vscode-neovim-0.0.82/dist/extension.js
[2021-09-21 10:13:19.863] [exthost] [info] ExtensionService#_doActivateExtension christian-kohler.path-intellisense {"startup":true,"extensionId":{"value":"christian-kohler.path-intellisense","_lower":"christian-kohler.path-intellisense"},"activationEvent":"*"}
[2021-09-21 10:13:19.863] [exthost] [info] ExtensionService#loadCommonJSModule file:///home/jeffrey/.vscode/extensions/christian-kohler.path-intellisense-2.4.0/out/extension.js
[2021-09-21 10:13:19.875] [exthost] [info] ExtensionService#_doActivateExtension ecmel.vscode-html-css {"startup":true,"extensionId":{"value":"ecmel.vscode-html-css","_lower":"ecmel.vscode-html-css"},"activationEvent":"*"}
[2021-09-21 10:13:19.875] [exthost] [info] ExtensionService#loadCommonJSModule file:///home/jeffrey/.vscode/extensions/ecmel.vscode-html-css-1.10.2/dist/extension.js
[2021-09-21 10:13:19.905] [exthost] [info] ExtensionService#_doActivateExtension formulahendry.auto-rename-tag {"startup":true,"extensionId":{"value":"formulahendry.auto-rename-tag","_lower":"formulahendry.auto-rename-tag"},"activationEvent":"*"}
[2021-09-21 10:13:19.906] [exthost] [info] ExtensionService#loadCommonJSModule file:///home/jeffrey/.vscode/extensions/formulahendry.auto-rename-tag-0.1.8/packages/extension/dist/extensionMain.js
[2021-09-21 10:13:19.925] [exthost] [info] ExtensionService#_doActivateExtension kamikillerto.vscode-colorize {"startup":true,"extensionId":{"value":"kamikillerto.vscode-colorize","_lower":"kamikillerto.vscode-colorize"},"activationEvent":"*"}
[2021-09-21 10:13:19.925] [exthost] [info] ExtensionService#loadCommonJSModule file:///home/jeffrey/.vscode/extensions/kamikillerto.vscode-colorize-0.11.1/out/src/extension
[2021-09-21 10:13:19.944] [exthost] [info] ExtensionService#_doActivateExtension mhutchie.git-graph {"startup":true,"extensionId":{"value":"mhutchie.git-graph","_lower":"mhutchie.git-graph"},"activationEvent":"*"}
[2021-09-21 10:13:19.944] [exthost] [info] ExtensionService#loadCommonJSModule file:///home/jeffrey/.vscode/extensions/mhutchie.git-graph-1.30.0/out/extension.js
[2021-09-21 10:13:19.964] [exthost] [info] ExtensionService#_doActivateExtension ms-vsliveshare.vsliveshare {"startup":true,"extensionId":{"value":"ms-vsliveshare.vsliveshare","_lower":"ms-vsliveshare.vsliveshare"},"activationEvent":"*"}
[2021-09-21 10:13:19.964] [exthost] [info] ExtensionService#loadCommonJSModule file:///home/jeffrey/.vscode/extensions/ms-vsliveshare.vsliveshare-1.0.4836/out/prod/extension-prod
[2021-09-21 10:13:20.962] [exthost] [info] ExtensionService#_doActivateExtension naumovs.color-highlight {"startup":true,"extensionId":{"value":"naumovs.color-highlight","_lower":"naumovs.color-highlight"},"activationEvent":"*"}
[2021-09-21 10:13:20.962] [exthost] [info] ExtensionService#loadCommonJSModule file:///home/jeffrey/.vscode/extensions/naumovs.color-highlight-2.5.0/dist/extension-node.js
[2021-09-21 10:13:20.970] [exthost] [info] ExtensionService#_doActivateExtension oderwat.indent-rainbow {"startup":true,"extensionId":{"value":"oderwat.indent-rainbow","_lower":"oderwat.indent-rainbow"},"activationEvent":"*"}
[2021-09-21 10:13:20.970] [exthost] [info] ExtensionService#loadCommonJSModule file:///home/jeffrey/.vscode/extensions/oderwat.indent-rainbow-8.0.0/out/extension
[2021-09-21 10:13:20.971] [exthost] [info] ExtensionService#_doActivateExtension PKief.material-icon-theme {"startup":true,"extensionId":{"value":"PKief.material-icon-theme","_lower":"pkief.material-icon-theme"},"activationEvent":"*"}
[2021-09-21 10:13:20.971] [exthost] [info] ExtensionService#loadCommonJSModule file:///home/jeffrey/.vscode/extensions/pkief.material-icon-theme-4.10.0/dist/extension
[2021-09-21 10:13:20.983] [exthost] [info] ExtensionService#_doActivateExtension ritwickdey.LiveServer {"startup":true,"extensionId":{"value":"ritwickdey.LiveServer","_lower":"ritwickdey.liveserver"},"activationEvent":"*"}
[2021-09-21 10:13:20.983] [exthost] [info] ExtensionService#loadCommonJSModule file:///home/jeffrey/.vscode/extensions/ritwickdey.liveserver-5.6.1/out/src/extension
[2021-09-21 10:13:21.211] [exthost] [info] ExtensionService#_doActivateExtension streetsidesoftware.code-spell-checker {"startup":true,"extensionId":{"value":"streetsidesoftware.code-spell-checker","_lower":"streetsidesoftware.code-spell-checker"},"activationEvent":"*"}
[2021-09-21 10:13:21.211] [exthost] [info] ExtensionService#loadCommonJSModule file:///home/jeffrey/.vscode/extensions/streetsidesoftware.code-spell-checker-2.0.6/packages/client/dist/extension.js
[2021-09-21 10:13:21.269] [exthost] [info] ExtensionService#_doActivateExtension zhuangtongfa.material-theme {"startup":true,"extensionId":{"value":"zhuangtongfa.material-theme","_lower":"zhuangtongfa.material-theme"},"activationEvent":"*"}
[2021-09-21 10:13:21.269] [exthost] [info] ExtensionService#loadCommonJSModule file:///home/jeffrey/.vscode/extensions/zhuangtongfa.material-theme-3.11.4/out/extension.js
[2021-09-21 10:13:21.280] [exthost] [info] ExtensionService#_doActivateExtension Zignd.html-css-class-completion {"startup":true,"extensionId":{"value":"Zignd.html-css-class-completion","_lower":"zignd.html-css-class-completion"},"activationEvent":"*"}
[2021-09-21 10:13:21.280] [exthost] [info] ExtensionService#loadCommonJSModule file:///home/jeffrey/.vscode/extensions/zignd.html-css-class-completion-1.20.0/dist/extension.js
[2021-09-21 10:13:21.318] [exthost] [info] ExtensionService#_doActivateExtension vscode.npm {"startup":true,"extensionId":{"value":"vscode.npm","_lower":"vscode.npm"},"activationEvent":"workspaceContains:package.json"}
[2021-09-21 10:13:21.318] [exthost] [info] ExtensionService#loadCommonJSModule file:///opt/visual-studio-code/resources/app/extensions/npm/dist/npmMain
[2021-09-21 10:13:23.408] [exthost] [info] ExtensionService#_doActivateExtension vscode.configuration-editing {"startup":false,"extensionId":{"value":"vscode.configuration-editing","_lower":"vscode.configuration-editing"},"activationEvent":"onLanguage:jsonc"}
[2021-09-21 10:13:23.408] [exthost] [info] ExtensionService#loadCommonJSModule file:///opt/visual-studio-code/resources/app/extensions/configuration-editing/dist/configurationEditingMain
[2021-09-21 10:13:23.411] [exthost] [info] ExtensionService#_doActivateExtension vscode.json-language-features {"startup":false,"extensionId":{"value":"vscode.json-language-features","_lower":"vscode.json-language-features"},"activationEvent":"onLanguage:jsonc"}
[2021-09-21 10:13:23.411] [exthost] [info] ExtensionService#loadCommonJSModule file:///opt/visual-studio-code/resources/app/extensions/json-language-features/client/dist/node/jsonClientMain
[2021-09-21 10:13:23.510] [exthost] [info] ExtensionService#_doActivateExtension ms-vscode.js-debug {"startup":false,"extensionId":{"value":"ms-vscode.js-debug","_lower":"ms-vscode.js-debug"},"activationEvent":"onCommand:extension.js-debug.clearAutoAttachVariables"}
[2021-09-21 10:13:23.510] [exthost] [info] ExtensionService#loadCommonJSModule file:///opt/visual-studio-code/resources/app/extensions/ms-vscode.js-debug/src/extension.js
[2021-09-21 10:13:23.589] [exthost] [info] ExtensionService#_doActivateExtension vscode.github {"startup":false,"extensionId":{"value":"vscode.github","_lower":"vscode.github"},"activationEvent":"*"}
[2021-09-21 10:13:23.589] [exthost] [info] ExtensionService#loadCommonJSModule file:///opt/visual-studio-code/resources/app/extensions/github/dist/extension.js
[2021-09-21 10:13:23.749] [exthost] [info] ExtensionService#_doActivateExtension vscode.github-authentication {"startup":false,"extensionId":{"value":"vscode.github-authentication","_lower":"vscode.github-authentication"},"activationEvent":"onAuthenticationRequest:github"}
[2021-09-21 10:13:23.749] [exthost] [info] ExtensionService#loadCommonJSModule file:///opt/visual-studio-code/resources/app/extensions/github-authentication/dist/extension.js
[2021-09-21 10:13:25.574] [exthost] [info] eager extensions activated
[2021-09-21 10:13:25.594] [exthost] [info] ExtensionService#_doActivateExtension vscode.emmet {"startup":false,"extensionId":{"value":"vscode.emmet","_lower":"vscode.emmet"},"activationEvent":"onStartupFinished"}
[2021-09-21 10:13:25.594] [exthost] [info] ExtensionService#loadCommonJSModule file:///opt/visual-studio-code/resources/app/extensions/emmet/dist/node/emmetNodeMain
[2021-09-21 10:13:25.599] [exthost] [info] ExtensionService#_doActivateExtension vscode.merge-conflict {"startup":false,"extensionId":{"value":"vscode.merge-conflict","_lower":"vscode.merge-conflict"},"activationEvent":"onStartupFinished"}
[2021-09-21 10:13:25.599] [exthost] [info] ExtensionService#loadCommonJSModule file:///opt/visual-studio-code/resources/app/extensions/merge-conflict/dist/mergeConflictMain
[2021-09-21 10:13:25.601] [exthost] [info] ExtensionService#_doActivateExtension CoenraadS.bracket-pair-colorizer-2 {"startup":false,"extensionId":{"value":"CoenraadS.bracket-pair-colorizer-2","_lower":"coenraads.bracket-pair-colorizer-2"},"activationEvent":"onStartupFinished"}
[2021-09-21 10:13:25.601] [exthost] [info] ExtensionService#loadCommonJSModule file:///home/jeffrey/.vscode/extensions/coenraads.bracket-pair-colorizer-2-0.2.1/out/src/extension
[2021-09-21 10:13:25.616] [exthost] [info] ExtensionService#_doActivateExtension dbaeumer.vscode-eslint {"startup":false,"extensionId":{"value":"dbaeumer.vscode-eslint","_lower":"dbaeumer.vscode-eslint"},"activationEvent":"onStartupFinished"}
[2021-09-21 10:13:25.616] [exthost] [info] ExtensionService#loadCommonJSModule file:///home/jeffrey/.vscode/extensions/dbaeumer.vscode-eslint-2.1.25/client/out/extension
[2021-09-21 10:13:25.624] [exthost] [info] ExtensionService#_doActivateExtension eamodio.gitlens {"startup":false,"extensionId":{"value":"eamodio.gitlens","_lower":"eamodio.gitlens"},"activationEvent":"onStartupFinished"}
[2021-09-21 10:13:25.624] [exthost] [info] ExtensionService#loadCommonJSModule file:///home/jeffrey/.vscode/extensions/eamodio.gitlens-11.6.0/dist/gitlens
[2021-09-21 10:13:25.651] [exthost] [info] ExtensionService#_doActivateExtension esbenp.prettier-vscode {"startup":false,"extensionId":{"value":"esbenp.prettier-vscode","_lower":"esbenp.prettier-vscode"},"activationEvent":"onStartupFinished"}
[2021-09-21 10:13:25.651] [exthost] [info] ExtensionService#loadCommonJSModule file:///home/jeffrey/.vscode/extensions/esbenp.prettier-vscode-9.0.0/dist/extension
[2021-09-21 10:13:25.890] [exthost] [info] ExtensionService#_doActivateExtension formulahendry.code-runner {"startup":false,"extensionId":{"value":"formulahendry.code-runner","_lower":"formulahendry.code-runner"},"activationEvent":"onStartupFinished"}
[2021-09-21 10:13:25.890] [exthost] [info] ExtensionService#loadCommonJSModule file:///home/jeffrey/.vscode/extensions/formulahendry.code-runner-0.11.5/out/src/extension
[2021-09-21 10:13:25.916] [exthost] [info] ExtensionService#_doActivateExtension ms-vscode-remote.remote-containers {"startup":false,"extensionId":{"value":"ms-vscode-remote.remote-containers","_lower":"ms-vscode-remote.remote-containers"},"activationEvent":"onStartupFinished"}
[2021-09-21 10:13:25.916] [exthost] [info] ExtensionService#loadCommonJSModule file:///home/jeffrey/.vscode/extensions/ms-vscode-remote.remote-containers-0.194.0/dist/extension/extension
[2021-09-21 10:13:25.937] [exthost] [info] ExtensionService#_doActivateExtension ms-vscode-remote.remote-wsl {"startup":false,"extensionId":{"value":"ms-vscode-remote.remote-wsl","_lower":"ms-vscode-remote.remote-wsl"},"activationEvent":"onStartupFinished"}
[2021-09-21 10:13:25.937] [exthost] [info] ExtensionService#loadCommonJSModule file:///home/jeffrey/.vscode/extensions/ms-vscode-remote.remote-wsl-0.58.2/dist/extension
[2021-09-21 10:13:25.942] [exthost] [info] ExtensionService#_doActivateExtension rangav.vscode-thunder-client {"startup":false,"extensionId":{"value":"rangav.vscode-thunder-client","_lower":"rangav.vscode-thunder-client"},"activationEvent":"onStartupFinished"}
[2021-09-21 10:13:25.942] [exthost] [info] ExtensionService#loadCommonJSModule file:///home/jeffrey/.vscode/extensions/rangav.vscode-thunder-client-1.9.1/dist/extension
[2021-09-21 10:14:18.420] [exthost] [warning] TextEditor is closed/disposed
[2021-09-21 10:16:11.398] [exthost] [warning] TextEditor is closed/disposed
[2021-09-21 10:16:35.258] [exthost] [warning] TextEditor is closed/disposed
[2021-09-21 10:17:15.270] [exthost] [info] ExtensionService#_doActivateExtension jpoissonnier.vscode-styled-components {"startup":false,"extensionId":{"value":"jpoissonnier.vscode-styled-components","_lower":"jpoissonnier.vscode-styled-components"},"activationEvent":"onCommand:extension.insertColonOrSemiColon"}
[2021-09-21 10:17:15.270] [exthost] [info] ExtensionService#loadCommonJSModule file:///home/jeffrey/.vscode/extensions/jpoissonnier.vscode-styled-components-1.6.6/dist/extension.js
[2021-09-21 10:17:42.860] [exthost] [warning] TextEditor is closed/disposed
[2021-09-21 10:17:42.864] [exthost] [warning] TextEditor is closed/disposed
[2021-09-21 10:17:42.864] [exthost] [warning] TextEditor is closed/disposed
[2021-09-21 10:17:42.864] [exthost] [warning] TextEditor is closed/disposed
[2021-09-21 10:17:42.871] [exthost] [warning] TextEditor is closed/disposed
[2021-09-21 10:17:42.871] [exthost] [warning] TextEditor is closed/disposed
[2021-09-21 10:17:42.871] [exthost] [warning] TextEditor is closed/disposed
[2021-09-21 10:17:42.926] [exthost] [warning] TextEditor is closed/disposed
[2021-09-21 10:18:31.779] [exthost] [warning] TextEditor is closed/disposed
[2021-09-21 10:18:31.791] [exthost] [warning] TextEditor is closed/disposed
[2021-09-21 10:18:31.791] [exthost] [warning] TextEditor is closed/disposed
[2021-09-21 10:18:31.798] [exthost] [warning] TextEditor is closed/disposed
[2021-09-21 10:18:31.798] [exthost] [warning] TextEditor is closed/disposed
[2021-09-21 10:18:31.839] [exthost] [warning] TextEditor is closed/disposed
[2021-09-21 10:42:34.759] [exthost] [warning] TextEditor is closed/disposed
[2021-09-21 10:42:34.799] [exthost] [warning] TextEditor is closed/disposed
[2021-09-21 10:42:34.807] [exthost] [warning] TextEditor is closed/disposed
[2021-09-21 10:42:34.807] [exthost] [warning] TextEditor is closed/disposed
[2021-09-21 10:42:34.818] [exthost] [warning] TextEditor is closed/disposed
[2021-09-21 10:42:34.818] [exthost] [warning] TextEditor is closed/disposed
[2021-09-21 10:42:34.833] [exthost] [warning] TextEditor is closed/disposed
[2021-09-21 10:42:39.857] [exthost] [warning] TextEditor is closed/disposed
[2021-09-21 10:44:01.461] [exthost] [warning] TextEditor is closed/disposed
[2021-09-21 10:44:01.478] [exthost] [warning] TextEditor is closed/disposed
[2021-09-21 10:44:01.478] [exthost] [warning] TextEditor is closed/disposed
[2021-09-21 10:44:01.509] [exthost] [warning] TextEditor is closed/disposed
[2021-09-21 10:44:01.524] [exthost] [warning] TextEditor is closed/disposed
[2021-09-21 10:45:25.733] [exthost] [warning] TextEditor is closed/disposed
[2021-09-21 10:45:25.758] [exthost] [warning] TextEditor is closed/disposed
[2021-09-21 10:45:25.769] [exthost] [warning] TextEditor is closed/disposed
[2021-09-21 10:45:25.769] [exthost] [warning] TextEditor is closed/disposed
[2021-09-21 10:45:25.831] [exthost] [warning] TextEditor is closed/disposed
[2021-09-21 10:45:26.960] [exthost] [warning] TextEditor is closed/disposed
[2021-09-21 10:49:39.034] [exthost] [info] ExtensionService#_doActivateExtension ms-vscode.references-view {"startup":false,"extensionId":{"value":"ms-vscode.references-view","_lower":"ms-vscode.references-view"},"activationEvent":"onCommand:references-view.findReferences"}
[2021-09-21 10:49:39.034] [exthost] [info] ExtensionService#loadCommonJSModule file:///opt/visual-studio-code/resources/app/extensions/ms-vscode.references-view/dist/extension
[2021-09-21 10:58:28.387] [exthost] [warning] TextEditor is closed/disposed
[2021-09-21 10:58:28.416] [exthost] [warning] TextEditor is closed/disposed
[2021-09-21 10:58:28.424] [exthost] [warning] TextEditor is closed/disposed
[2021-09-21 10:58:28.424] [exthost] [warning] TextEditor is closed/disposed
[2021-09-21 10:58:31.197] [exthost] [warning] TextEditor is closed/disposed
[2021-09-21 10:58:45.473] [exthost] [warning] TextEditor is closed/disposed
[2021-09-21 10:58:45.558] [exthost] [info] ExtensionService#_doActivateExtension ZainChen.json {"startup":false,"extensionId":{"value":"ZainChen.json","_lower":"zainchen.json"},"activationEvent":"onLanguage:json"}
[2021-09-21 10:58:45.559] [exthost] [info] ExtensionService#loadCommonJSModule file:///home/jeffrey/.vscode/extensions/zainchen.json-2.0.2/out/extension.js
[2021-09-21 11:03:27.119] [exthost] [warning] TextEditor is closed/disposed
[2021-09-21 11:03:35.445] [exthost] [warning] TextEditor is closed/disposed
[2021-09-21 11:03:56.530] [exthost] [warning] TextEditor is closed/disposed
[2021-09-21 11:05:04.057] [exthost] [warning] TextEditor is closed/disposed
[2021-09-21 11:05:08.840] [exthost] [warning] TextEditor is closed/disposed
[2021-09-21 11:06:14.131] [exthost] [warning] TextEditor is closed/disposed
[2021-09-21 11:06:14.203] [exthost] [warning] TextEditor is closed/disposed
[2021-09-21 11:06:14.222] [exthost] [warning] TextEditor is closed/disposed
[2021-09-21 11:06:14.222] [exthost] [warning] TextEditor is closed/disposed
[2021-09-21 11:15:19.740] [exthost] [warning] TextEditor is closed/disposed
[2021-09-21 11:15:25.813] [exthost] [warning] TextEditor is closed/disposed
[2021-09-21 11:15:26.151] [exthost] [warning] TextEditor is closed/disposed
[2021-09-21 11:15:26.151] [exthost] [warning] TextEditor is closed/disposed
[2021-09-21 11:15:26.151] [exthost] [warning] TextEditor is closed/disposed
[2021-09-21 11:15:28.338] [exthost] [warning] TextEditor is closed/disposed
[2021-09-21 11:15:30.714] [exthost] [warning] TextEditor is closed/disposed
[2021-09-21 11:28:16.205] [exthost] [warning] TextEditor is closed/disposed
[2021-09-21 11:29:35.248] [exthost] [info] ExtensionService#_doActivateExtension firefox-devtools.vscode-firefox-debug {"startup":false,"extensionId":{"value":"firefox-devtools.vscode-firefox-debug","_lower":"firefox-devtools.vscode-firefox-debug"},"activationEvent":"onDebug"}
[2021-09-21 11:29:35.249] [exthost] [info] ExtensionService#loadCommonJSModule file:///home/jeffrey/.vscode/extensions/firefox-devtools.vscode-firefox-debug-2.9.4/dist/extension.bundle.js
[2021-09-21 11:29:35.318] [exthost] [info] ExtensionService#_doActivateExtension vscode.debug-server-ready {"startup":false,"extensionId":{"value":"vscode.debug-server-ready","_lower":"vscode.debug-server-ready"},"activationEvent":"onDebugResolve"}
[2021-09-21 11:29:35.318] [exthost] [info] ExtensionService#loadCommonJSModule file:///opt/visual-studio-code/resources/app/extensions/debug-server-ready/dist/extension
[2021-09-21 11:34:55.049] [exthost] [warning] TextEditor is closed/disposed
[2021-09-21 11:34:55.283] [exthost] [warning] TextEditor is closed/disposed
[2021-09-21 11:34:55.288] [exthost] [warning] TextEditor is closed/disposed
[2021-09-21 11:34:55.288] [exthost] [warning] TextEditor is closed/disposed
[2021-09-21 11:34:55.288] [exthost] [warning] TextEditor is closed/disposed
[2021-09-21 11:34:55.293] [exthost] [warning] TextEditor is closed/disposed
[2021-09-21 11:34:55.293] [exthost] [warning] TextEditor is closed/disposed
[2021-09-21 11:34:55.293] [exthost] [warning] TextEditor is closed/disposed
[2021-09-21 11:36:36.536] [exthost] [warning] TextEditor is closed/disposed
[2021-09-21 11:38:16.110] [exthost] [warning] TextEditor is closed/disposed
[2021-09-21 11:38:22.254] [exthost] [warning] TextEditor is closed/disposed
[2021-09-21 11:38:22.914] [exthost] [info] ExtensionService#_doActivateExtension mgmcdermott.vscode-language-babel {"startup":false,"extensionId":{"value":"mgmcdermott.vscode-language-babel","_lower":"mgmcdermott.vscode-language-babel"},"activationEvent":"onLanguage:javascript"}
[2021-09-21 11:38:22.914] [exthost] [info] ExtensionService#loadCommonJSModule file:///home/jeffrey/.vscode/extensions/mgmcdermott.vscode-language-babel-0.0.35/dist/extension
[2021-09-21 11:38:22.922] [exthost] [info] ExtensionService#_doActivateExtension wangtao0101.debug-leetcode {"startup":false,"extensionId":{"value":"wangtao0101.debug-leetcode","_lower":"wangtao0101.debug-leetcode"},"activationEvent":"onLanguage:javascript"}
[2021-09-21 11:38:22.922] [exthost] [info] ExtensionService#loadCommonJSModule file:///home/jeffrey/.vscode/extensions/wangtao0101.debug-leetcode-0.2.3/out/src/extension
[2021-09-21 11:38:29.136] [exthost] [warning] TextEditor is closed/disposed
[2021-09-21 11:38:30.439] [exthost] [warning] TextEditor is closed/disposed
[2021-09-21 11:38:30.439] [exthost] [warning] TextEditor is closed/disposed
[2021-09-21 11:38:30.439] [exthost] [warning] TextEditor is closed/disposed
[2021-09-21 11:41:44.983] [exthost] [warning] TextEditor is closed/disposed
[2021-09-21 11:58:12.923] [exthost] [warning] TextEditor is closed/disposed
[2021-09-21 11:58:13.040] [exthost] [warning] TextEditor is closed/disposed
[2021-09-21 11:58:13.048] [exthost] [warning] TextEditor is closed/disposed
[2021-09-21 11:58:13.048] [exthost] [warning] TextEditor is closed/disposed
[2021-09-21 11:58:13.401] [exthost] [warning] TextEditor is closed/disposed
[2021-09-21 11:59:33.769] [exthost] [warning] TextEditor is closed/disposed
[2021-09-21 12:00:47.979] [exthost] [warning] TextEditor is closed/disposed
[2021-09-21 12:00:57.680] [exthost] [warning] TextEditor is closed/disposed
[2021-09-21 12:01:34.861] [exthost] [warning] TextEditor is closed/disposed
[2021-09-21 12:01:40.323] [exthost] [warning] TextEditor is closed/disposed
[2021-09-21 12:02:20.315] [exthost] [warning] TextEditor is closed/disposed
[2021-09-21 12:02:20.695] [exthost] [warning] TextEditor is closed/disposed
[2021-09-21 12:02:20.696] [exthost] [warning] TextEditor is closed/disposed
[2021-09-21 12:02:20.696] [exthost] [warning] TextEditor is closed/disposed
[2021-09-21 12:02:20.719] [exthost] [warning] TextEditor is closed/disposed
[2021-09-21 12:02:20.719] [exthost] [warning] TextEditor is closed/disposed
[2021-09-21 12:02:20.719] [exthost] [warning] TextEditor is closed/disposed
[2021-09-21 12:03:15.322] [exthost] [warning] TextEditor is closed/disposed
[2021-09-21 12:03:28.909] [exthost] [warning] TextEditor is closed/disposed
[2021-09-21 12:03:57.984] [exthost] [warning] TextEditor is closed/disposed
[2021-09-21 12:04:00.991] [exthost] [warning] TextEditor is closed/disposed
[2021-09-21 12:09:22.257] [exthost] [warning] TextEditor is closed/disposed
[2021-09-21 12:21:19.149] [exthost] [warning] TextEditor is closed/disposed
[2021-09-21 12:21:19.170] [exthost] [warning] TextEditor is closed/disposed
[2021-09-21 12:21:19.183] [exthost] [warning] TextEditor is closed/disposed
[2021-09-21 12:21:19.183] [exthost] [warning] TextEditor is closed/disposed
[2021-09-21 12:21:19.208] [exthost] [warning] TextEditor is closed/disposed
[2021-09-21 12:21:29.444] [exthost] [warning] TextEditor is closed/disposed
[2021-09-21 12:21:30.567] [exthost] [warning] TextEditor is closed/disposed
[2021-09-21 12:21:30.964] [exthost] [warning] TextEditor is closed/disposed
[2021-09-21 12:21:30.964] [exthost] [warning] TextEditor is closed/disposed
[2021-09-21 12:21:30.965] [exthost] [warning] TextEditor is closed/disposed
[2021-09-21 12:21:32.459] [exthost] [warning] TextEditor is closed/disposed
[2021-09-21 12:24:14.774] [exthost] [warning] TextEditor is closed/disposed
[2021-09-21 12:24:52.685] [exthost] [warning] TextEditor is closed/disposed
[2021-09-21 12:26:58.413] [exthost] [warning] TextEditor is closed/disposed
[2021-09-21 12:26:58.413] [exthost] [warning] TextEditor is closed/disposed
[2021-09-21 12:27:45.089] [exthost] [warning] TextEditor is closed/disposed
[2021-09-21 12:27:47.233] [exthost] [warning] TextEditor is closed/disposed
[2021-09-21 12:27:47.578] [exthost] [warning] TextEditor is closed/disposed
[2021-09-21 12:27:47.578] [exthost] [warning] TextEditor is closed/disposed
[2021-09-21 12:27:48.437] [exthost] [warning] TextEditor is closed/disposed
[2021-09-21 12:43:14.469] [exthost] [info] ExtensionService#_doActivateExtension vscode.simple-browser {"startup":false,"extensionId":{"value":"vscode.simple-browser","_lower":"vscode.simple-browser"},"activationEvent":"onOpenExternalUri:https"}
[2021-09-21 12:43:14.470] [exthost] [info] ExtensionService#loadCommonJSModule file:///opt/visual-studio-code/resources/app/extensions/simple-browser/dist/extension
[2021-09-21 12:46:52.696] [exthost] [warning] TextEditor is closed/disposed
[2021-09-21 12:46:52.713] [exthost] [warning] TextEditor is closed/disposed
[2021-09-21 12:46:52.717] [exthost] [warning] TextEditor is closed/disposed
[2021-09-21 12:46:52.730] [exthost] [warning] TextEditor is closed/disposed
[2021-09-21 12:47:42.252] [exthost] [warning] TextEditor is closed/disposed
[2021-09-21 12:48:37.834] [exthost] [warning] TextEditor is closed/disposed
[2021-09-21 12:50:04.410] [exthost] [warning] TextEditor is closed/disposed
[2021-09-21 12:50:39.499] [exthost] [warning] TextEditor is closed/disposed
[2021-09-21 12:57:35.397] [exthost] [warning] TextEditor is closed/disposed
[2021-09-21 12:57:35.412] [exthost] [warning] TextEditor is closed/disposed
[2021-09-21 12:57:35.419] [exthost] [warning] TextEditor is closed/disposed
[2021-09-21 12:57:35.455] [exthost] [warning] TextEditor is closed/disposed
[2021-09-21 12:57:35.478] [exthost] [warning] TextEditor is closed/disposed
[2021-09-21 12:57:38.173] [exthost] [warning] TextEditor is closed/disposed
[2021-09-21 12:57:54.932] [exthost] [warning] TextEditor is closed/disposed
[2021-09-21 12:57:54.932] [exthost] [warning] TextEditor is closed/disposed
[2021-09-21 12:57:54.932] [exthost] [warning] TextEditor is closed/disposed
[2021-09-21 12:57:54.933] [exthost] [warning] TextEditor is closed/disposed
[2021-09-21 12:57:54.948] [exthost] [warning] TextEditor is closed/disposed
[2021-09-21 12:57:54.962] [exthost] [warning] TextEditor is closed/disposed
[2021-09-21 13:08:35.898] [exthost] [warning] TextEditor is closed/disposed
[2021-09-21 13:08:35.910] [exthost] [warning] TextEditor is closed/disposed
[2021-09-21 13:08:35.912] [exthost] [warning] TextEditor is closed/disposed
[2021-09-21 13:08:35.912] [exthost] [warning] TextEditor is closed/disposed
[2021-09-21 13:08:35.919] [exthost] [warning] TextEditor is closed/disposed
[2021-09-21 13:08:35.919] [exthost] [warning] TextEditor is closed/disposed
[2021-09-21 13:08:35.950] [exthost] [warning] TextEditor is closed/disposed
[2021-09-21 13:08:36.497] [exthost] [warning] TextEditor is closed/disposed
[2021-09-21 14:16:03.824] [exthost] [warning] TextEditor is closed/disposed
[2021-09-21 14:16:03.827] [exthost] [warning] TextEditor is closed/disposed
[2021-09-21 14:16:03.827] [exthost] [warning] TextEditor is closed/disposed
[2021-09-21 14:16:03.834] [exthost] [warning] TextEditor is closed/disposed
[2021-09-21 14:16:03.834] [exthost] [warning] TextEditor is closed/disposed
[2021-09-21 14:16:03.867] [exthost] [warning] TextEditor is closed/disposed
[2021-09-21 14:16:03.922] [exthost] [warning] TextEditor is closed/disposed
[2021-09-21 14:33:16.176] [exthost] [warning] TextEditor is closed/disposed
[2021-09-21 14:33:16.186] [exthost] [warning] TextEditor is closed/disposed
[2021-09-21 14:33:16.186] [exthost] [warning] TextEditor is closed/disposed
[2021-09-21 14:33:16.196] [exthost] [warning] TextEditor is closed/disposed
[2021-09-21 14:33:16.196] [exthost] [warning] TextEditor is closed/disposed
[2021-09-21 14:33:16.217] [exthost] [warning] TextEditor is closed/disposed
[2021-09-21 14:33:32.069] [exthost] [warning] TextEditor is closed/disposed
[2021-09-21 14:44:53.869] [exthost] [warning] TextEditor is closed/disposed
[2021-09-21 14:52:29.764] [exthost] [warning] TextEditor is closed/disposed
[2021-09-21 14:52:29.770] [exthost] [warning] TextEditor is closed/disposed
[2021-09-21 14:52:29.770] [exthost] [warning] TextEditor is closed/disposed
[2021-09-21 14:52:29.890] [exthost] [warning] TextEditor is closed/disposed
[2021-09-21 14:52:29.897] [exthost] [warning] TextEditor is closed/disposed
[2021-09-21 14:52:29.897] [exthost] [warning] TextEditor is closed/disposed
[2021-09-21 14:52:29.897] [exthost] [warning] TextEditor is closed/disposed
[2021-09-21 14:52:29.902] [exthost] [warning] TextEditor is closed/disposed
[2021-09-21 14:52:29.902] [exthost] [warning] TextEditor is closed/disposed
[2021-09-21 14:52:29.902] [exthost] [warning] TextEditor is closed/disposed
[2021-09-21 14:52:30.064] [exthost] [warning] TextEditor is closed/disposed
[2021-09-21 14:52:30.064] [exthost] [warning] TextEditor is closed/disposed
[2021-09-21 14:52:30.065] [exthost] [warning] TextEditor is closed/disposed
[2021-09-21 14:52:44.355] [exthost] [warning] TextEditor is closed/disposed
[2021-09-21 14:52:44.361] [exthost] [warning] TextEditor is closed/disposed
[2021-09-21 14:52:44.361] [exthost] [warning] TextEditor is closed/disposed
[2021-09-21 14:52:44.361] [exthost] [warning] TextEditor is closed/disposed
[2021-09-21 14:52:44.374] [exthost] [warning] TextEditor is closed/disposed
[2021-09-21 14:52:44.374] [exthost] [warning] TextEditor is closed/disposed
[2021-09-21 14:52:44.374] [exthost] [warning] TextEditor is closed/disposed
[2021-09-21 14:52:44.411] [exthost] [warning] TextEditor is closed/disposed
[2021-09-21 14:52:44.411] [exthost] [warning] TextEditor is closed/disposed
[2021-09-21 14:52:44.411] [exthost] [warning] TextEditor is closed/disposed
[2021-09-21 14:52:44.415] [exthost] [warning] TextEditor is closed/disposed
[2021-09-21 14:52:44.657] [exthost] [warning] TextEditor is closed/disposed
[2021-09-21 14:52:44.657] [exthost] [warning] TextEditor is closed/disposed
[2021-09-21 14:52:44.657] [exthost] [warning] TextEditor is closed/disposed
[2021-09-21 14:53:32.249] [exthost] [warning] TextEditor is closed/disposed
[2021-09-21 14:53:32.256] [exthost] [warning] TextEditor is closed/disposed
[2021-09-21 14:53:32.256] [exthost] [warning] TextEditor is closed/disposed
[2021-09-21 14:53:32.303] [exthost] [warning] TextEditor is closed/disposed
[2021-09-21 14:53:32.303] [exthost] [warning] TextEditor is closed/disposed
[2021-09-21 14:53:32.304] [exthost] [warning] TextEditor is closed/disposed
[2021-09-21 14:53:32.552] [exthost] [warning] TextEditor is closed/disposed
[2021-09-21 14:53:32.552] [exthost] [warning] TextEditor is closed/disposed
[2021-09-21 14:53:32.552] [exthost] [warning] TextEditor is closed/disposed
[2021-09-21 14:54:54.618] [exthost] [warning] TextEditor is closed/disposed
[2021-09-21 14:54:54.652] [exthost] [warning] TextEditor is closed/disposed
[2021-09-21 14:54:54.661] [exthost] [warning] TextEditor is closed/disposed
[2021-09-21 14:54:54.661] [exthost] [warning] TextEditor is closed/disposed
[2021-09-21 14:54:54.756] [exthost] [warning] TextEditor is closed/disposed
[2021-09-21 14:54:54.758] [exthost] [warning] TextEditor is closed/disposed
[2021-09-21 14:54:54.758] [exthost] [warning] TextEditor is closed/disposed
[2021-09-21 14:54:54.944] [exthost] [warning] TextEditor is closed/disposed
[2021-09-21 14:54:54.944] [exthost] [warning] TextEditor is closed/disposed
[2021-09-21 14:54:54.944] [exthost] [warning] TextEditor is closed/disposed
[2021-09-21 14:54:55.259] [exthost] [warning] TextEditor is closed/disposed
[2021-09-21 15:03:55.899] [exthost] [warning] TextEditor is closed/disposed
[2021-09-21 15:04:00.797] [exthost] [warning] TextEditor is closed/disposed
[2021-09-21 15:14:48.110] [exthost] [warning] TextEditor is closed/disposed
[2021-09-21 15:14:48.118] [exthost] [warning] TextEditor is closed/disposed
[2021-09-21 15:14:48.128] [exthost] [warning] TextEditor is closed/disposed
[2021-09-21 15:14:48.144] [exthost] [warning] TextEditor is closed/disposed
[2021-09-21 15:14:50.164] [exthost] [warning] TextEditor is closed/disposed
[2021-09-21 15:15:02.539] [exthost] [warning] TextEditor is closed/disposed
[2021-09-21 15:18:22.848] [exthost] [warning] TextEditor is closed/disposed
[2021-09-21 15:23:10.147] [exthost] [warning] TextEditor is closed/disposed
[2021-09-21 15:23:10.164] [exthost] [warning] TextEditor is closed/disposed
[2021-09-21 15:23:10.168] [exthost] [warning] TextEditor is closed/disposed
[2021-09-21 15:23:10.168] [exthost] [warning] TextEditor is closed/disposed
[2021-09-21 15:23:10.187] [exthost] [warning] TextEditor is closed/disposed
[2021-09-21 15:25:29.882] [exthost] [warning] TextEditor is closed/disposed
[2021-09-21 15:25:29.894] [exthost] [warning] TextEditor is closed/disposed
[2021-09-21 15:25:29.894] [exthost] [warning] TextEditor is closed/disposed
[2021-09-21 15:25:29.894] [exthost] [warning] TextEditor is closed/disposed
[2021-09-21 15:25:29.902] [exthost] [warning] TextEditor is closed/disposed
[2021-09-21 15:25:29.902] [exthost] [warning] TextEditor is closed/disposed
[2021-09-21 15:25:29.916] [exthost] [warning] TextEditor is closed/disposed
[2021-09-21 15:25:29.975] [exthost] [warning] TextEditor is closed/disposed
[2021-09-21 15:25:30.887] [exthost] [warning] TextEditor is closed/disposed
[2021-09-21 15:26:35.456] [exthost] [warning] TextEditor is closed/disposed
[2021-09-21 15:26:35.461] [exthost] [warning] TextEditor is closed/disposed
[2021-09-21 15:26:35.461] [exthost] [warning] TextEditor is closed/disposed
[2021-09-21 15:26:35.523] [exthost] [warning] TextEditor is closed/disposed
[2021-09-21 15:26:35.523] [exthost] [warning] TextEditor is closed/disposed
[2021-09-21 15:26:35.523] [exthost] [warning] TextEditor is closed/disposed
[2021-09-21 15:26:35.523] [exthost] [warning] TextEditor is closed/disposed
[2021-09-21 15:26:35.775] [exthost] [warning] TextEditor is closed/disposed
[2021-09-21 15:26:35.775] [exthost] [warning] TextEditor is closed/disposed
[2021-09-21 15:26:35.775] [exthost] [warning] TextEditor is closed/disposed
[2021-09-21 15:28:04.285] [exthost] [warning] TextEditor is closed/disposed
[2021-09-21 15:28:04.289] [exthost] [warning] TextEditor is closed/disposed
[2021-09-21 15:28:04.289] [exthost] [warning] TextEditor is closed/disposed
[2021-09-21 15:28:04.335] [exthost] [warning] TextEditor is closed/disposed
[2021-09-21 15:28:04.337] [exthost] [warning] TextEditor is closed/disposed
[2021-09-21 15:28:04.337] [exthost] [warning] TextEditor is closed/disposed
[2021-09-21 15:28:04.337] [exthost] [warning] TextEditor is closed/disposed
[2021-09-21 15:28:04.568] [exthost] [warning] TextEditor is closed/disposed
[2021-09-21 15:28:04.568] [exthost] [warning] TextEditor is closed/disposed
[2021-09-21 15:28:04.568] [exthost] [warning] TextEditor is closed/disposed
[2021-09-21 15:31:53.698] [exthost] [warning] TextEditor is closed/disposed
[2021-09-21 15:31:53.700] [exthost] [warning] TextEditor is closed/disposed
[2021-09-21 15:31:53.700] [exthost] [warning] TextEditor is closed/disposed
[2021-09-21 15:31:53.732] [exthost] [warning] TextEditor is closed/disposed
[2021-09-21 15:31:53.732] [exthost] [warning] TextEditor is closed/disposed
[2021-09-21 15:31:53.737] [exthost] [warning] TextEditor is closed/disposed
[2021-09-21 15:31:54.043] [exthost] [warning] TextEditor is closed/disposed
[2021-09-21 15:31:54.043] [exthost] [warning] TextEditor is closed/disposed
[2021-09-21 15:31:54.043] [exthost] [warning] TextEditor is closed/disposed
