[2021-09-20 17:35:43.457] [exthost] [info] extension host started
[2021-09-20 17:35:43.457] [exthost] [info] Skipping acquiring lock for /home/jeffrey/.config/Code/User/workspaceStorage/baf3b7f3901bc7566305637f04c18e5b.
[2021-09-20 17:35:43.833] [exthost] [info] ExtensionService#_doActivateExtension vscode.microsoft-authentication {"startup":false,"extensionId":{"value":"vscode.microsoft-authentication","_lower":"vscode.microsoft-authentication"},"activationEvent":"onAuthenticationRequest:microsoft"}
[2021-09-20 17:35:43.834] [exthost] [info] ExtensionService#loadCommonJSModule file:///opt/visual-studio-code/resources/app/extensions/microsoft-authentication/dist/extension.js
[2021-09-20 17:35:43.866] [exthost] [info] ExtensionService#_doActivateExtension aaron-bond.better-comments {"startup":false,"extensionId":{"value":"aaron-bond.better-comments","_lower":"aaron-bond.better-comments"},"activationEvent":"onLanguage:plaintext"}
[2021-09-20 17:35:43.867] [exthost] [info] ExtensionService#loadCommonJSModule file:///home/jeffrey/.vscode/extensions/aaron-bond.better-comments-2.1.0/out/extension
[2021-09-20 17:35:43.869] [exthost] [info] ExtensionService#_doActivateExtension vscode.extension-editing {"startup":false,"extensionId":{"value":"vscode.extension-editing","_lower":"vscode.extension-editing"},"activationEvent":"onLanguage:typescript"}
[2021-09-20 17:35:43.869] [exthost] [info] ExtensionService#loadCommonJSModule file:///opt/visual-studio-code/resources/app/extensions/extension-editing/dist/extensionEditingMain
[2021-09-20 17:35:43.881] [exthost] [info] ExtensionService#_doActivateExtension vscode.typescript-language-features {"startup":false,"extensionId":{"value":"vscode.typescript-language-features","_lower":"vscode.typescript-language-features"},"activationEvent":"onLanguage:typescript"}
[2021-09-20 17:35:43.881] [exthost] [info] ExtensionService#loadCommonJSModule file:///opt/visual-studio-code/resources/app/extensions/typescript-language-features/dist/extension
[2021-09-20 17:35:43.925] [exthost] [info] ExtensionService#_doActivateExtension christian-kohler.npm-intellisense {"startup":false,"extensionId":{"value":"christian-kohler.npm-intellisense","_lower":"christian-kohler.npm-intellisense"},"activationEvent":"onLanguage:typescript"}
[2021-09-20 17:35:43.925] [exthost] [info] ExtensionService#loadCommonJSModule file:///home/jeffrey/.vscode/extensions/christian-kohler.npm-intellisense-1.4.0/out/src/extension
[2021-09-20 17:35:43.945] [exthost] [info] ExtensionService#_doActivateExtension meganrogge.template-string-converter {"startup":false,"extensionId":{"value":"meganrogge.template-string-converter","_lower":"meganrogge.template-string-converter"},"activationEvent":"onLanguage:typescript"}
[2021-09-20 17:35:43.945] [exthost] [info] ExtensionService#loadCommonJSModule file:///home/jeffrey/.vscode/extensions/meganrogge.template-string-converter-0.5.3/out/extension.js
[2021-09-20 17:35:43.947] [exthost] [info] ExtensionService#_doActivateExtension vscode.debug-auto-launch {"startup":true,"extensionId":{"value":"vscode.debug-auto-launch","_lower":"vscode.debug-auto-launch"},"activationEvent":"*"}
[2021-09-20 17:35:43.947] [exthost] [info] ExtensionService#loadCommonJSModule file:///opt/visual-studio-code/resources/app/extensions/debug-auto-launch/dist/extension
[2021-09-20 17:35:43.952] [exthost] [info] ExtensionService#_doActivateExtension vscode.git {"startup":true,"extensionId":{"value":"vscode.github","_lower":"vscode.github"},"activationEvent":"*"}
[2021-09-20 17:35:43.952] [exthost] [info] ExtensionService#loadCommonJSModule file:///opt/visual-studio-code/resources/app/extensions/git/dist/main
[2021-09-20 17:35:44.030] [exthost] [info] ExtensionService#_doActivateExtension asvetliakov.vscode-neovim {"startup":true,"extensionId":{"value":"asvetliakov.vscode-neovim","_lower":"asvetliakov.vscode-neovim"},"activationEvent":"*"}
[2021-09-20 17:35:44.030] [exthost] [info] ExtensionService#loadCommonJSModule file:///home/jeffrey/.vscode/extensions/asvetliakov.vscode-neovim-0.0.82/dist/extension.js
[2021-09-20 17:35:44.083] [exthost] [info] ExtensionService#_doActivateExtension christian-kohler.path-intellisense {"startup":true,"extensionId":{"value":"christian-kohler.path-intellisense","_lower":"christian-kohler.path-intellisense"},"activationEvent":"*"}
[2021-09-20 17:35:44.083] [exthost] [info] ExtensionService#loadCommonJSModule file:///home/jeffrey/.vscode/extensions/christian-kohler.path-intellisense-2.4.0/out/extension.js
[2021-09-20 17:35:44.101] [exthost] [info] ExtensionService#_doActivateExtension ecmel.vscode-html-css {"startup":true,"extensionId":{"value":"ecmel.vscode-html-css","_lower":"ecmel.vscode-html-css"},"activationEvent":"*"}
[2021-09-20 17:35:44.101] [exthost] [info] ExtensionService#loadCommonJSModule file:///home/jeffrey/.vscode/extensions/ecmel.vscode-html-css-1.10.2/dist/extension.js
[2021-09-20 17:35:44.149] [exthost] [info] ExtensionService#_doActivateExtension formulahendry.auto-rename-tag {"startup":true,"extensionId":{"value":"formulahendry.auto-rename-tag","_lower":"formulahendry.auto-rename-tag"},"activationEvent":"*"}
[2021-09-20 17:35:44.149] [exthost] [info] ExtensionService#loadCommonJSModule file:///home/jeffrey/.vscode/extensions/formulahendry.auto-rename-tag-0.1.8/packages/extension/dist/extensionMain.js
[2021-09-20 17:35:44.186] [exthost] [info] ExtensionService#_doActivateExtension kamikillerto.vscode-colorize {"startup":true,"extensionId":{"value":"kamikillerto.vscode-colorize","_lower":"kamikillerto.vscode-colorize"},"activationEvent":"*"}
[2021-09-20 17:35:44.186] [exthost] [info] ExtensionService#loadCommonJSModule file:///home/jeffrey/.vscode/extensions/kamikillerto.vscode-colorize-0.11.1/out/src/extension
[2021-09-20 17:35:44.221] [exthost] [info] ExtensionService#_doActivateExtension mhutchie.git-graph {"startup":true,"extensionId":{"value":"mhutchie.git-graph","_lower":"mhutchie.git-graph"},"activationEvent":"*"}
[2021-09-20 17:35:44.221] [exthost] [info] ExtensionService#loadCommonJSModule file:///home/jeffrey/.vscode/extensions/mhutchie.git-graph-1.30.0/out/extension.js
[2021-09-20 17:35:44.247] [exthost] [info] ExtensionService#_doActivateExtension ms-vsliveshare.vsliveshare {"startup":true,"extensionId":{"value":"ms-vsliveshare.vsliveshare","_lower":"ms-vsliveshare.vsliveshare"},"activationEvent":"*"}
[2021-09-20 17:35:44.247] [exthost] [info] ExtensionService#loadCommonJSModule file:///home/jeffrey/.vscode/extensions/ms-vsliveshare.vsliveshare-1.0.4836/out/prod/extension-prod
[2021-09-20 17:35:45.145] [exthost] [info] ExtensionService#_doActivateExtension naumovs.color-highlight {"startup":true,"extensionId":{"value":"naumovs.color-highlight","_lower":"naumovs.color-highlight"},"activationEvent":"*"}
[2021-09-20 17:35:45.145] [exthost] [info] ExtensionService#loadCommonJSModule file:///home/jeffrey/.vscode/extensions/naumovs.color-highlight-2.5.0/dist/extension-node.js
[2021-09-20 17:35:45.152] [exthost] [info] ExtensionService#_doActivateExtension oderwat.indent-rainbow {"startup":true,"extensionId":{"value":"oderwat.indent-rainbow","_lower":"oderwat.indent-rainbow"},"activationEvent":"*"}
[2021-09-20 17:35:45.152] [exthost] [info] ExtensionService#loadCommonJSModule file:///home/jeffrey/.vscode/extensions/oderwat.indent-rainbow-8.0.0/out/extension
[2021-09-20 17:35:45.154] [exthost] [info] ExtensionService#_doActivateExtension PKief.material-icon-theme {"startup":true,"extensionId":{"value":"PKief.material-icon-theme","_lower":"pkief.material-icon-theme"},"activationEvent":"*"}
[2021-09-20 17:35:45.154] [exthost] [info] ExtensionService#loadCommonJSModule file:///home/jeffrey/.vscode/extensions/pkief.material-icon-theme-4.10.0/dist/extension
[2021-09-20 17:35:45.166] [exthost] [info] ExtensionService#_doActivateExtension ritwickdey.LiveServer {"startup":true,"extensionId":{"value":"ritwickdey.LiveServer","_lower":"ritwickdey.liveserver"},"activationEvent":"*"}
[2021-09-20 17:35:45.166] [exthost] [info] ExtensionService#loadCommonJSModule file:///home/jeffrey/.vscode/extensions/ritwickdey.liveserver-5.6.1/out/src/extension
[2021-09-20 17:35:45.436] [exthost] [info] ExtensionService#_doActivateExtension streetsidesoftware.code-spell-checker {"startup":true,"extensionId":{"value":"streetsidesoftware.code-spell-checker","_lower":"streetsidesoftware.code-spell-checker"},"activationEvent":"*"}
[2021-09-20 17:35:45.436] [exthost] [info] ExtensionService#loadCommonJSModule file:///home/jeffrey/.vscode/extensions/streetsidesoftware.code-spell-checker-2.0.6/packages/client/dist/extension.js
[2021-09-20 17:35:45.492] [exthost] [info] ExtensionService#_doActivateExtension zhuangtongfa.material-theme {"startup":true,"extensionId":{"value":"zhuangtongfa.material-theme","_lower":"zhuangtongfa.material-theme"},"activationEvent":"*"}
[2021-09-20 17:35:45.492] [exthost] [info] ExtensionService#loadCommonJSModule file:///home/jeffrey/.vscode/extensions/zhuangtongfa.material-theme-3.11.4/out/extension.js
[2021-09-20 17:35:45.504] [exthost] [info] ExtensionService#_doActivateExtension Zignd.html-css-class-completion {"startup":true,"extensionId":{"value":"Zignd.html-css-class-completion","_lower":"zignd.html-css-class-completion"},"activationEvent":"*"}
[2021-09-20 17:35:45.504] [exthost] [info] ExtensionService#loadCommonJSModule file:///home/jeffrey/.vscode/extensions/zignd.html-css-class-completion-1.20.0/dist/extension.js
[2021-09-20 17:35:45.541] [exthost] [info] ExtensionService#_doActivateExtension vscode.npm {"startup":true,"extensionId":{"value":"vscode.npm","_lower":"vscode.npm"},"activationEvent":"workspaceContains:package.json"}
[2021-09-20 17:35:45.541] [exthost] [info] ExtensionService#loadCommonJSModule file:///opt/visual-studio-code/resources/app/extensions/npm/dist/npmMain
[2021-09-20 17:35:46.814] [exthost] [info] ExtensionService#_doActivateExtension ms-vscode.js-debug {"startup":false,"extensionId":{"value":"ms-vscode.js-debug","_lower":"ms-vscode.js-debug"},"activationEvent":"onCommand:extension.js-debug.clearAutoAttachVariables"}
[2021-09-20 17:35:46.814] [exthost] [info] ExtensionService#loadCommonJSModule file:///opt/visual-studio-code/resources/app/extensions/ms-vscode.js-debug/src/extension.js
[2021-09-20 17:35:46.923] [exthost] [info] ExtensionService#_doActivateExtension vscode.github {"startup":false,"extensionId":{"value":"vscode.github","_lower":"vscode.github"},"activationEvent":"*"}
[2021-09-20 17:35:46.923] [exthost] [info] ExtensionService#loadCommonJSModule file:///opt/visual-studio-code/resources/app/extensions/github/dist/extension.js
[2021-09-20 17:35:47.037] [exthost] [info] ExtensionService#_doActivateExtension vscode.github-authentication {"startup":false,"extensionId":{"value":"vscode.github-authentication","_lower":"vscode.github-authentication"},"activationEvent":"onAuthenticationRequest:github"}
[2021-09-20 17:35:47.037] [exthost] [info] ExtensionService#loadCommonJSModule file:///opt/visual-studio-code/resources/app/extensions/github-authentication/dist/extension.js
[2021-09-20 17:35:47.734] [exthost] [info] ExtensionService#_doActivateExtension vscode.configuration-editing {"startup":false,"extensionId":{"value":"vscode.configuration-editing","_lower":"vscode.configuration-editing"},"activationEvent":"onLanguage:jsonc"}
[2021-09-20 17:35:47.734] [exthost] [info] ExtensionService#loadCommonJSModule file:///opt/visual-studio-code/resources/app/extensions/configuration-editing/dist/configurationEditingMain
[2021-09-20 17:35:47.739] [exthost] [info] ExtensionService#_doActivateExtension vscode.json-language-features {"startup":false,"extensionId":{"value":"vscode.json-language-features","_lower":"vscode.json-language-features"},"activationEvent":"onLanguage:jsonc"}
[2021-09-20 17:35:47.739] [exthost] [info] ExtensionService#loadCommonJSModule file:///opt/visual-studio-code/resources/app/extensions/json-language-features/client/dist/node/jsonClientMain
[2021-09-20 17:35:49.040] [exthost] [info] eager extensions activated
[2021-09-20 17:35:49.059] [exthost] [info] ExtensionService#_doActivateExtension vscode.emmet {"startup":false,"extensionId":{"value":"vscode.emmet","_lower":"vscode.emmet"},"activationEvent":"onStartupFinished"}
[2021-09-20 17:35:49.059] [exthost] [info] ExtensionService#loadCommonJSModule file:///opt/visual-studio-code/resources/app/extensions/emmet/dist/node/emmetNodeMain
[2021-09-20 17:35:49.064] [exthost] [info] ExtensionService#_doActivateExtension vscode.merge-conflict {"startup":false,"extensionId":{"value":"vscode.merge-conflict","_lower":"vscode.merge-conflict"},"activationEvent":"onStartupFinished"}
[2021-09-20 17:35:49.064] [exthost] [info] ExtensionService#loadCommonJSModule file:///opt/visual-studio-code/resources/app/extensions/merge-conflict/dist/mergeConflictMain
[2021-09-20 17:35:49.066] [exthost] [info] ExtensionService#_doActivateExtension CoenraadS.bracket-pair-colorizer-2 {"startup":false,"extensionId":{"value":"CoenraadS.bracket-pair-colorizer-2","_lower":"coenraads.bracket-pair-colorizer-2"},"activationEvent":"onStartupFinished"}
[2021-09-20 17:35:49.066] [exthost] [info] ExtensionService#loadCommonJSModule file:///home/jeffrey/.vscode/extensions/coenraads.bracket-pair-colorizer-2-0.2.1/out/src/extension
[2021-09-20 17:35:49.080] [exthost] [info] ExtensionService#_doActivateExtension dbaeumer.vscode-eslint {"startup":false,"extensionId":{"value":"dbaeumer.vscode-eslint","_lower":"dbaeumer.vscode-eslint"},"activationEvent":"onStartupFinished"}
[2021-09-20 17:35:49.080] [exthost] [info] ExtensionService#loadCommonJSModule file:///home/jeffrey/.vscode/extensions/dbaeumer.vscode-eslint-2.1.25/client/out/extension
[2021-09-20 17:35:49.086] [exthost] [info] ExtensionService#_doActivateExtension eamodio.gitlens {"startup":false,"extensionId":{"value":"eamodio.gitlens","_lower":"eamodio.gitlens"},"activationEvent":"onStartupFinished"}
[2021-09-20 17:35:49.086] [exthost] [info] ExtensionService#loadCommonJSModule file:///home/jeffrey/.vscode/extensions/eamodio.gitlens-11.6.0/dist/gitlens
[2021-09-20 17:35:49.111] [exthost] [info] ExtensionService#_doActivateExtension esbenp.prettier-vscode {"startup":false,"extensionId":{"value":"esbenp.prettier-vscode","_lower":"esbenp.prettier-vscode"},"activationEvent":"onStartupFinished"}
[2021-09-20 17:35:49.111] [exthost] [info] ExtensionService#loadCommonJSModule file:///home/jeffrey/.vscode/extensions/esbenp.prettier-vscode-9.0.0/dist/extension
[2021-09-20 17:35:49.345] [exthost] [info] ExtensionService#_doActivateExtension formulahendry.code-runner {"startup":false,"extensionId":{"value":"formulahendry.code-runner","_lower":"formulahendry.code-runner"},"activationEvent":"onStartupFinished"}
[2021-09-20 17:35:49.345] [exthost] [info] ExtensionService#loadCommonJSModule file:///home/jeffrey/.vscode/extensions/formulahendry.code-runner-0.11.5/out/src/extension
[2021-09-20 17:35:49.367] [exthost] [info] ExtensionService#_doActivateExtension ms-vscode-remote.remote-containers {"startup":false,"extensionId":{"value":"ms-vscode-remote.remote-containers","_lower":"ms-vscode-remote.remote-containers"},"activationEvent":"onStartupFinished"}
[2021-09-20 17:35:49.367] [exthost] [info] ExtensionService#loadCommonJSModule file:///home/jeffrey/.vscode/extensions/ms-vscode-remote.remote-containers-0.194.0/dist/extension/extension
[2021-09-20 17:35:49.390] [exthost] [info] ExtensionService#_doActivateExtension ms-vscode-remote.remote-wsl {"startup":false,"extensionId":{"value":"ms-vscode-remote.remote-wsl","_lower":"ms-vscode-remote.remote-wsl"},"activationEvent":"onStartupFinished"}
[2021-09-20 17:35:49.390] [exthost] [info] ExtensionService#loadCommonJSModule file:///home/jeffrey/.vscode/extensions/ms-vscode-remote.remote-wsl-0.58.2/dist/extension
[2021-09-20 17:35:49.395] [exthost] [info] ExtensionService#_doActivateExtension rangav.vscode-thunder-client {"startup":false,"extensionId":{"value":"rangav.vscode-thunder-client","_lower":"rangav.vscode-thunder-client"},"activationEvent":"onStartupFinished"}
[2021-09-20 17:35:49.395] [exthost] [info] ExtensionService#loadCommonJSModule file:///home/jeffrey/.vscode/extensions/rangav.vscode-thunder-client-1.9.1/dist/extension
