["INFO" - 3:40:13 PM] Extension Name: esbenp.prettier-vscode.
["INFO" - 3:40:13 PM] Extension Version: 9.0.0.
["INFO" - 4:04:43 PM] Formatting file:///home/jeffrey/Work/smartrr/frontend/test/Schedule/Schedule.test.ts
["INFO" - 4:04:43 PM] Using config file at '/home/jeffrey/Work/smartrr/.prettierrc'
["INFO" - 4:04:43 PM] Using ignore file (if present) at /home/jeffrey/Work/smartrr/.prettierignore
["INFO" - 4:04:43 PM] File Info:
{
  "ignored": false,
  "inferredParser": "typescript"
}
["INFO" - 4:04:43 PM] Detected local configuration (i.e. .prettierrc or .editorconfig), VS Code configuration will not be used
["INFO" - 4:04:43 PM] Prettier Options:
{
  "filepath": "/home/jeffrey/Work/smartrr/frontend/test/Schedule/Schedule.test.ts",
  "parser": "typescript",
  "arrowParens": "avoid",
  "bracketSpacing": true,
  "htmlWhitespaceSensitivity": "css",
  "insertPragma": false,
  "jsxBracketSameLine": false,
  "printWidth": 114,
  "proseWrap": "preserve",
  "quoteProps": "as-needed",
  "requirePragma": false,
  "semi": true,
  "tabWidth": 2,
  "trailingComma": "es5",
  "useTabs": false,
  "endOfLine": "lf"
}
["INFO" - 4:04:43 PM] Formatting completed in 0.735ms.
["INFO" - 4:04:44 PM] Formatting file:///home/jeffrey/Work/smartrr/frontend/test/Schedule/Schedule.test.ts
["INFO" - 4:04:44 PM] Using config file at '/home/jeffrey/Work/smartrr/.prettierrc'
["INFO" - 4:04:44 PM] Using ignore file (if present) at /home/jeffrey/Work/smartrr/.prettierignore
["INFO" - 4:04:44 PM] File Info:
{
  "ignored": false,
  "inferredParser": "typescript"
}
["INFO" - 4:04:44 PM] Detected local configuration (i.e. .prettierrc or .editorconfig), VS Code configuration will not be used
["INFO" - 4:04:44 PM] Prettier Options:
{
  "filepath": "/home/jeffrey/Work/smartrr/frontend/test/Schedule/Schedule.test.ts",
  "parser": "typescript",
  "arrowParens": "avoid",
  "bracketSpacing": true,
  "htmlWhitespaceSensitivity": "css",
  "insertPragma": false,
  "jsxBracketSameLine": false,
  "printWidth": 114,
  "proseWrap": "preserve",
  "quoteProps": "as-needed",
  "requirePragma": false,
  "semi": true,
  "tabWidth": 2,
  "trailingComma": "es5",
  "useTabs": false,
  "endOfLine": "lf"
}
["INFO" - 4:04:45 PM] Formatting completed in 0.321ms.
["INFO" - 4:06:16 PM] Formatting file:///home/jeffrey/Work/smartrr/frontend/test/Schedule/Schedule.test.ts
["INFO" - 4:06:16 PM] Using config file at '/home/jeffrey/Work/smartrr/.prettierrc'
["INFO" - 4:06:16 PM] Using ignore file (if present) at /home/jeffrey/Work/smartrr/.prettierignore
["INFO" - 4:06:16 PM] File Info:
{
  "ignored": false,
  "inferredParser": "typescript"
}
["INFO" - 4:06:16 PM] Detected local configuration (i.e. .prettierrc or .editorconfig), VS Code configuration will not be used
["INFO" - 4:06:16 PM] Prettier Options:
{
  "filepath": "/home/jeffrey/Work/smartrr/frontend/test/Schedule/Schedule.test.ts",
  "parser": "typescript",
  "arrowParens": "avoid",
  "bracketSpacing": true,
  "htmlWhitespaceSensitivity": "css",
  "insertPragma": false,
  "jsxBracketSameLine": false,
  "printWidth": 114,
  "proseWrap": "preserve",
  "quoteProps": "as-needed",
  "requirePragma": false,
  "semi": true,
  "tabWidth": 2,
  "trailingComma": "es5",
  "useTabs": false,
  "endOfLine": "lf"
}
["INFO" - 4:06:16 PM] Formatting completed in 0.354ms.
["INFO" - 4:06:55 PM] Formatting file:///home/jeffrey/Work/smartrr/frontend/test/Schedule/Schedule.test.ts
["INFO" - 4:06:55 PM] Using config file at '/home/jeffrey/Work/smartrr/.prettierrc'
["INFO" - 4:06:55 PM] Using ignore file (if present) at /home/jeffrey/Work/smartrr/.prettierignore
["INFO" - 4:06:55 PM] File Info:
{
  "ignored": false,
  "inferredParser": "typescript"
}
["INFO" - 4:06:55 PM] Detected local configuration (i.e. .prettierrc or .editorconfig), VS Code configuration will not be used
["INFO" - 4:06:55 PM] Prettier Options:
{
  "filepath": "/home/jeffrey/Work/smartrr/frontend/test/Schedule/Schedule.test.ts",
  "parser": "typescript",
  "arrowParens": "avoid",
  "bracketSpacing": true,
  "htmlWhitespaceSensitivity": "css",
  "insertPragma": false,
  "jsxBracketSameLine": false,
  "printWidth": 114,
  "proseWrap": "preserve",
  "quoteProps": "as-needed",
  "requirePragma": false,
  "semi": true,
  "tabWidth": 2,
  "trailingComma": "es5",
  "useTabs": false,
  "endOfLine": "lf"
}
["INFO" - 4:06:55 PM] Formatting completed in 0.454ms.
["INFO" - 4:07:38 PM] Formatting file:///home/jeffrey/Work/smartrr/shared/entities/Schedule/RRuleManager.ts
["INFO" - 4:07:38 PM] Using config file at '/home/jeffrey/Work/smartrr/.prettierrc'
["INFO" - 4:07:38 PM] Using ignore file (if present) at /home/jeffrey/Work/smartrr/.prettierignore
["INFO" - 4:07:38 PM] File Info:
{
  "ignored": false,
  "inferredParser": "typescript"
}
["INFO" - 4:07:38 PM] Detected local configuration (i.e. .prettierrc or .editorconfig), VS Code configuration will not be used
["INFO" - 4:07:38 PM] Prettier Options:
{
  "filepath": "/home/jeffrey/Work/smartrr/shared/entities/Schedule/RRuleManager.ts",
  "parser": "typescript",
  "arrowParens": "avoid",
  "bracketSpacing": true,
  "htmlWhitespaceSensitivity": "css",
  "insertPragma": false,
  "jsxBracketSameLine": false,
  "printWidth": 114,
  "proseWrap": "preserve",
  "quoteProps": "as-needed",
  "requirePragma": false,
  "semi": true,
  "tabWidth": 2,
  "trailingComma": "es5",
  "useTabs": false,
  "endOfLine": "lf"
}
["INFO" - 4:07:38 PM] Formatting completed in 0.139ms.
["INFO" - 4:08:00 PM] Formatting file:///home/jeffrey/Work/smartrr/frontend/test/Schedule/Schedule.test.ts
["INFO" - 4:08:00 PM] Using config file at '/home/jeffrey/Work/smartrr/.prettierrc'
["INFO" - 4:08:00 PM] Using ignore file (if present) at /home/jeffrey/Work/smartrr/.prettierignore
["INFO" - 4:08:00 PM] File Info:
{
  "ignored": false,
  "inferredParser": "typescript"
}
["INFO" - 4:08:00 PM] Detected local configuration (i.e. .prettierrc or .editorconfig), VS Code configuration will not be used
["INFO" - 4:08:00 PM] Prettier Options:
{
  "filepath": "/home/jeffrey/Work/smartrr/frontend/test/Schedule/Schedule.test.ts",
  "parser": "typescript",
  "arrowParens": "avoid",
  "bracketSpacing": true,
  "htmlWhitespaceSensitivity": "css",
  "insertPragma": false,
  "jsxBracketSameLine": false,
  "printWidth": 114,
  "proseWrap": "preserve",
  "quoteProps": "as-needed",
  "requirePragma": false,
  "semi": true,
  "tabWidth": 2,
  "trailingComma": "es5",
  "useTabs": false,
  "endOfLine": "lf"
}
["INFO" - 4:08:00 PM] Formatting completed in 0.332ms.
["INFO" - 4:09:19 PM] Formatting file:///home/jeffrey/Work/smartrr/frontend/test/Schedule/Schedule.test.ts
["INFO" - 4:09:19 PM] Using config file at '/home/jeffrey/Work/smartrr/.prettierrc'
["INFO" - 4:09:19 PM] Using ignore file (if present) at /home/jeffrey/Work/smartrr/.prettierignore
["INFO" - 4:09:19 PM] File Info:
{
  "ignored": false,
  "inferredParser": "typescript"
}
["INFO" - 4:09:19 PM] Detected local configuration (i.e. .prettierrc or .editorconfig), VS Code configuration will not be used
["INFO" - 4:09:19 PM] Prettier Options:
{
  "filepath": "/home/jeffrey/Work/smartrr/frontend/test/Schedule/Schedule.test.ts",
  "parser": "typescript",
  "arrowParens": "avoid",
  "bracketSpacing": true,
  "htmlWhitespaceSensitivity": "css",
  "insertPragma": false,
  "jsxBracketSameLine": false,
  "printWidth": 114,
  "proseWrap": "preserve",
  "quoteProps": "as-needed",
  "requirePragma": false,
  "semi": true,
  "tabWidth": 2,
  "trailingComma": "es5",
  "useTabs": false,
  "endOfLine": "lf"
}
["INFO" - 4:09:20 PM] Formatting completed in 0.349ms.
["INFO" - 4:12:53 PM] Formatting file:///home/jeffrey/Work/smartrr/shared/entities/Schedule/utils/getCorrectedRRule.ts
["INFO" - 4:12:53 PM] Using config file at '/home/jeffrey/Work/smartrr/.prettierrc'
["INFO" - 4:12:53 PM] Using ignore file (if present) at /home/jeffrey/Work/smartrr/.prettierignore
["INFO" - 4:12:53 PM] File Info:
{
  "ignored": false,
  "inferredParser": "typescript"
}
["INFO" - 4:12:53 PM] Detected local configuration (i.e. .prettierrc or .editorconfig), VS Code configuration will not be used
["INFO" - 4:12:53 PM] Prettier Options:
{
  "filepath": "/home/jeffrey/Work/smartrr/shared/entities/Schedule/utils/getCorrectedRRule.ts",
  "parser": "typescript",
  "arrowParens": "avoid",
  "bracketSpacing": true,
  "htmlWhitespaceSensitivity": "css",
  "insertPragma": false,
  "jsxBracketSameLine": false,
  "printWidth": 114,
  "proseWrap": "preserve",
  "quoteProps": "as-needed",
  "requirePragma": false,
  "semi": true,
  "tabWidth": 2,
  "trailingComma": "es5",
  "useTabs": false,
  "endOfLine": "lf"
}
["INFO" - 4:12:53 PM] Formatting completed in 0.092ms.
["INFO" - 4:13:35 PM] Formatting file:///home/jeffrey/Work/smartrr/shared/entities/Schedule/utils/getCorrectedRRule.ts
["INFO" - 4:13:35 PM] Using config file at '/home/jeffrey/Work/smartrr/.prettierrc'
["INFO" - 4:13:35 PM] Using ignore file (if present) at /home/jeffrey/Work/smartrr/.prettierignore
["INFO" - 4:13:35 PM] File Info:
{
  "ignored": false,
  "inferredParser": "typescript"
}
["INFO" - 4:13:35 PM] Detected local configuration (i.e. .prettierrc or .editorconfig), VS Code configuration will not be used
["INFO" - 4:13:35 PM] Prettier Options:
{
  "filepath": "/home/jeffrey/Work/smartrr/shared/entities/Schedule/utils/getCorrectedRRule.ts",
  "parser": "typescript",
  "arrowParens": "avoid",
  "bracketSpacing": true,
  "htmlWhitespaceSensitivity": "css",
  "insertPragma": false,
  "jsxBracketSameLine": false,
  "printWidth": 114,
  "proseWrap": "preserve",
  "quoteProps": "as-needed",
  "requirePragma": false,
  "semi": true,
  "tabWidth": 2,
  "trailingComma": "es5",
  "useTabs": false,
  "endOfLine": "lf"
}
["INFO" - 4:13:35 PM] Formatting completed in 0.069ms.
["INFO" - 4:13:38 PM] Formatting file:///home/jeffrey/Work/smartrr/shared/entities/Schedule/utils/getCorrectedRRule.ts
["INFO" - 4:13:38 PM] Using config file at '/home/jeffrey/Work/smartrr/.prettierrc'
["INFO" - 4:13:38 PM] Using ignore file (if present) at /home/jeffrey/Work/smartrr/.prettierignore
["INFO" - 4:13:38 PM] File Info:
{
  "ignored": false,
  "inferredParser": "typescript"
}
["INFO" - 4:13:38 PM] Detected local configuration (i.e. .prettierrc or .editorconfig), VS Code configuration will not be used
["INFO" - 4:13:38 PM] Prettier Options:
{
  "filepath": "/home/jeffrey/Work/smartrr/shared/entities/Schedule/utils/getCorrectedRRule.ts",
  "parser": "typescript",
  "arrowParens": "avoid",
  "bracketSpacing": true,
  "htmlWhitespaceSensitivity": "css",
  "insertPragma": false,
  "jsxBracketSameLine": false,
  "printWidth": 114,
  "proseWrap": "preserve",
  "quoteProps": "as-needed",
  "requirePragma": false,
  "semi": true,
  "tabWidth": 2,
  "trailingComma": "es5",
  "useTabs": false,
  "endOfLine": "lf"
}
["INFO" - 4:13:38 PM] Formatting completed in 0.088ms.
["INFO" - 4:14:55 PM] Formatting file:///home/jeffrey/Work/smartrr/frontend/test/Schedule/Schedule.test.ts
["INFO" - 4:14:55 PM] Using config file at '/home/jeffrey/Work/smartrr/.prettierrc'
["INFO" - 4:14:55 PM] Using ignore file (if present) at /home/jeffrey/Work/smartrr/.prettierignore
["INFO" - 4:14:55 PM] File Info:
{
  "ignored": false,
  "inferredParser": "typescript"
}
["INFO" - 4:14:55 PM] Detected local configuration (i.e. .prettierrc or .editorconfig), VS Code configuration will not be used
["INFO" - 4:14:55 PM] Prettier Options:
{
  "filepath": "/home/jeffrey/Work/smartrr/frontend/test/Schedule/Schedule.test.ts",
  "parser": "typescript",
  "arrowParens": "avoid",
  "bracketSpacing": true,
  "htmlWhitespaceSensitivity": "css",
  "insertPragma": false,
  "jsxBracketSameLine": false,
  "printWidth": 114,
  "proseWrap": "preserve",
  "quoteProps": "as-needed",
  "requirePragma": false,
  "semi": true,
  "tabWidth": 2,
  "trailingComma": "es5",
  "useTabs": false,
  "endOfLine": "lf"
}
["INFO" - 4:14:56 PM] Formatting completed in 0.417ms.
["INFO" - 4:20:36 PM] Formatting file:///home/jeffrey/Work/smartrr/frontend/test/Schedule/Schedule.test.ts
["INFO" - 4:20:36 PM] Using config file at '/home/jeffrey/Work/smartrr/.prettierrc'
["INFO" - 4:20:36 PM] Using ignore file (if present) at /home/jeffrey/Work/smartrr/.prettierignore
["INFO" - 4:20:36 PM] File Info:
{
  "ignored": false,
  "inferredParser": "typescript"
}
["INFO" - 4:20:36 PM] Detected local configuration (i.e. .prettierrc or .editorconfig), VS Code configuration will not be used
["INFO" - 4:20:36 PM] Prettier Options:
{
  "filepath": "/home/jeffrey/Work/smartrr/frontend/test/Schedule/Schedule.test.ts",
  "parser": "typescript",
  "arrowParens": "avoid",
  "bracketSpacing": true,
  "htmlWhitespaceSensitivity": "css",
  "insertPragma": false,
  "jsxBracketSameLine": false,
  "printWidth": 114,
  "proseWrap": "preserve",
  "quoteProps": "as-needed",
  "requirePragma": false,
  "semi": true,
  "tabWidth": 2,
  "trailingComma": "es5",
  "useTabs": false,
  "endOfLine": "lf"
}
["INFO" - 4:20:36 PM] Formatting completed in 0.346ms.
["INFO" - 4:22:14 PM] Formatting file:///home/jeffrey/Work/smartrr/frontend/test/Schedule/Schedule.test.ts
["INFO" - 4:22:14 PM] Using config file at '/home/jeffrey/Work/smartrr/.prettierrc'
["INFO" - 4:22:14 PM] Using ignore file (if present) at /home/jeffrey/Work/smartrr/.prettierignore
["INFO" - 4:22:14 PM] File Info:
{
  "ignored": false,
  "inferredParser": "typescript"
}
["INFO" - 4:22:14 PM] Detected local configuration (i.e. .prettierrc or .editorconfig), VS Code configuration will not be used
["INFO" - 4:22:14 PM] Prettier Options:
{
  "filepath": "/home/jeffrey/Work/smartrr/frontend/test/Schedule/Schedule.test.ts",
  "parser": "typescript",
  "arrowParens": "avoid",
  "bracketSpacing": true,
  "htmlWhitespaceSensitivity": "css",
  "insertPragma": false,
  "jsxBracketSameLine": false,
  "printWidth": 114,
  "proseWrap": "preserve",
  "quoteProps": "as-needed",
  "requirePragma": false,
  "semi": true,
  "tabWidth": 2,
  "trailingComma": "es5",
  "useTabs": false,
  "endOfLine": "lf"
}
["INFO" - 4:22:15 PM] Formatting completed in 0.354ms.
["INFO" - 4:29:16 PM] Formatting file:///home/jeffrey/Work/smartrr/frontend/test/Schedule/Schedule.test.ts
["INFO" - 4:29:16 PM] Using config file at '/home/jeffrey/Work/smartrr/.prettierrc'
["INFO" - 4:29:16 PM] Using ignore file (if present) at /home/jeffrey/Work/smartrr/.prettierignore
["INFO" - 4:29:16 PM] File Info:
{
  "ignored": false,
  "inferredParser": "typescript"
}
["INFO" - 4:29:16 PM] Detected local configuration (i.e. .prettierrc or .editorconfig), VS Code configuration will not be used
["INFO" - 4:29:16 PM] Prettier Options:
{
  "filepath": "/home/jeffrey/Work/smartrr/frontend/test/Schedule/Schedule.test.ts",
  "parser": "typescript",
  "arrowParens": "avoid",
  "bracketSpacing": true,
  "htmlWhitespaceSensitivity": "css",
  "insertPragma": false,
  "jsxBracketSameLine": false,
  "printWidth": 114,
  "proseWrap": "preserve",
  "quoteProps": "as-needed",
  "requirePragma": false,
  "semi": true,
  "tabWidth": 2,
  "trailingComma": "es5",
  "useTabs": false,
  "endOfLine": "lf"
}
["INFO" - 4:29:17 PM] Formatting completed in 0.354ms.
["INFO" - 4:30:56 PM] Formatting file:///home/jeffrey/Work/smartrr/frontend/test/Schedule/Schedule.test.ts
["INFO" - 4:30:56 PM] Using config file at '/home/jeffrey/Work/smartrr/.prettierrc'
["INFO" - 4:30:56 PM] Using ignore file (if present) at /home/jeffrey/Work/smartrr/.prettierignore
["INFO" - 4:30:56 PM] File Info:
{
  "ignored": false,
  "inferredParser": "typescript"
}
["INFO" - 4:30:56 PM] Detected local configuration (i.e. .prettierrc or .editorconfig), VS Code configuration will not be used
["INFO" - 4:30:56 PM] Prettier Options:
{
  "filepath": "/home/jeffrey/Work/smartrr/frontend/test/Schedule/Schedule.test.ts",
  "parser": "typescript",
  "arrowParens": "avoid",
  "bracketSpacing": true,
  "htmlWhitespaceSensitivity": "css",
  "insertPragma": false,
  "jsxBracketSameLine": false,
  "printWidth": 114,
  "proseWrap": "preserve",
  "quoteProps": "as-needed",
  "requirePragma": false,
  "semi": true,
  "tabWidth": 2,
  "trailingComma": "es5",
  "useTabs": false,
  "endOfLine": "lf"
}
["INFO" - 4:30:57 PM] Formatting completed in 0.271ms.
["INFO" - 4:31:05 PM] Formatting file:///home/jeffrey/Work/smartrr/frontend/test/Schedule/Schedule.test.ts
["INFO" - 4:31:05 PM] Using config file at '/home/jeffrey/Work/smartrr/.prettierrc'
["INFO" - 4:31:05 PM] Using ignore file (if present) at /home/jeffrey/Work/smartrr/.prettierignore
["INFO" - 4:31:05 PM] File Info:
{
  "ignored": false,
  "inferredParser": "typescript"
}
["INFO" - 4:31:05 PM] Detected local configuration (i.e. .prettierrc or .editorconfig), VS Code configuration will not be used
["INFO" - 4:31:05 PM] Prettier Options:
{
  "filepath": "/home/jeffrey/Work/smartrr/frontend/test/Schedule/Schedule.test.ts",
  "parser": "typescript",
  "arrowParens": "avoid",
  "bracketSpacing": true,
  "htmlWhitespaceSensitivity": "css",
  "insertPragma": false,
  "jsxBracketSameLine": false,
  "printWidth": 114,
  "proseWrap": "preserve",
  "quoteProps": "as-needed",
  "requirePragma": false,
  "semi": true,
  "tabWidth": 2,
  "trailingComma": "es5",
  "useTabs": false,
  "endOfLine": "lf"
}
["INFO" - 4:31:05 PM] Formatting completed in 0.252ms.
["INFO" - 4:38:10 PM] Formatting file:///home/jeffrey/Work/smartrr/frontend/test/Schedule/Schedule.test.ts
["INFO" - 4:38:10 PM] Using config file at '/home/jeffrey/Work/smartrr/.prettierrc'
["INFO" - 4:38:10 PM] Using ignore file (if present) at /home/jeffrey/Work/smartrr/.prettierignore
["INFO" - 4:38:10 PM] File Info:
{
  "ignored": false,
  "inferredParser": "typescript"
}
["INFO" - 4:38:10 PM] Detected local configuration (i.e. .prettierrc or .editorconfig), VS Code configuration will not be used
["INFO" - 4:38:10 PM] Prettier Options:
{
  "filepath": "/home/jeffrey/Work/smartrr/frontend/test/Schedule/Schedule.test.ts",
  "parser": "typescript",
  "arrowParens": "avoid",
  "bracketSpacing": true,
  "htmlWhitespaceSensitivity": "css",
  "insertPragma": false,
  "jsxBracketSameLine": false,
  "printWidth": 114,
  "proseWrap": "preserve",
  "quoteProps": "as-needed",
  "requirePragma": false,
  "semi": true,
  "tabWidth": 2,
  "trailingComma": "es5",
  "useTabs": false,
  "endOfLine": "lf"
}
["INFO" - 4:38:10 PM] Formatting completed in 0.209ms.
["INFO" - 4:39:00 PM] Formatting file:///home/jeffrey/Work/smartrr/frontend/test/Schedule/Schedule.test.ts
["INFO" - 4:39:00 PM] Using config file at '/home/jeffrey/Work/smartrr/.prettierrc'
["INFO" - 4:39:00 PM] Using ignore file (if present) at /home/jeffrey/Work/smartrr/.prettierignore
["INFO" - 4:39:00 PM] File Info:
{
  "ignored": false,
  "inferredParser": "typescript"
}
["INFO" - 4:39:00 PM] Detected local configuration (i.e. .prettierrc or .editorconfig), VS Code configuration will not be used
["INFO" - 4:39:00 PM] Prettier Options:
{
  "filepath": "/home/jeffrey/Work/smartrr/frontend/test/Schedule/Schedule.test.ts",
  "parser": "typescript",
  "arrowParens": "avoid",
  "bracketSpacing": true,
  "htmlWhitespaceSensitivity": "css",
  "insertPragma": false,
  "jsxBracketSameLine": false,
  "printWidth": 114,
  "proseWrap": "preserve",
  "quoteProps": "as-needed",
  "requirePragma": false,
  "semi": true,
  "tabWidth": 2,
  "trailingComma": "es5",
  "useTabs": false,
  "endOfLine": "lf"
}
["INFO" - 4:39:00 PM] Formatting completed in 0.212ms.
["INFO" - 4:39:42 PM] Formatting file:///home/jeffrey/Work/smartrr/frontend/test/Schedule/Schedule.test.ts
["INFO" - 4:39:42 PM] Using config file at '/home/jeffrey/Work/smartrr/.prettierrc'
["INFO" - 4:39:42 PM] Using ignore file (if present) at /home/jeffrey/Work/smartrr/.prettierignore
["INFO" - 4:39:42 PM] File Info:
{
  "ignored": false,
  "inferredParser": "typescript"
}
["INFO" - 4:39:42 PM] Detected local configuration (i.e. .prettierrc or .editorconfig), VS Code configuration will not be used
["INFO" - 4:39:42 PM] Prettier Options:
{
  "filepath": "/home/jeffrey/Work/smartrr/frontend/test/Schedule/Schedule.test.ts",
  "parser": "typescript",
  "arrowParens": "avoid",
  "bracketSpacing": true,
  "htmlWhitespaceSensitivity": "css",
  "insertPragma": false,
  "jsxBracketSameLine": false,
  "printWidth": 114,
  "proseWrap": "preserve",
  "quoteProps": "as-needed",
  "requirePragma": false,
  "semi": true,
  "tabWidth": 2,
  "trailingComma": "es5",
  "useTabs": false,
  "endOfLine": "lf"
}
["INFO" - 4:39:42 PM] Formatting completed in 0.177ms.
["INFO" - 4:41:49 PM] Formatting file:///home/jeffrey/Work/smartrr/frontend/test/Schedule/Schedule.test.ts
["INFO" - 4:41:49 PM] Using config file at '/home/jeffrey/Work/smartrr/.prettierrc'
["INFO" - 4:41:49 PM] Using ignore file (if present) at /home/jeffrey/Work/smartrr/.prettierignore
["INFO" - 4:41:49 PM] File Info:
{
  "ignored": false,
  "inferredParser": "typescript"
}
["INFO" - 4:41:49 PM] Detected local configuration (i.e. .prettierrc or .editorconfig), VS Code configuration will not be used
["INFO" - 4:41:49 PM] Prettier Options:
{
  "filepath": "/home/jeffrey/Work/smartrr/frontend/test/Schedule/Schedule.test.ts",
  "parser": "typescript",
  "arrowParens": "avoid",
  "bracketSpacing": true,
  "htmlWhitespaceSensitivity": "css",
  "insertPragma": false,
  "jsxBracketSameLine": false,
  "printWidth": 114,
  "proseWrap": "preserve",
  "quoteProps": "as-needed",
  "requirePragma": false,
  "semi": true,
  "tabWidth": 2,
  "trailingComma": "es5",
  "useTabs": false,
  "endOfLine": "lf"
}
["INFO" - 4:41:49 PM] Formatting completed in 0.349ms.
["INFO" - 4:42:05 PM] Formatting file:///home/jeffrey/Work/smartrr/frontend/test/Schedule/Schedule.test.ts
["INFO" - 4:42:05 PM] Using config file at '/home/jeffrey/Work/smartrr/.prettierrc'
["INFO" - 4:42:05 PM] Using ignore file (if present) at /home/jeffrey/Work/smartrr/.prettierignore
["INFO" - 4:42:05 PM] File Info:
{
  "ignored": false,
  "inferredParser": "typescript"
}
["INFO" - 4:42:05 PM] Detected local configuration (i.e. .prettierrc or .editorconfig), VS Code configuration will not be used
["INFO" - 4:42:05 PM] Prettier Options:
{
  "filepath": "/home/jeffrey/Work/smartrr/frontend/test/Schedule/Schedule.test.ts",
  "parser": "typescript",
  "arrowParens": "avoid",
  "bracketSpacing": true,
  "htmlWhitespaceSensitivity": "css",
  "insertPragma": false,
  "jsxBracketSameLine": false,
  "printWidth": 114,
  "proseWrap": "preserve",
  "quoteProps": "as-needed",
  "requirePragma": false,
  "semi": true,
  "tabWidth": 2,
  "trailingComma": "es5",
  "useTabs": false,
  "endOfLine": "lf"
}
["INFO" - 4:42:05 PM] Formatting completed in 0.299ms.
["INFO" - 4:42:28 PM] Formatting file:///home/jeffrey/Work/smartrr/frontend/test/Schedule/Schedule.test.ts
["INFO" - 4:42:28 PM] Using config file at '/home/jeffrey/Work/smartrr/.prettierrc'
["INFO" - 4:42:28 PM] Using ignore file (if present) at /home/jeffrey/Work/smartrr/.prettierignore
["INFO" - 4:42:28 PM] File Info:
{
  "ignored": false,
  "inferredParser": "typescript"
}
["INFO" - 4:42:28 PM] Detected local configuration (i.e. .prettierrc or .editorconfig), VS Code configuration will not be used
["INFO" - 4:42:28 PM] Prettier Options:
{
  "filepath": "/home/jeffrey/Work/smartrr/frontend/test/Schedule/Schedule.test.ts",
  "parser": "typescript",
  "arrowParens": "avoid",
  "bracketSpacing": true,
  "htmlWhitespaceSensitivity": "css",
  "insertPragma": false,
  "jsxBracketSameLine": false,
  "printWidth": 114,
  "proseWrap": "preserve",
  "quoteProps": "as-needed",
  "requirePragma": false,
  "semi": true,
  "tabWidth": 2,
  "trailingComma": "es5",
  "useTabs": false,
  "endOfLine": "lf"
}
["INFO" - 4:42:28 PM] Formatting completed in 0.24ms.
["INFO" - 4:49:17 PM] Formatting file:///home/jeffrey/Work/smartrr/frontend/test/Schedule/Schedule.test.ts
["INFO" - 4:49:17 PM] Using config file at '/home/jeffrey/Work/smartrr/.prettierrc'
["INFO" - 4:49:17 PM] Using ignore file (if present) at /home/jeffrey/Work/smartrr/.prettierignore
["INFO" - 4:49:17 PM] File Info:
{
  "ignored": false,
  "inferredParser": "typescript"
}
["INFO" - 4:49:17 PM] Detected local configuration (i.e. .prettierrc or .editorconfig), VS Code configuration will not be used
["INFO" - 4:49:17 PM] Prettier Options:
{
  "filepath": "/home/jeffrey/Work/smartrr/frontend/test/Schedule/Schedule.test.ts",
  "parser": "typescript",
  "arrowParens": "avoid",
  "bracketSpacing": true,
  "htmlWhitespaceSensitivity": "css",
  "insertPragma": false,
  "jsxBracketSameLine": false,
  "printWidth": 114,
  "proseWrap": "preserve",
  "quoteProps": "as-needed",
  "requirePragma": false,
  "semi": true,
  "tabWidth": 2,
  "trailingComma": "es5",
  "useTabs": false,
  "endOfLine": "lf"
}
["INFO" - 4:49:17 PM] Formatting completed in 0.348ms.
["INFO" - 4:49:56 PM] Formatting file:///home/jeffrey/Work/smartrr/frontend/test/Schedule/Schedule.test.ts
["INFO" - 4:49:56 PM] Using config file at '/home/jeffrey/Work/smartrr/.prettierrc'
["INFO" - 4:49:56 PM] Using ignore file (if present) at /home/jeffrey/Work/smartrr/.prettierignore
["INFO" - 4:49:56 PM] File Info:
{
  "ignored": false,
  "inferredParser": "typescript"
}
["INFO" - 4:49:56 PM] Detected local configuration (i.e. .prettierrc or .editorconfig), VS Code configuration will not be used
["INFO" - 4:49:56 PM] Prettier Options:
{
  "filepath": "/home/jeffrey/Work/smartrr/frontend/test/Schedule/Schedule.test.ts",
  "parser": "typescript",
  "arrowParens": "avoid",
  "bracketSpacing": true,
  "htmlWhitespaceSensitivity": "css",
  "insertPragma": false,
  "jsxBracketSameLine": false,
  "printWidth": 114,
  "proseWrap": "preserve",
  "quoteProps": "as-needed",
  "requirePragma": false,
  "semi": true,
  "tabWidth": 2,
  "trailingComma": "es5",
  "useTabs": false,
  "endOfLine": "lf"
}
["ERROR" - 4:49:57 PM] Error formatting document.
["ERROR" - 4:49:57 PM] ';' expected. (1363:11)
  1361 |     const nextAnchorDate = new Date("2021-10-");
  1362 |       freq: Frequency.DAILY,
> 1363 |       freq: Frequency.DAILY,
       |           ^
  1364 |       interval: 1,
  1365 |     const nextAnchorDate = new Date();
  1366 |     };
SyntaxError: ';' expected. (1363:11)
  1361 |     const nextAnchorDate = new Date("2021-10-");
  1362 |       freq: Frequency.DAILY,
> 1363 |       freq: Frequency.DAILY,
       |           ^
  1364 |       interval: 1,
  1365 |     const nextAnchorDate = new Date();
  1366 |     };
    at e (/home/jeffrey/Work/smartrr/node_modules/prettier/parser-typescript.js:1:384)
    at Object.parse (/home/jeffrey/Work/smartrr/node_modules/prettier/parser-typescript.js:1:3072782)
    at Object.parse (/home/jeffrey/Work/smartrr/node_modules/prettier/index.js:13625:19)
    at coreFormat (/home/jeffrey/Work/smartrr/node_modules/prettier/index.js:14899:14)
    at format (/home/jeffrey/Work/smartrr/node_modules/prettier/index.js:15131:14)
    at /home/jeffrey/Work/smartrr/node_modules/prettier/index.js:57542:12
    at Object.Success [as format] (/home/jeffrey/Work/smartrr/node_modules/prettier/index.js:57562:12)
    at t.default.<anonymous> (/home/jeffrey/.vscode/extensions/esbenp.prettier-vscode-9.0.0/src/PrettierEditService.ts:434:45)
    at Generator.next (<anonymous>)
    at s (/home/jeffrey/.vscode/extensions/esbenp.prettier-vscode-9.0.0/dist/extension.js:1:7872)
["INFO" - 4:49:57 PM] Formatting completed in 0.125ms.
["INFO" - 4:51:04 PM] Formatting file:///home/jeffrey/Work/smartrr/frontend/test/Schedule/Schedule.test.ts
["INFO" - 4:51:05 PM] Using config file at '/home/jeffrey/Work/smartrr/.prettierrc'
["INFO" - 4:51:05 PM] Using ignore file (if present) at /home/jeffrey/Work/smartrr/.prettierignore
["INFO" - 4:51:05 PM] File Info:
{
  "ignored": false,
  "inferredParser": "typescript"
}
["INFO" - 4:51:05 PM] Detected local configuration (i.e. .prettierrc or .editorconfig), VS Code configuration will not be used
["INFO" - 4:51:05 PM] Prettier Options:
{
  "filepath": "/home/jeffrey/Work/smartrr/frontend/test/Schedule/Schedule.test.ts",
  "parser": "typescript",
  "arrowParens": "avoid",
  "bracketSpacing": true,
  "htmlWhitespaceSensitivity": "css",
  "insertPragma": false,
  "jsxBracketSameLine": false,
  "printWidth": 114,
  "proseWrap": "preserve",
  "quoteProps": "as-needed",
  "requirePragma": false,
  "semi": true,
  "tabWidth": 2,
  "trailingComma": "es5",
  "useTabs": false,
  "endOfLine": "lf"
}
["INFO" - 4:51:05 PM] Formatting completed in 0.461ms.
["INFO" - 4:51:36 PM] Formatting file:///home/jeffrey/Work/smartrr/frontend/test/Schedule/Schedule.test.ts
["INFO" - 4:51:36 PM] Using config file at '/home/jeffrey/Work/smartrr/.prettierrc'
["INFO" - 4:51:36 PM] Using ignore file (if present) at /home/jeffrey/Work/smartrr/.prettierignore
["INFO" - 4:51:36 PM] File Info:
{
  "ignored": false,
  "inferredParser": "typescript"
}
["INFO" - 4:51:36 PM] Detected local configuration (i.e. .prettierrc or .editorconfig), VS Code configuration will not be used
["INFO" - 4:51:36 PM] Prettier Options:
{
  "filepath": "/home/jeffrey/Work/smartrr/frontend/test/Schedule/Schedule.test.ts",
  "parser": "typescript",
  "arrowParens": "avoid",
  "bracketSpacing": true,
  "htmlWhitespaceSensitivity": "css",
  "insertPragma": false,
  "jsxBracketSameLine": false,
  "printWidth": 114,
  "proseWrap": "preserve",
  "quoteProps": "as-needed",
  "requirePragma": false,
  "semi": true,
  "tabWidth": 2,
  "trailingComma": "es5",
  "useTabs": false,
  "endOfLine": "lf"
}
["INFO" - 4:51:37 PM] Formatting completed in 0.29ms.
["INFO" - 4:52:32 PM] Formatting file:///home/jeffrey/Work/smartrr/frontend/test/Schedule/Schedule.test.ts
["INFO" - 4:52:32 PM] Using config file at '/home/jeffrey/Work/smartrr/.prettierrc'
["INFO" - 4:52:32 PM] Using ignore file (if present) at /home/jeffrey/Work/smartrr/.prettierignore
["INFO" - 4:52:32 PM] File Info:
{
  "ignored": false,
  "inferredParser": "typescript"
}
["INFO" - 4:52:32 PM] Detected local configuration (i.e. .prettierrc or .editorconfig), VS Code configuration will not be used
["INFO" - 4:52:32 PM] Prettier Options:
{
  "filepath": "/home/jeffrey/Work/smartrr/frontend/test/Schedule/Schedule.test.ts",
  "parser": "typescript",
  "arrowParens": "avoid",
  "bracketSpacing": true,
  "htmlWhitespaceSensitivity": "css",
  "insertPragma": false,
  "jsxBracketSameLine": false,
  "printWidth": 114,
  "proseWrap": "preserve",
  "quoteProps": "as-needed",
  "requirePragma": false,
  "semi": true,
  "tabWidth": 2,
  "trailingComma": "es5",
  "useTabs": false,
  "endOfLine": "lf"
}
["INFO" - 4:52:32 PM] Formatting completed in 0.319ms.
