INFO: 2021-09-14 16:25:57,174: main() 'Using profile folder /home/jeffrey/.config/variety/'
INFO: 2021-09-14 16:25:57,178: makedirs() 'Creating folder /home/jeffrey/.config/variety/plugins'
INFO: 2021-09-14 16:25:57,178: perform_upgrade() 'Last run version was 0.4.12 or earlier, current version is 0.8.5'
INFO: 2021-09-14 16:25:57,279: perform_upgrade() 'Performing upgrade to 0.4.13'
INFO: 2021-09-14 16:25:57,281: perform_upgrade() 'Writing .variety_download_folder to current download folder /home/jeffrey/.config/variety/Downloaded'
INFO: 2021-09-14 16:25:57,281: makedirs() 'Creating folder /home/jeffrey/.config/variety/Downloaded'
INFO: 2021-09-14 16:25:57,281: perform_upgrade() 'Performing upgrade to 0.4.14'
INFO: 2021-09-14 16:25:57,281: perform_upgrade() 'Performing upgrade to 0.8.0'
INFO: 2021-09-14 16:25:57,284: perform_upgrade() 'Performing upgrade to 0.8.2'
INFO: 2021-09-14 16:25:57,287: perform_upgrade() 'Performing upgrade to 0.8.3'
INFO: 2021-09-14 16:25:57,290: write_current_version() 'Writing current version 0.8.5 to .version'
INFO: 2021-09-14 16:25:57,291: perform_upgrade() 'Updating Variety autostart desktop entry'
INFO: 2021-09-14 16:25:57,292: process_command() 'Received command: ['-p']'
INFO: 2021-09-14 16:25:57,294: load_banned() 'Missing or invalid banned URLs list, no URLs will be banned'
INFO: 2021-09-14 16:25:57,304: start() 'Using data_path /usr/share/variety'
INFO: 2021-09-14 16:25:57,304: load() 'Jumble loading'
INFO: 2021-09-14 16:25:57,304: _walk_modules() 'Jumble loading module in __init__ from /usr/lib/python3.9/site-packages/variety/plugins/builtin/__init__.py'
INFO: 2021-09-14 16:25:57,305: _walk_modules() 'Jumble loading module in APODDownloader from /usr/lib/python3.9/site-packages/variety/plugins/builtin/downloaders/APODDownloader.py'
INFO: 2021-09-14 16:25:57,306: load() 'Jumble found plugin class: <class 'APODDownloader.APODDownloader'>: {'name': 'APODDownloader', 'description': 'NASA Astro Pic of the Day', 'author': 'Peter Levi', 'version': '0.1'}'
INFO: 2021-09-14 16:25:57,307: _walk_modules() 'Jumble loading module in BingDownloader from /usr/lib/python3.9/site-packages/variety/plugins/builtin/downloaders/BingDownloader.py'
INFO: 2021-09-14 16:25:57,308: load() 'Jumble found plugin class: <class 'BingDownloader.BingDownloader'>: {'name': 'BingDownloader', 'description': 'Bing Photo of the Day', 'author': 'Peter Levi', 'version': '0.1'}'
INFO: 2021-09-14 16:25:57,309: _walk_modules() 'Jumble loading module in EarthviewDownloader from /usr/lib/python3.9/site-packages/variety/plugins/builtin/downloaders/EarthviewDownloader.py'
INFO: 2021-09-14 16:25:57,310: load() 'Jumble found plugin class: <class 'EarthviewDownloader.EarthviewDownloader'>: {'name': 'EarthviewDownloader', 'description': 'Google Earth View Wallpapers', 'author': 'Peter Levi', 'version': '0.1'}'
INFO: 2021-09-14 16:25:57,310: _walk_modules() 'Jumble loading module in MediaRSSDownloader from /usr/lib/python3.9/site-packages/variety/plugins/builtin/downloaders/MediaRSSDownloader.py'
INFO: 2021-09-14 16:25:57,311: _walk_modules() 'Jumble loading module in MediaRSSSource from /usr/lib/python3.9/site-packages/variety/plugins/builtin/downloaders/MediaRSSSource.py'
INFO: 2021-09-14 16:25:57,313: load() 'Jumble found plugin class: <class 'MediaRSSSource.MediaRSSSource'>: {'name': 'MediaRSSSource', 'description': 'Configurable source for fetching images from MediaRSS feeds', 'author': 'Peter Levi', 'version': '0.1'}'
INFO: 2021-09-14 16:25:57,314: _walk_modules() 'Jumble loading module in RedditDownloader from /usr/lib/python3.9/site-packages/variety/plugins/builtin/downloaders/RedditDownloader.py'
INFO: 2021-09-14 16:25:57,315: _walk_modules() 'Jumble loading module in RedditSource from /usr/lib/python3.9/site-packages/variety/plugins/builtin/downloaders/RedditSource.py'
INFO: 2021-09-14 16:25:57,316: load() 'Jumble found plugin class: <class 'RedditSource.RedditSource'>: {'name': 'RedditSource', 'description': 'Configurable source for fetching images from Reddit', 'author': 'Peter Levi', 'version': '0.1'}'
INFO: 2021-09-14 16:25:57,316: _walk_modules() 'Jumble loading module in UnsplashConfigurableSource from /usr/lib/python3.9/site-packages/variety/plugins/builtin/downloaders/UnsplashConfigurableSource.py'
INFO: 2021-09-14 16:25:57,318: load() 'Jumble found plugin class: <class 'UnsplashConfigurableSource.UnsplashConfigurableSource'>: {'name': 'UnsplashConfigurableSource', 'description': 'Configurable source for fetching photos from Unsplash.com', 'author': 'Peter Levi', 'version': '0.1'}'
INFO: 2021-09-14 16:25:57,318: _walk_modules() 'Jumble loading module in UnsplashDownloader from /usr/lib/python3.9/site-packages/variety/plugins/builtin/downloaders/UnsplashDownloader.py'
INFO: 2021-09-14 16:25:57,319: load() 'Jumble found plugin class: <class 'UnsplashDownloader.UnsplashDownloader'>: {'name': 'UnsplashDownloader', 'description': 'High-resolution photos from Unsplash.com', 'author': 'Peter Levi', 'version': '0.1'}'
INFO: 2021-09-14 16:25:57,319: _walk_modules() 'Jumble loading module in WallhavenDownloader from /usr/lib/python3.9/site-packages/variety/plugins/builtin/downloaders/WallhavenDownloader.py'
INFO: 2021-09-14 16:25:57,320: _walk_modules() 'Jumble loading module in WallhavenSource from /usr/lib/python3.9/site-packages/variety/plugins/builtin/downloaders/WallhavenSource.py'
INFO: 2021-09-14 16:25:57,321: load() 'Jumble found plugin class: <class 'WallhavenSource.WallhavenSource'>: {'name': 'WallhavenSource', 'description': 'Configurable source for fetching images from Wallhaven.cc', 'author': 'Peter Levi', 'version': '0.1'}'
INFO: 2021-09-14 16:25:57,321: _walk_modules() 'Jumble loading module in __init__ from /usr/lib/python3.9/site-packages/variety/plugins/builtin/downloaders/__init__.py'
INFO: 2021-09-14 16:25:57,322: _walk_modules() 'Jumble loading module in FortuneSource from /usr/lib/python3.9/site-packages/variety/plugins/builtin/quotes/FortuneSource.py'
INFO: 2021-09-14 16:25:57,323: load() 'Jumble found plugin class: <class 'FortuneSource.FortuneSource'>: {'name': 'UNIX fortune program', 'description': 'Displays quotes using the UNIX fortune program. You may want to install additional fortune packs, e.g. fortunes-bofh-excuses.', 'author': 'Dan Jones', 'version': '0.1'}'
INFO: 2021-09-14 16:25:57,323: _walk_modules() 'Jumble loading module in GoodreadsSource from /usr/lib/python3.9/site-packages/variety/plugins/builtin/quotes/GoodreadsSource.py'
INFO: 2021-09-14 16:25:57,331: load() 'Jumble found plugin class: <class 'GoodreadsSource.GoodreadsSource'>: {'name': 'Goodreads', 'description': 'Fetches quotes from Goodreads.com', 'author': 'Peter Levi', 'version': '0.1'}'
INFO: 2021-09-14 16:25:57,331: _walk_modules() 'Jumble loading module in LocalFilesSource from /usr/lib/python3.9/site-packages/variety/plugins/builtin/quotes/LocalFilesSource.py'
INFO: 2021-09-14 16:25:57,332: load() 'Jumble found plugin class: <class 'LocalFilesSource.LocalFilesSource'>: {'name': 'Local text files', 'description': 'Displays quotes, defined in local text files.\nPut your own txt files in: ~/.config/variety/pluginconfig/quotes/.\nThe file format is:\n\nquote -- author\n.\nsecond quote -- another author\n.\netc...\n\nExample: http://rvelthuis.de/zips/quotes.txt', 'author': 'Peter Levi', 'version': '0.1'}'
INFO: 2021-09-14 16:25:57,332: _walk_modules() 'Jumble loading module in QuotationsPageSource from /usr/lib/python3.9/site-packages/variety/plugins/builtin/quotes/QuotationsPageSource.py'
INFO: 2021-09-14 16:25:57,333: load() 'Jumble found plugin class: <class 'QuotationsPageSource.QuotationsPageSource'>: {'name': 'TheQuotationsPage.com', 'description': 'Fetches quotes from TheQuotationsPage.com', 'author': 'Peter Levi', 'version': '0.1'}'
INFO: 2021-09-14 16:25:57,333: _walk_modules() 'Jumble loading module in UrbanDictionarySource from /usr/lib/python3.9/site-packages/variety/plugins/builtin/quotes/UrbanDictionarySource.py'
INFO: 2021-09-14 16:25:57,334: load() 'Jumble found plugin class: <class 'UrbanDictionarySource.UrbanDictionarySource'>: {'name': 'Urban Dictionary', 'description': 'Displays definitions from Urban Dictionary', 'author': 'James Miller', 'version': '0.1'}'
INFO: 2021-09-14 16:25:57,334: _walk_modules() 'Jumble loading module in __init__ from /usr/lib/python3.9/site-packages/variety/plugins/builtin/quotes/__init__.py'
INFO: 2021-09-14 16:25:57,335: makedirs() 'Creating folder /home/jeffrey/.config/variety/pluginconfig/downloaders'
INFO: 2021-09-14 16:25:57,336: makedirs() 'Creating folder /home/jeffrey/.config/variety/Favorites'
INFO: 2021-09-14 16:25:57,336: makedirs() 'Creating folder /home/jeffrey/.config/variety/Fetched'
INFO: 2021-09-14 16:25:57,337: log_options() 'Loaded options:'
INFO: 2021-09-14 16:25:57,337: log_options() 'change_enabled = False'
INFO: 2021-09-14 16:25:57,337: log_options() 'change_interval = 300'
INFO: 2021-09-14 16:25:57,337: log_options() 'change_on_start = False'
INFO: 2021-09-14 16:25:57,337: log_options() 'clipboard_enabled = False'
INFO: 2021-09-14 16:25:57,337: log_options() 'clipboard_hosts = ['wallhaven.cc', 'wallpapers.net', 'flickr.com', 'imgur.com', 'deviantart.com', 'interfacelift.com', 'vladstudio.com', 'imageshack.us', 'deviantart.net', 'imageshack.com']'
INFO: 2021-09-14 16:25:57,337: log_options() 'clipboard_use_whitelist = True'
INFO: 2021-09-14 16:25:57,337: log_options() 'clock_date_font = Ubuntu Condensed, 30'
INFO: 2021-09-14 16:25:57,337: log_options() 'clock_enabled = False'
INFO: 2021-09-14 16:25:57,337: log_options() 'clock_filter = -density 100 -font `fc-match -f '%{file[0]}' '%CLOCK_FONT_NAME'` -pointsize %CLOCK_FONT_SIZE -gravity SouthEast -fill '#00000044' -annotate 0x0+[%HOFFSET+58]+[%VOFFSET+108] '%H:%M' -fill white -annotate 0x0+[%HOFFSET+60]+[%VOFFSET+110] '%H:%M' -font `fc-match -f '%{file[0]}' '%DATE_FONT_NAME'` -pointsize %DATE_FONT_SIZE -fill '#00000044' -annotate 0x0+[%HOFFSET+58]+[%VOFFSET+58] '%A, %B %d' -fill white -annotate 0x0+[%HOFFSET+60]+[%VOFFSET+60] '%A, %B %d''
INFO: 2021-09-14 16:25:57,337: log_options() 'clock_font = Ubuntu Condensed, 70'
INFO: 2021-09-14 16:25:57,337: log_options() 'configfile = /home/jeffrey/.config/variety/variety.conf'
INFO: 2021-09-14 16:25:57,337: log_options() 'copyto_enabled = False'
INFO: 2021-09-14 16:25:57,337: log_options() 'copyto_folder = Default'
INFO: 2021-09-14 16:25:57,337: log_options() 'desired_color = [160, 160, 160]'
INFO: 2021-09-14 16:25:57,337: log_options() 'desired_color_enabled = False'
INFO: 2021-09-14 16:25:57,337: log_options() 'download_folder = /home/jeffrey/.config/variety/Downloaded'
INFO: 2021-09-14 16:25:57,337: log_options() 'download_preference_ratio = 0.9'
INFO: 2021-09-14 16:25:57,337: log_options() 'favorites_folder = /home/jeffrey/.config/variety/Favorites'
INFO: 2021-09-14 16:25:57,337: log_options() 'favorites_operations = [['Downloaded', 'Copy'], ['Fetched', 'Move'], ['Others', 'Copy']]'
INFO: 2021-09-14 16:25:57,337: log_options() 'fetched_folder = /home/jeffrey/.config/variety/Fetched'
INFO: 2021-09-14 16:25:57,337: log_options() 'filters = [[False, 'Keep original', ''], [False, 'Grayscale', '-type Grayscale'], [False, 'Heavy blur', '-blur 120x40'], [False, 'Soft blur', '-blur 20x7'], [False, 'Oil painting', '-paint 8'], [False, 'Pointilism', '-spread 10 -noise 3'], [False, 'Pixellate', '-scale 3% -scale 3333%']]'
INFO: 2021-09-14 16:25:57,337: log_options() 'icon = Light'
INFO: 2021-09-14 16:25:57,337: log_options() 'lightness_enabled = False'
INFO: 2021-09-14 16:25:57,337: log_options() 'lightness_mode = 0'
INFO: 2021-09-14 16:25:57,338: log_options() 'min_rating = 4'
INFO: 2021-09-14 16:25:57,338: log_options() 'min_rating_enabled = False'
INFO: 2021-09-14 16:25:57,338: log_options() 'min_size = 80'
INFO: 2021-09-14 16:25:57,338: log_options() 'min_size_enabled = True'
INFO: 2021-09-14 16:25:57,338: log_options() 'quota_enabled = True'
INFO: 2021-09-14 16:25:57,338: log_options() 'quota_size = 1000'
INFO: 2021-09-14 16:25:57,338: log_options() 'quotes_authors = '
INFO: 2021-09-14 16:25:57,338: log_options() 'quotes_bg_color = [80, 80, 80]'
INFO: 2021-09-14 16:25:57,338: log_options() 'quotes_bg_opacity = 55'
INFO: 2021-09-14 16:25:57,338: log_options() 'quotes_change_enabled = False'
INFO: 2021-09-14 16:25:57,338: log_options() 'quotes_change_interval = 300'
INFO: 2021-09-14 16:25:57,338: log_options() 'quotes_disabled_sources = ['Urban Dictionary']'
INFO: 2021-09-14 16:25:57,338: log_options() 'quotes_enabled = False'
INFO: 2021-09-14 16:25:57,338: log_options() 'quotes_favorites_file = /home/jeffrey/.config/variety/favorite_quotes.txt'
INFO: 2021-09-14 16:25:57,338: log_options() 'quotes_font = Bitstream Charter 30'
INFO: 2021-09-14 16:25:57,338: log_options() 'quotes_hpos = 100'
INFO: 2021-09-14 16:25:57,338: log_options() 'quotes_max_length = 250'
INFO: 2021-09-14 16:25:57,338: log_options() 'quotes_tags = '
INFO: 2021-09-14 16:25:57,338: log_options() 'quotes_text_color = [255, 255, 255]'
INFO: 2021-09-14 16:25:57,338: log_options() 'quotes_text_shadow = False'
INFO: 2021-09-14 16:25:57,338: log_options() 'quotes_vpos = 40'
INFO: 2021-09-14 16:25:57,338: log_options() 'quotes_width = 70'
INFO: 2021-09-14 16:25:57,338: log_options() 'safe_mode = False'
INFO: 2021-09-14 16:25:57,338: log_options() 'slideshow_custom_enabled = False'
INFO: 2021-09-14 16:25:57,338: log_options() 'slideshow_custom_folder = /home/jeffrey/Pictures'
INFO: 2021-09-14 16:25:57,338: log_options() 'slideshow_downloads_enabled = False'
INFO: 2021-09-14 16:25:57,338: log_options() 'slideshow_fade = 0.4'
INFO: 2021-09-14 16:25:57,338: log_options() 'slideshow_favorites_enabled = True'
INFO: 2021-09-14 16:25:57,338: log_options() 'slideshow_mode = Fullscreen'
INFO: 2021-09-14 16:25:57,338: log_options() 'slideshow_monitor = All'
INFO: 2021-09-14 16:25:57,338: log_options() 'slideshow_pan = 0.05'
INFO: 2021-09-14 16:25:57,338: log_options() 'slideshow_seconds = 6.0'
INFO: 2021-09-14 16:25:57,338: log_options() 'slideshow_sort_order = Random'
INFO: 2021-09-14 16:25:57,338: log_options() 'slideshow_sources_enabled = True'
INFO: 2021-09-14 16:25:57,338: log_options() 'slideshow_zoom = 0.2'
INFO: 2021-09-14 16:25:57,338: log_options() 'smart_enabled = False'
INFO: 2021-09-14 16:25:57,338: log_options() 'smart_notice_shown = False'
INFO: 2021-09-14 16:25:57,338: log_options() 'smart_register_shown = False'
INFO: 2021-09-14 16:25:57,338: log_options() 'sources = [[True, 'favorites', 'The Favorites folder'], [False, 'fetched', 'The Fetched folder'], [True, 'folder', '/usr/share/backgrounds'], [False, 'flickr', 'user:www.flickr.com/photos/peter-levi/;user_id:93647178@N00;'], [False, 'apod', "NASA's Astronomy Picture of the Day"], [False, 'bing', 'Bing Photo of the Day'], [False, 'earthview', 'Google Earth View Wallpapers'], [False, 'unsplash', 'High-resolution photos from Unsplash.com']]'
INFO: 2021-09-14 16:25:57,339: log_options() 'stats_enabled = True'
INFO: 2021-09-14 16:25:57,339: log_options() 'stats_notice_shown = False'
INFO: 2021-09-14 16:25:57,339: log_options() 'sync_enabled = True'
INFO: 2021-09-14 16:25:57,339: log_options() 'use_landscape_enabled = True'
INFO: 2021-09-14 16:25:57,339: reload_config() 'No need to clear prepared queue'
INFO: 2021-09-14 16:25:57,339: update_indicator() 'Setting file info to: /usr/share/backgrounds/arcolinux/arco-wallpaper.jpg'
INFO: 2021-09-14 16:25:57,340: load_last_change_time() 'Change interval < 6 hours, ignore persisted last_change_time, wait initially the whole interval: 300'
INFO: 2021-09-14 16:25:57,340: update_indicator() 'Setting file info to: /usr/share/backgrounds/arcolinux/arco-wallpaper.jpg'
INFO: 2021-09-14 16:25:57,341: regular_change_thread() 'regular_change thread running'
INFO: 2021-09-14 16:25:57,341: regular_change_thread() 'regular_change: waiting till user resumes'
INFO: 2021-09-14 16:25:57,341: prepare_thread() 'Prepare thread running'
INFO: 2021-09-14 16:25:57,341: prepare_thread() 'Prepared buffer contains 0 images'
INFO: 2021-09-14 16:25:57,341: prepare_thread() 'Preparing some images'
INFO: 2021-09-14 16:25:57,342: update_indicator_icon() 'Creating indicator'
WARNING: 2021-09-14 16:25:57,354: create_menu() 'Variety Slideshow is not installed. This is an optional extension adding pan-and-zoom slideshows to Variety: see https://github.com/peterlevi/variety-slideshow for details'
INFO: 2021-09-14 16:25:57,355: create_indicator() 'indicator backend: AppIndicator3'
INFO: 2021-09-14 16:25:57,364: prepare_thread() 'After search prepared buffer contains 14 images'
INFO: 2021-09-14 16:25:57,366: set_from_theme_icon() 'Showing indicator icon variety-indicator from GTK theme'
INFO: 2021-09-14 16:25:57,367: process_command() 'Received command: ['-p']'
INFO: 2021-09-14 16:25:57,441: do_set_wp() 'Calling do_set_wp with /usr/share/backgrounds/arcolinux/arco-wallpaper.jpg, time: 1631651157.441113'
INFO: 2021-09-14 16:25:57,450: update_indicator() 'Setting file info to: /usr/share/backgrounds/arcolinux/arco-wallpaper.jpg'
INFO: 2021-09-14 16:25:57,515: process_command() 'Received command: ['-p']'
INFO: 2021-09-14 16:25:58,726: reload() 'Reloading preferences dialog'
INFO: 2021-09-14 16:25:59,364: trigger_download() 'Triggering download thread to check if download needed'
INFO: 2021-09-14 16:26:00,092: process_command() 'Received command: ['--resume']'
INFO: 2021-09-14 16:26:00,098: update_indicator() 'Setting file info to: /usr/share/backgrounds/arcolinux/arco-wallpaper.jpg'
INFO: 2021-09-14 16:26:00,195: apply() 'Applying preferences'
INFO: 2021-09-14 16:26:00,200: log_options() 'Loaded options:'
INFO: 2021-09-14 16:26:00,200: log_options() 'change_enabled = True'
INFO: 2021-09-14 16:26:00,200: set_visible() 'Showing indicator icon'
INFO: 2021-09-14 16:26:00,200: log_options() 'change_interval = 300'
INFO: 2021-09-14 16:26:00,200: set_from_theme_icon() 'Showing indicator icon variety-indicator from GTK theme'
INFO: 2021-09-14 16:26:00,200: log_options() 'change_on_start = False'
INFO: 2021-09-14 16:26:00,200: log_options() 'clipboard_enabled = False'
INFO: 2021-09-14 16:26:00,200: log_options() 'clipboard_hosts = ['wallhaven.cc', 'wallpapers.net', 'flickr.com', 'imgur.com', 'deviantart.com', 'interfacelift.com', 'vladstudio.com', 'imageshack.us', 'deviantart.net', 'imageshack.com']'
INFO: 2021-09-14 16:26:00,200: log_options() 'clipboard_use_whitelist = True'
INFO: 2021-09-14 16:26:00,200: log_options() 'clock_date_font = Ubuntu Condensed, 30'
INFO: 2021-09-14 16:26:00,200: log_options() 'clock_enabled = False'
INFO: 2021-09-14 16:26:00,200: log_options() 'clock_filter = -density 100 -font `fc-match -f '%{file[0]}' '%CLOCK_FONT_NAME'` -pointsize %CLOCK_FONT_SIZE -gravity SouthEast -fill '#00000044' -annotate 0x0+[%HOFFSET+58]+[%VOFFSET+108] '%H:%M' -fill white -annotate 0x0+[%HOFFSET+60]+[%VOFFSET+110] '%H:%M' -font `fc-match -f '%{file[0]}' '%DATE_FONT_NAME'` -pointsize %DATE_FONT_SIZE -fill '#00000044' -annotate 0x0+[%HOFFSET+58]+[%VOFFSET+58] '%A, %B %d' -fill white -annotate 0x0+[%HOFFSET+60]+[%VOFFSET+60] '%A, %B %d''
INFO: 2021-09-14 16:26:00,200: log_options() 'clock_font = Ubuntu Condensed, 70'
INFO: 2021-09-14 16:26:00,201: log_options() 'configfile = /home/jeffrey/.config/variety/variety.conf'
INFO: 2021-09-14 16:26:00,201: log_options() 'copyto_enabled = False'
INFO: 2021-09-14 16:26:00,201: log_options() 'copyto_folder = Default'
INFO: 2021-09-14 16:26:00,201: log_options() 'desired_color = [160, 160, 160]'
INFO: 2021-09-14 16:26:00,201: log_options() 'desired_color_enabled = False'
INFO: 2021-09-14 16:26:00,201: log_options() 'download_folder = /home/jeffrey/.config/variety/Downloaded'
INFO: 2021-09-14 16:26:00,201: log_options() 'download_preference_ratio = 0.9'
INFO: 2021-09-14 16:26:00,201: log_options() 'favorites_folder = /home/jeffrey/.config/variety/Favorites'
INFO: 2021-09-14 16:26:00,201: log_options() 'favorites_operations = [['Downloaded', 'Copy'], ['Fetched', 'Move'], ['Others', 'Copy']]'
INFO: 2021-09-14 16:26:00,201: log_options() 'fetched_folder = /home/jeffrey/.config/variety/Fetched'
INFO: 2021-09-14 16:26:00,201: log_options() 'filters = [[False, 'Keep original', ''], [False, 'Grayscale', '-type Grayscale'], [False, 'Heavy blur', '-blur 120x40'], [False, 'Soft blur', '-blur 20x7'], [False, 'Oil painting', '-paint 8'], [False, 'Pointilism', '-spread 10 -noise 3'], [False, 'Pixellate', '-scale 3% -scale 3333%']]'
INFO: 2021-09-14 16:26:00,201: log_options() 'icon = Light'
INFO: 2021-09-14 16:26:00,201: log_options() 'lightness_enabled = False'
INFO: 2021-09-14 16:26:00,201: log_options() 'lightness_mode = 0'
INFO: 2021-09-14 16:26:00,201: log_options() 'min_rating = 4'
INFO: 2021-09-14 16:26:00,201: log_options() 'min_rating_enabled = False'
INFO: 2021-09-14 16:26:00,201: log_options() 'min_size = 80'
INFO: 2021-09-14 16:26:00,201: log_options() 'min_size_enabled = True'
INFO: 2021-09-14 16:26:00,201: log_options() 'quota_enabled = True'
INFO: 2021-09-14 16:26:00,201: log_options() 'quota_size = 1000'
INFO: 2021-09-14 16:26:00,201: log_options() 'quotes_authors = '
INFO: 2021-09-14 16:26:00,201: log_options() 'quotes_bg_color = [80, 80, 80]'
INFO: 2021-09-14 16:26:00,201: log_options() 'quotes_bg_opacity = 55'
INFO: 2021-09-14 16:26:00,201: log_options() 'quotes_change_enabled = False'
INFO: 2021-09-14 16:26:00,201: log_options() 'quotes_change_interval = 300'
INFO: 2021-09-14 16:26:00,201: log_options() 'quotes_disabled_sources = ['Urban Dictionary']'
INFO: 2021-09-14 16:26:00,201: log_options() 'quotes_enabled = False'
INFO: 2021-09-14 16:26:00,201: log_options() 'quotes_favorites_file = /home/jeffrey/.config/variety/favorite_quotes.txt'
INFO: 2021-09-14 16:26:00,201: log_options() 'quotes_font = Bitstream Charter 30'
INFO: 2021-09-14 16:26:00,201: log_options() 'quotes_hpos = 100'
INFO: 2021-09-14 16:26:00,201: log_options() 'quotes_max_length = 250'
INFO: 2021-09-14 16:26:00,201: log_options() 'quotes_tags = '
INFO: 2021-09-14 16:26:00,201: log_options() 'quotes_text_color = [255, 255, 255]'
INFO: 2021-09-14 16:26:00,201: log_options() 'quotes_text_shadow = False'
INFO: 2021-09-14 16:26:00,201: log_options() 'quotes_vpos = 40'
INFO: 2021-09-14 16:26:00,201: log_options() 'quotes_width = 70'
INFO: 2021-09-14 16:26:00,201: log_options() 'safe_mode = False'
INFO: 2021-09-14 16:26:00,201: log_options() 'slideshow_custom_enabled = False'
INFO: 2021-09-14 16:26:00,201: log_options() 'slideshow_custom_folder = /home/jeffrey/Pictures'
INFO: 2021-09-14 16:26:00,201: log_options() 'slideshow_downloads_enabled = False'
INFO: 2021-09-14 16:26:00,202: log_options() 'slideshow_fade = 0.4'
INFO: 2021-09-14 16:26:00,202: log_options() 'slideshow_favorites_enabled = True'
INFO: 2021-09-14 16:26:00,202: log_options() 'slideshow_mode = Fullscreen'
INFO: 2021-09-14 16:26:00,202: log_options() 'slideshow_monitor = All'
INFO: 2021-09-14 16:26:00,202: log_options() 'slideshow_pan = 0.05'
INFO: 2021-09-14 16:26:00,202: log_options() 'slideshow_seconds = 6.0'
INFO: 2021-09-14 16:26:00,202: log_options() 'slideshow_sort_order = Random'
INFO: 2021-09-14 16:26:00,202: log_options() 'slideshow_sources_enabled = True'
INFO: 2021-09-14 16:26:00,202: log_options() 'slideshow_zoom = 0.2'
INFO: 2021-09-14 16:26:00,202: log_options() 'smart_enabled = False'
INFO: 2021-09-14 16:26:00,202: log_options() 'smart_notice_shown = False'
INFO: 2021-09-14 16:26:00,202: log_options() 'smart_register_shown = False'
INFO: 2021-09-14 16:26:00,202: log_options() 'sources = [[True, 'favorites', 'The Favorites folder'], [False, 'fetched', 'The Fetched folder'], [True, 'folder', '/usr/share/backgrounds'], [False, 'flickr', 'user:www.flickr.com/photos/peter-levi/;user_id:93647178@N00;'], [False, 'apod', "NASA's Astronomy Picture of the Day"], [False, 'bing', 'Bing Photo of the Day'], [False, 'earthview', 'Google Earth View Wallpapers'], [False, 'unsplash', 'High-resolution photos from Unsplash.com']]'
INFO: 2021-09-14 16:26:00,202: log_options() 'stats_enabled = True'
INFO: 2021-09-14 16:26:00,202: log_options() 'stats_notice_shown = False'
INFO: 2021-09-14 16:26:00,202: log_options() 'sync_enabled = True'
INFO: 2021-09-14 16:26:00,202: log_options() 'use_landscape_enabled = True'
INFO: 2021-09-14 16:26:00,202: reload_config() 'No need to clear prepared queue'
INFO: 2021-09-14 16:26:00,202: update_indicator() 'Setting file info to: /usr/share/backgrounds/arcolinux/arco-wallpaper.jpg'
INFO: 2021-09-14 16:26:00,203: prepare_thread() 'Prepared buffer contains 14 images'
INFO: 2021-09-14 16:26:00,293: process_command() 'Received command: ['--resume']'
INFO: 2021-09-14 16:26:00,298: update_indicator() 'Setting file info to: /usr/share/backgrounds/arcolinux/arco-wallpaper.jpg'
INFO: 2021-09-14 16:26:00,303: do_set_wp() 'Calling do_set_wp with /usr/share/backgrounds/arcolinux/arco-wallpaper.jpg, time: 1631651160.3032823'
INFO: 2021-09-14 16:26:00,314: update_indicator() 'Setting file info to: /usr/share/backgrounds/arcolinux/arco-wallpaper.jpg'
INFO: 2021-09-14 16:26:00,465: process_command() 'Received command: ['--resume']'
INFO: 2021-09-14 16:26:00,470: update_indicator() 'Setting file info to: /usr/share/backgrounds/arcolinux/arco-wallpaper.jpg'
INFO: 2021-09-14 16:26:00,687: process_command() 'Received command: ['--resume']'
INFO: 2021-09-14 16:26:00,694: update_indicator() 'Setting file info to: /usr/share/backgrounds/arcolinux/arco-wallpaper.jpg'
INFO: 2021-09-14 16:26:02,203: trigger_download() 'Triggering download thread to check if download needed'
INFO: 2021-09-14 16:26:17,360: server_options_thread() 'Fetching server options from http://tiny.cc/variety-options-063'
INFO: 2021-09-14 16:26:17,575: server_options_thread() 'Fetched server options: {'flickr': {'min_fill_queue_interval': 1200, 'min_download_interval': 1200}, 'wallbase': {'min_fill_queue_interval': 1800, 'min_download_interval': 1800}, 'wallhaven': {'min_fill_queue_interval': 1800, 'min_download_interval': 1800}, 'wallpapers.net': {'min_fill_queue_interval': 601, 'min_download_interval': 0}, 'unsplash': {'min_fill_queue_interval': 20000000000, 'min_download_interval': 20000000000}, 'unsplash_v2': {'min_fill_queue_interval': 2000, 'min_download_interval': 1200}, 'status_message': {'0.0.1': '', '*': ''}}'
INFO: 2021-09-14 16:30:57,341: regular_change_thread() 'regular_change changes wallpaper'
INFO: 2021-09-14 16:30:57,341: set_wallpaper() 'Calling set_wallpaper with /usr/share/backgrounds/arcolinux/sea-of-mystery-3840x2160.jpg'
INFO: 2021-09-14 16:30:57,342: prepare_thread() 'Prepared buffer contains 13 images'
INFO: 2021-09-14 16:30:57,343: do_set_wp() 'Calling do_set_wp with /usr/share/backgrounds/arcolinux/sea-of-mystery-3840x2160.jpg, time: 1631651457.343256'
INFO: 2021-09-14 16:30:57,359: update_indicator() 'Setting file info to: /usr/share/backgrounds/arcolinux/sea-of-mystery-3840x2160.jpg'
INFO: 2021-09-14 16:30:59,342: trigger_download() 'Triggering download thread to check if download needed'
INFO: 2021-09-14 16:36:00,711: regular_change_thread() 'regular_change changes wallpaper'
INFO: 2021-09-14 16:36:00,712: set_wallpaper() 'Calling set_wallpaper with /usr/share/backgrounds/arcolinux/arco-login-plasma.jpg'
INFO: 2021-09-14 16:36:00,712: prepare_thread() 'Prepared buffer contains 12 images'
INFO: 2021-09-14 16:36:00,714: do_set_wp() 'Calling do_set_wp with /usr/share/backgrounds/arcolinux/arco-login-plasma.jpg, time: 1631651760.7140567'
INFO: 2021-09-14 16:36:00,726: update_indicator() 'Setting file info to: /usr/share/backgrounds/arcolinux/arco-login-plasma.jpg'
INFO: 2021-09-14 16:36:02,713: trigger_download() 'Triggering download thread to check if download needed'
INFO: 2021-09-14 16:41:05,741: regular_change_thread() 'regular_change changes wallpaper'
INFO: 2021-09-14 16:41:05,741: set_wallpaper() 'Calling set_wallpaper with /usr/share/backgrounds/arcolinux/night-glow-5839x3893.jpg'
INFO: 2021-09-14 16:41:05,742: do_set_wp() 'Calling do_set_wp with /usr/share/backgrounds/arcolinux/night-glow-5839x3893.jpg, time: 1631652065.7424312'
INFO: 2021-09-14 16:41:05,742: prepare_thread() 'Prepared buffer contains 11 images'
INFO: 2021-09-14 16:41:05,771: update_indicator() 'Setting file info to: /usr/share/backgrounds/arcolinux/night-glow-5839x3893.jpg'
INFO: 2021-09-14 16:41:07,744: trigger_download() 'Triggering download thread to check if download needed'
INFO: 2021-09-14 16:46:10,878: regular_change_thread() 'regular_change changes wallpaper'
INFO: 2021-09-14 16:46:10,879: set_wallpaper() 'Calling set_wallpaper with /usr/share/backgrounds/arcolinux/harddisk-5184-3456.jpg'
INFO: 2021-09-14 16:46:10,879: prepare_thread() 'Prepared buffer contains 10 images'
INFO: 2021-09-14 16:46:10,880: do_set_wp() 'Calling do_set_wp with /usr/share/backgrounds/arcolinux/harddisk-5184-3456.jpg, time: 1631652370.8809478'
INFO: 2021-09-14 16:46:10,894: update_indicator() 'Setting file info to: /usr/share/backgrounds/arcolinux/harddisk-5184-3456.jpg'
INFO: 2021-09-14 16:46:12,880: trigger_download() 'Triggering download thread to check if download needed'
INFO: 2021-09-14 16:51:16,469: regular_change_thread() 'regular_change changes wallpaper'
INFO: 2021-09-14 16:51:16,470: set_wallpaper() 'Calling set_wallpaper with /usr/share/backgrounds/arcolinux/arco-wallpaper.jpg'
INFO: 2021-09-14 16:51:16,470: prepare_thread() 'Prepared buffer contains 9 images'
INFO: 2021-09-14 16:51:16,471: do_set_wp() 'Calling do_set_wp with /usr/share/backgrounds/arcolinux/arco-wallpaper.jpg, time: 1631652676.4716465'
INFO: 2021-09-14 16:51:16,485: update_indicator() 'Setting file info to: /usr/share/backgrounds/arcolinux/arco-wallpaper.jpg'
INFO: 2021-09-14 16:51:18,472: trigger_download() 'Triggering download thread to check if download needed'
INFO: 2021-09-14 16:56:20,933: regular_change_thread() 'regular_change changes wallpaper'
INFO: 2021-09-14 16:56:20,933: set_wallpaper() 'Calling set_wallpaper with /usr/share/backgrounds/arcolinux/sea-whale.jpg'
INFO: 2021-09-14 16:56:20,934: prepare_thread() 'Prepared buffer contains 8 images'
INFO: 2021-09-14 16:56:20,935: do_set_wp() 'Calling do_set_wp with /usr/share/backgrounds/arcolinux/sea-whale.jpg, time: 1631652980.9352517'
INFO: 2021-09-14 16:56:20,974: update_indicator() 'Setting file info to: /usr/share/backgrounds/arcolinux/sea-whale.jpg'
INFO: 2021-09-14 16:56:22,936: trigger_download() 'Triggering download thread to check if download needed'
INFO: 2021-09-14 17:01:25,252: regular_change_thread() 'regular_change changes wallpaper'
INFO: 2021-09-14 17:01:25,253: set_wallpaper() 'Calling set_wallpaper with /usr/share/backgrounds/arcolinux/green-meadows-3360x1050.jpg'
INFO: 2021-09-14 17:01:25,253: prepare_thread() 'Prepared buffer contains 7 images'
INFO: 2021-09-14 17:01:25,254: prepare_thread() 'Preparing some images'
INFO: 2021-09-14 17:01:25,255: do_set_wp() 'Calling do_set_wp with /usr/share/backgrounds/arcolinux/green-meadows-3360x1050.jpg, time: 1631653285.2550888'
INFO: 2021-09-14 17:01:25,264: prepare_thread() 'After search prepared buffer contains 14 images'
INFO: 2021-09-14 17:01:25,268: update_indicator() 'Setting file info to: /usr/share/backgrounds/arcolinux/green-meadows-3360x1050.jpg'
INFO: 2021-09-14 17:01:27,265: trigger_download() 'Triggering download thread to check if download needed'
INFO: 2021-09-14 17:06:30,438: regular_change_thread() 'regular_change changes wallpaper'
INFO: 2021-09-14 17:06:30,439: set_wallpaper() 'Calling set_wallpaper with /usr/share/backgrounds/arcolinux/koi-fishes-1920x1080.png'
INFO: 2021-09-14 17:06:30,439: prepare_thread() 'Prepared buffer contains 13 images'
INFO: 2021-09-14 17:06:30,440: do_set_wp() 'Calling do_set_wp with /usr/share/backgrounds/arcolinux/koi-fishes-1920x1080.png, time: 1631653590.4405835'
INFO: 2021-09-14 17:06:30,452: update_indicator() 'Setting file info to: /usr/share/backgrounds/arcolinux/koi-fishes-1920x1080.png'
INFO: 2021-09-14 17:06:32,440: trigger_download() 'Triggering download thread to check if download needed'
INFO: 2021-09-14 17:11:35,403: regular_change_thread() 'regular_change changes wallpaper'
INFO: 2021-09-14 17:11:35,404: set_wallpaper() 'Calling set_wallpaper with /usr/share/backgrounds/arcolinux/green-meadows-3360x1050.jpg'
INFO: 2021-09-14 17:11:35,404: prepare_thread() 'Prepared buffer contains 12 images'
INFO: 2021-09-14 17:11:35,406: do_set_wp() 'Calling do_set_wp with /usr/share/backgrounds/arcolinux/green-meadows-3360x1050.jpg, time: 1631653895.406085'
INFO: 2021-09-14 17:11:35,421: update_indicator() 'Setting file info to: /usr/share/backgrounds/arcolinux/green-meadows-3360x1050.jpg'
INFO: 2021-09-14 17:11:37,406: trigger_download() 'Triggering download thread to check if download needed'
INFO: 2021-09-14 17:16:40,717: regular_change_thread() 'regular_change changes wallpaper'
INFO: 2021-09-14 17:16:40,717: set_wallpaper() 'Calling set_wallpaper with /usr/share/backgrounds/arcolinux/arco-login.jpg'
INFO: 2021-09-14 17:16:40,718: prepare_thread() 'Prepared buffer contains 11 images'
INFO: 2021-09-14 17:16:40,718: do_set_wp() 'Calling do_set_wp with /usr/share/backgrounds/arcolinux/arco-login.jpg, time: 1631654200.718973'
INFO: 2021-09-14 17:16:40,732: update_indicator() 'Setting file info to: /usr/share/backgrounds/arcolinux/arco-login.jpg'
INFO: 2021-09-14 17:16:42,720: trigger_download() 'Triggering download thread to check if download needed'
INFO: 2021-09-14 17:21:45,798: regular_change_thread() 'regular_change changes wallpaper'
INFO: 2021-09-14 17:21:45,798: set_wallpaper() 'Calling set_wallpaper with /usr/share/backgrounds/arcolinux/blue-earth-2880x1800.jpg'
INFO: 2021-09-14 17:21:45,798: prepare_thread() 'Prepared buffer contains 10 images'
INFO: 2021-09-14 17:21:45,800: do_set_wp() 'Calling do_set_wp with /usr/share/backgrounds/arcolinux/blue-earth-2880x1800.jpg, time: 1631654505.8001082'
INFO: 2021-09-14 17:21:45,816: update_indicator() 'Setting file info to: /usr/share/backgrounds/arcolinux/blue-earth-2880x1800.jpg'
INFO: 2021-09-14 17:21:47,799: trigger_download() 'Triggering download thread to check if download needed'
