[2021-09-17 11:31:32.636] [exthost] [info] extension host started
[2021-09-17 11:31:32.636] [exthost] [info] Skipping acquiring lock for /home/jeffrey/.config/Code/User/workspaceStorage/baf3b7f3901bc7566305637f04c18e5b.
[2021-09-17 11:31:32.829] [exthost] [info] ExtensionService#_doActivateExtension vscode.microsoft-authentication {"startup":false,"extensionId":{"value":"vscode.microsoft-authentication","_lower":"vscode.microsoft-authentication"},"activationEvent":"onAuthenticationRequest:microsoft"}
[2021-09-17 11:31:32.830] [exthost] [info] ExtensionService#loadCommonJSModule file:///opt/visual-studio-code/resources/app/extensions/microsoft-authentication/dist/extension.js
[2021-09-17 11:31:32.938] [exthost] [info] ExtensionService#_doActivateExtension aaron-bond.better-comments {"startup":false,"extensionId":{"value":"aaron-bond.better-comments","_lower":"aaron-bond.better-comments"},"activationEvent":"onLanguage:plaintext"}
[2021-09-17 11:31:32.939] [exthost] [info] ExtensionService#loadCommonJSModule file:///home/jeffrey/.vscode/extensions/aaron-bond.better-comments-2.1.0/out/extension
[2021-09-17 11:31:32.944] [exthost] [info] ExtensionService#_doActivateExtension vscode.configuration-editing {"startup":false,"extensionId":{"value":"vscode.configuration-editing","_lower":"vscode.configuration-editing"},"activationEvent":"onLanguage:json"}
[2021-09-17 11:31:32.945] [exthost] [info] ExtensionService#loadCommonJSModule file:///opt/visual-studio-code/resources/app/extensions/configuration-editing/dist/configurationEditingMain
[2021-09-17 11:31:32.951] [exthost] [info] ExtensionService#_doActivateExtension vscode.extension-editing {"startup":false,"extensionId":{"value":"vscode.extension-editing","_lower":"vscode.extension-editing"},"activationEvent":"onLanguage:json"}
[2021-09-17 11:31:32.952] [exthost] [info] ExtensionService#loadCommonJSModule file:///opt/visual-studio-code/resources/app/extensions/extension-editing/dist/extensionEditingMain
[2021-09-17 11:31:32.990] [exthost] [info] ExtensionService#_doActivateExtension vscode.json-language-features {"startup":false,"extensionId":{"value":"vscode.json-language-features","_lower":"vscode.json-language-features"},"activationEvent":"onLanguage:json"}
[2021-09-17 11:31:32.990] [exthost] [info] ExtensionService#loadCommonJSModule file:///opt/visual-studio-code/resources/app/extensions/json-language-features/client/dist/node/jsonClientMain
[2021-09-17 11:31:33.118] [exthost] [info] ExtensionService#_doActivateExtension vscode.npm {"startup":false,"extensionId":{"value":"vscode.npm","_lower":"vscode.npm"},"activationEvent":"onLanguage:json"}
[2021-09-17 11:31:33.118] [exthost] [info] ExtensionService#loadCommonJSModule file:///opt/visual-studio-code/resources/app/extensions/npm/dist/npmMain
[2021-09-17 11:31:33.139] [exthost] [info] ExtensionService#_doActivateExtension ZainChen.json {"startup":false,"extensionId":{"value":"ZainChen.json","_lower":"zainchen.json"},"activationEvent":"onLanguage:json"}
[2021-09-17 11:31:33.139] [exthost] [info] ExtensionService#loadCommonJSModule file:///home/jeffrey/.vscode/extensions/zainchen.json-2.0.2/out/extension.js
[2021-09-17 11:31:33.149] [exthost] [info] ExtensionService#_doActivateExtension vscode.debug-auto-launch {"startup":true,"extensionId":{"value":"vscode.debug-auto-launch","_lower":"vscode.debug-auto-launch"},"activationEvent":"*"}
[2021-09-17 11:31:33.150] [exthost] [info] ExtensionService#loadCommonJSModule file:///opt/visual-studio-code/resources/app/extensions/debug-auto-launch/dist/extension
[2021-09-17 11:31:33.156] [exthost] [info] ExtensionService#_doActivateExtension vscode.git {"startup":true,"extensionId":{"value":"vscode.github","_lower":"vscode.github"},"activationEvent":"*"}
[2021-09-17 11:31:33.156] [exthost] [info] ExtensionService#loadCommonJSModule file:///opt/visual-studio-code/resources/app/extensions/git/dist/main
[2021-09-17 11:31:33.312] [exthost] [info] ExtensionService#_doActivateExtension asvetliakov.vscode-neovim {"startup":true,"extensionId":{"value":"asvetliakov.vscode-neovim","_lower":"asvetliakov.vscode-neovim"},"activationEvent":"*"}
[2021-09-17 11:31:33.312] [exthost] [info] ExtensionService#loadCommonJSModule file:///home/jeffrey/.vscode/extensions/asvetliakov.vscode-neovim-0.0.82/dist/extension.js
[2021-09-17 11:31:33.396] [exthost] [info] ExtensionService#_doActivateExtension christian-kohler.path-intellisense {"startup":true,"extensionId":{"value":"christian-kohler.path-intellisense","_lower":"christian-kohler.path-intellisense"},"activationEvent":"*"}
[2021-09-17 11:31:33.396] [exthost] [info] ExtensionService#loadCommonJSModule file:///home/jeffrey/.vscode/extensions/christian-kohler.path-intellisense-2.4.0/out/extension.js
[2021-09-17 11:31:33.415] [exthost] [info] ExtensionService#_doActivateExtension ecmel.vscode-html-css {"startup":true,"extensionId":{"value":"ecmel.vscode-html-css","_lower":"ecmel.vscode-html-css"},"activationEvent":"*"}
[2021-09-17 11:31:33.415] [exthost] [info] ExtensionService#loadCommonJSModule file:///home/jeffrey/.vscode/extensions/ecmel.vscode-html-css-1.10.2/dist/extension.js
[2021-09-17 11:31:33.463] [exthost] [info] ExtensionService#_doActivateExtension formulahendry.auto-rename-tag {"startup":true,"extensionId":{"value":"formulahendry.auto-rename-tag","_lower":"formulahendry.auto-rename-tag"},"activationEvent":"*"}
[2021-09-17 11:31:33.463] [exthost] [info] ExtensionService#loadCommonJSModule file:///home/jeffrey/.vscode/extensions/formulahendry.auto-rename-tag-0.1.8/packages/extension/dist/extensionMain.js
[2021-09-17 11:31:33.504] [exthost] [info] ExtensionService#_doActivateExtension kamikillerto.vscode-colorize {"startup":true,"extensionId":{"value":"kamikillerto.vscode-colorize","_lower":"kamikillerto.vscode-colorize"},"activationEvent":"*"}
[2021-09-17 11:31:33.504] [exthost] [info] ExtensionService#loadCommonJSModule file:///home/jeffrey/.vscode/extensions/kamikillerto.vscode-colorize-0.11.1/out/src/extension
[2021-09-17 11:31:33.559] [exthost] [info] ExtensionService#_doActivateExtension mhutchie.git-graph {"startup":true,"extensionId":{"value":"mhutchie.git-graph","_lower":"mhutchie.git-graph"},"activationEvent":"*"}
[2021-09-17 11:31:33.559] [exthost] [info] ExtensionService#loadCommonJSModule file:///home/jeffrey/.vscode/extensions/mhutchie.git-graph-1.30.0/out/extension.js
[2021-09-17 11:31:33.602] [exthost] [info] ExtensionService#_doActivateExtension ms-vsliveshare.vsliveshare {"startup":true,"extensionId":{"value":"ms-vsliveshare.vsliveshare","_lower":"ms-vsliveshare.vsliveshare"},"activationEvent":"*"}
[2021-09-17 11:31:33.602] [exthost] [info] ExtensionService#loadCommonJSModule file:///home/jeffrey/.vscode/extensions/ms-vsliveshare.vsliveshare-1.0.4836/out/prod/extension-prod
[2021-09-17 11:31:35.718] [exthost] [info] ExtensionService#_doActivateExtension naumovs.color-highlight {"startup":true,"extensionId":{"value":"naumovs.color-highlight","_lower":"naumovs.color-highlight"},"activationEvent":"*"}
[2021-09-17 11:31:35.718] [exthost] [info] ExtensionService#loadCommonJSModule file:///home/jeffrey/.vscode/extensions/naumovs.color-highlight-2.5.0/dist/extension-node.js
[2021-09-17 11:31:35.728] [exthost] [info] ExtensionService#_doActivateExtension oderwat.indent-rainbow {"startup":true,"extensionId":{"value":"oderwat.indent-rainbow","_lower":"oderwat.indent-rainbow"},"activationEvent":"*"}
[2021-09-17 11:31:35.728] [exthost] [info] ExtensionService#loadCommonJSModule file:///home/jeffrey/.vscode/extensions/oderwat.indent-rainbow-8.0.0/out/extension
[2021-09-17 11:31:35.730] [exthost] [info] ExtensionService#_doActivateExtension PKief.material-icon-theme {"startup":true,"extensionId":{"value":"PKief.material-icon-theme","_lower":"pkief.material-icon-theme"},"activationEvent":"*"}
[2021-09-17 11:31:35.730] [exthost] [info] ExtensionService#loadCommonJSModule file:///home/jeffrey/.vscode/extensions/pkief.material-icon-theme-4.10.0/dist/extension
[2021-09-17 11:31:35.742] [exthost] [info] ExtensionService#_doActivateExtension ritwickdey.LiveServer {"startup":true,"extensionId":{"value":"ritwickdey.LiveServer","_lower":"ritwickdey.liveserver"},"activationEvent":"*"}
[2021-09-17 11:31:35.742] [exthost] [info] ExtensionService#loadCommonJSModule file:///home/jeffrey/.vscode/extensions/ritwickdey.liveserver-5.6.1/out/src/extension
[2021-09-17 11:31:36.654] [exthost] [info] ExtensionService#_doActivateExtension streetsidesoftware.code-spell-checker {"startup":true,"extensionId":{"value":"streetsidesoftware.code-spell-checker","_lower":"streetsidesoftware.code-spell-checker"},"activationEvent":"*"}
[2021-09-17 11:31:36.655] [exthost] [info] ExtensionService#loadCommonJSModule file:///home/jeffrey/.vscode/extensions/streetsidesoftware.code-spell-checker-2.0.5/packages/client/dist/extension.js
[2021-09-17 11:31:36.731] [exthost] [info] ExtensionService#_doActivateExtension zhuangtongfa.material-theme {"startup":true,"extensionId":{"value":"zhuangtongfa.material-theme","_lower":"zhuangtongfa.material-theme"},"activationEvent":"*"}
[2021-09-17 11:31:36.731] [exthost] [info] ExtensionService#loadCommonJSModule file:///home/jeffrey/.vscode/extensions/zhuangtongfa.material-theme-3.11.4/out/extension.js
[2021-09-17 11:31:36.747] [exthost] [info] ExtensionService#_doActivateExtension Zignd.html-css-class-completion {"startup":true,"extensionId":{"value":"Zignd.html-css-class-completion","_lower":"zignd.html-css-class-completion"},"activationEvent":"*"}
[2021-09-17 11:31:36.747] [exthost] [info] ExtensionService#loadCommonJSModule file:///home/jeffrey/.vscode/extensions/zignd.html-css-class-completion-1.20.0/dist/extension.js
[2021-09-17 11:31:38.716] [exthost] [info] ExtensionService#_doActivateExtension ms-vscode.js-debug {"startup":false,"extensionId":{"value":"ms-vscode.js-debug","_lower":"ms-vscode.js-debug"},"activationEvent":"onCommand:extension.js-debug.clearAutoAttachVariables"}
[2021-09-17 11:31:38.716] [exthost] [info] ExtensionService#loadCommonJSModule file:///opt/visual-studio-code/resources/app/extensions/ms-vscode.js-debug/src/extension.js
[2021-09-17 11:31:38.850] [exthost] [info] ExtensionService#_doActivateExtension vscode.github {"startup":false,"extensionId":{"value":"vscode.github","_lower":"vscode.github"},"activationEvent":"*"}
[2021-09-17 11:31:38.850] [exthost] [info] ExtensionService#loadCommonJSModule file:///opt/visual-studio-code/resources/app/extensions/github/dist/extension.js
[2021-09-17 11:31:38.989] [exthost] [info] ExtensionService#_doActivateExtension vscode.github-authentication {"startup":false,"extensionId":{"value":"vscode.github-authentication","_lower":"vscode.github-authentication"},"activationEvent":"onAuthenticationRequest:github"}
[2021-09-17 11:31:38.989] [exthost] [info] ExtensionService#loadCommonJSModule file:///opt/visual-studio-code/resources/app/extensions/github-authentication/dist/extension.js
[2021-09-17 11:31:39.417] [exthost] [info] ExtensionService#_doActivateExtension vscode.typescript-language-features {"startup":false,"extensionId":{"value":"vscode.typescript-language-features","_lower":"vscode.typescript-language-features"},"activationEvent":"onLanguage:jsonc"}
[2021-09-17 11:31:39.418] [exthost] [info] ExtensionService#loadCommonJSModule file:///opt/visual-studio-code/resources/app/extensions/typescript-language-features/dist/extension
[2021-09-17 11:31:42.122] [exthost] [info] eager extensions activated
[2021-09-17 11:31:42.169] [exthost] [info] ExtensionService#_doActivateExtension vscode.emmet {"startup":false,"extensionId":{"value":"vscode.emmet","_lower":"vscode.emmet"},"activationEvent":"onStartupFinished"}
[2021-09-17 11:31:42.169] [exthost] [info] ExtensionService#loadCommonJSModule file:///opt/visual-studio-code/resources/app/extensions/emmet/dist/node/emmetNodeMain
[2021-09-17 11:31:42.204] [exthost] [info] ExtensionService#_doActivateExtension vscode.merge-conflict {"startup":false,"extensionId":{"value":"vscode.merge-conflict","_lower":"vscode.merge-conflict"},"activationEvent":"onStartupFinished"}
[2021-09-17 11:31:42.204] [exthost] [info] ExtensionService#loadCommonJSModule file:///opt/visual-studio-code/resources/app/extensions/merge-conflict/dist/mergeConflictMain
[2021-09-17 11:31:42.213] [exthost] [info] ExtensionService#_doActivateExtension CoenraadS.bracket-pair-colorizer-2 {"startup":false,"extensionId":{"value":"CoenraadS.bracket-pair-colorizer-2","_lower":"coenraads.bracket-pair-colorizer-2"},"activationEvent":"onStartupFinished"}
[2021-09-17 11:31:42.213] [exthost] [info] ExtensionService#loadCommonJSModule file:///home/jeffrey/.vscode/extensions/coenraads.bracket-pair-colorizer-2-0.2.1/out/src/extension
[2021-09-17 11:31:42.276] [exthost] [info] ExtensionService#_doActivateExtension dbaeumer.vscode-eslint {"startup":false,"extensionId":{"value":"dbaeumer.vscode-eslint","_lower":"dbaeumer.vscode-eslint"},"activationEvent":"onStartupFinished"}
[2021-09-17 11:31:42.276] [exthost] [info] ExtensionService#loadCommonJSModule file:///home/jeffrey/.vscode/extensions/dbaeumer.vscode-eslint-2.1.25/client/out/extension
[2021-09-17 11:31:42.306] [exthost] [info] ExtensionService#_doActivateExtension eamodio.gitlens {"startup":false,"extensionId":{"value":"eamodio.gitlens","_lower":"eamodio.gitlens"},"activationEvent":"onStartupFinished"}
[2021-09-17 11:31:42.306] [exthost] [info] ExtensionService#loadCommonJSModule file:///home/jeffrey/.vscode/extensions/eamodio.gitlens-11.6.0/dist/gitlens
[2021-09-17 11:31:42.401] [exthost] [info] ExtensionService#_doActivateExtension esbenp.prettier-vscode {"startup":false,"extensionId":{"value":"esbenp.prettier-vscode","_lower":"esbenp.prettier-vscode"},"activationEvent":"onStartupFinished"}
[2021-09-17 11:31:42.401] [exthost] [info] ExtensionService#loadCommonJSModule file:///home/jeffrey/.vscode/extensions/esbenp.prettier-vscode-8.1.0/dist/extension
[2021-09-17 11:31:42.498] [exthost] [info] ExtensionService#_doActivateExtension formulahendry.code-runner {"startup":false,"extensionId":{"value":"formulahendry.code-runner","_lower":"formulahendry.code-runner"},"activationEvent":"onStartupFinished"}
[2021-09-17 11:31:42.498] [exthost] [info] ExtensionService#loadCommonJSModule file:///home/jeffrey/.vscode/extensions/formulahendry.code-runner-0.11.5/out/src/extension
[2021-09-17 11:31:42.531] [exthost] [info] ExtensionService#_doActivateExtension ms-vscode-remote.remote-wsl {"startup":false,"extensionId":{"value":"ms-vscode-remote.remote-wsl","_lower":"ms-vscode-remote.remote-wsl"},"activationEvent":"onStartupFinished"}
[2021-09-17 11:31:42.531] [exthost] [info] ExtensionService#loadCommonJSModule file:///home/jeffrey/.vscode/extensions/ms-vscode-remote.remote-wsl-0.58.2/dist/extension
[2021-09-17 11:31:42.538] [exthost] [info] ExtensionService#_doActivateExtension rangav.vscode-thunder-client {"startup":false,"extensionId":{"value":"rangav.vscode-thunder-client","_lower":"rangav.vscode-thunder-client"},"activationEvent":"onStartupFinished"}
[2021-09-17 11:31:42.539] [exthost] [info] ExtensionService#loadCommonJSModule file:///home/jeffrey/.vscode/extensions/rangav.vscode-thunder-client-1.9.1/dist/extension
[2021-09-17 11:32:45.116] [exthost] [warning] TextEditor is closed/disposed
[2021-09-17 11:32:47.154] [exthost] [info] ExtensionService#_doActivateExtension christian-kohler.npm-intellisense {"startup":false,"extensionId":{"value":"christian-kohler.npm-intellisense","_lower":"christian-kohler.npm-intellisense"},"activationEvent":"onLanguage:typescript"}
[2021-09-17 11:32:47.155] [exthost] [info] ExtensionService#loadCommonJSModule file:///home/jeffrey/.vscode/extensions/christian-kohler.npm-intellisense-1.4.0/out/src/extension
[2021-09-17 11:32:47.221] [exthost] [info] ExtensionService#_doActivateExtension meganrogge.template-string-converter {"startup":false,"extensionId":{"value":"meganrogge.template-string-converter","_lower":"meganrogge.template-string-converter"},"activationEvent":"onLanguage:typescript"}
[2021-09-17 11:32:47.221] [exthost] [info] ExtensionService#loadCommonJSModule file:///home/jeffrey/.vscode/extensions/meganrogge.template-string-converter-0.5.3/out/extension.js
[2021-09-17 11:32:47.346] [exthost] [info] ExtensionService#_doActivateExtension VSpaceCode.whichkey {"startup":false,"extensionId":{"value":"VSpaceCode.whichkey","_lower":"vspacecode.whichkey"},"activationEvent":"onCommand:whichkey.show"}
[2021-09-17 11:32:47.346] [exthost] [info] ExtensionService#loadCommonJSModule file:///home/jeffrey/.vscode/extensions/vspacecode.whichkey-0.9.2/dist/extension.js
[2021-09-17 11:32:54.213] [exthost] [warning] TextEditor is closed/disposed
[2021-09-17 11:33:42.416] [exthost] [warning] TextEditor is closed/disposed
[2021-09-17 11:33:42.474] [exthost] [warning] TextEditor is closed/disposed
[2021-09-17 11:33:42.479] [exthost] [warning] TextEditor is closed/disposed
[2021-09-17 11:33:42.479] [exthost] [warning] TextEditor is closed/disposed
[2021-09-17 11:33:42.490] [exthost] [warning] TextEditor is closed/disposed
[2021-09-17 11:33:42.490] [exthost] [warning] TextEditor is closed/disposed
[2021-09-17 11:33:42.775] [exthost] [warning] TextEditor is closed/disposed
[2021-09-17 11:33:44.633] [exthost] [warning] TextEditor is closed/disposed
[2021-09-17 11:34:09.687] [exthost] [info] ExtensionService#_doActivateExtension jpoissonnier.vscode-styled-components {"startup":false,"extensionId":{"value":"jpoissonnier.vscode-styled-components","_lower":"jpoissonnier.vscode-styled-components"},"activationEvent":"onCommand:extension.insertColonOrSemiColon"}
[2021-09-17 11:34:09.687] [exthost] [info] ExtensionService#loadCommonJSModule file:///home/jeffrey/.vscode/extensions/jpoissonnier.vscode-styled-components-1.6.6/dist/extension.js
[2021-09-17 11:34:42.264] [exthost] [warning] TextEditor is closed/disposed
[2021-09-17 11:34:42.551] [exthost] [warning] TextEditor is closed/disposed
[2021-09-17 11:34:42.557] [exthost] [warning] TextEditor is closed/disposed
[2021-09-17 11:34:42.557] [exthost] [warning] TextEditor is closed/disposed
[2021-09-17 11:34:42.563] [exthost] [warning] TextEditor is closed/disposed
[2021-09-17 11:34:42.563] [exthost] [warning] TextEditor is closed/disposed
[2021-09-17 11:34:47.299] [exthost] [warning] TextEditor is closed/disposed
[2021-09-17 11:34:52.538] [exthost] [warning] TextEditor is closed/disposed
[2021-09-17 11:37:25.013] [exthost] [warning] TextEditor is closed/disposed
[2021-09-17 11:37:25.055] [exthost] [warning] TextEditor is closed/disposed
[2021-09-17 11:37:25.057] [exthost] [warning] TextEditor is closed/disposed
[2021-09-17 11:37:25.069] [exthost] [warning] TextEditor is closed/disposed
[2021-09-17 11:37:25.069] [exthost] [warning] TextEditor is closed/disposed
[2021-09-17 11:37:25.119] [exthost] [warning] TextEditor is closed/disposed
[2021-09-17 11:37:26.183] [exthost] [warning] TextEditor is closed/disposed
[2021-09-17 11:37:40.585] [exthost] [warning] TextEditor is closed/disposed
[2021-09-17 11:38:07.895] [exthost] [warning] TextEditor is closed/disposed
[2021-09-17 11:38:20.535] [exthost] [warning] TextEditor is closed/disposed
[2021-09-17 11:38:21.289] [exthost] [warning] TextEditor is closed/disposed
[2021-09-17 11:41:50.024] [exthost] [warning] TextEditor is closed/disposed
[2021-09-17 11:42:07.926] [exthost] [info] ExtensionService#_doActivateExtension firefox-devtools.vscode-firefox-debug {"startup":false,"extensionId":{"value":"firefox-devtools.vscode-firefox-debug","_lower":"firefox-devtools.vscode-firefox-debug"},"activationEvent":"onDebug"}
[2021-09-17 11:42:07.926] [exthost] [info] ExtensionService#loadCommonJSModule file:///home/jeffrey/.vscode/extensions/firefox-devtools.vscode-firefox-debug-2.9.4/dist/extension.bundle.js
[2021-09-17 11:42:07.952] [exthost] [info] ExtensionService#_doActivateExtension vscode.debug-server-ready {"startup":false,"extensionId":{"value":"vscode.debug-server-ready","_lower":"vscode.debug-server-ready"},"activationEvent":"onDebugResolve"}
[2021-09-17 11:42:07.952] [exthost] [info] ExtensionService#loadCommonJSModule file:///opt/visual-studio-code/resources/app/extensions/debug-server-ready/dist/extension
[2021-09-17 11:42:41.647] [exthost] [warning] TextEditor is closed/disposed
[2021-09-17 11:43:00.271] [exthost] [warning] TextEditor is closed/disposed
[2021-09-17 11:43:29.108] [exthost] [warning] TextEditor is closed/disposed
[2021-09-17 11:43:29.124] [exthost] [warning] TextEditor is closed/disposed
[2021-09-17 11:43:29.134] [exthost] [warning] TextEditor is closed/disposed
[2021-09-17 11:43:29.134] [exthost] [warning] TextEditor is closed/disposed
[2021-09-17 11:43:29.150] [exthost] [warning] TextEditor is closed/disposed
[2021-09-17 11:43:29.150] [exthost] [warning] TextEditor is closed/disposed
[2021-09-17 11:43:29.211] [exthost] [warning] TextEditor is closed/disposed
[2021-09-17 12:05:52.047] [exthost] [warning] TextEditor is closed/disposed
[2021-09-17 12:05:53.638] [exthost] [warning] TextEditor is closed/disposed
[2021-09-17 12:05:56.041] [exthost] [warning] TextEditor is closed/disposed
[2021-09-17 12:06:00.787] [exthost] [warning] TextEditor is closed/disposed
[2021-09-17 12:06:59.174] [exthost] [warning] TextEditor is closed/disposed
[2021-09-17 12:07:16.491] [exthost] [warning] TextEditor is closed/disposed
[2021-09-17 12:07:18.153] [exthost] [warning] TextEditor is closed/disposed
[2021-09-17 12:09:20.395] [exthost] [warning] TextEditor is closed/disposed
[2021-09-17 12:09:20.452] [exthost] [warning] TextEditor is closed/disposed
[2021-09-17 12:09:20.455] [exthost] [warning] TextEditor is closed/disposed
[2021-09-17 12:09:20.455] [exthost] [warning] TextEditor is closed/disposed
[2021-09-17 12:09:20.515] [exthost] [warning] TextEditor is closed/disposed
[2021-09-17 12:09:20.677] [exthost] [warning] TextEditor is closed/disposed
[2021-09-17 12:09:23.659] [exthost] [warning] TextEditor is closed/disposed
[2021-09-17 12:09:35.022] [exthost] [warning] TextEditor is closed/disposed
[2021-09-17 12:09:35.028] [exthost] [warning] TextEditor is closed/disposed
[2021-09-17 12:09:35.028] [exthost] [warning] TextEditor is closed/disposed
[2021-09-17 12:09:35.051] [exthost] [warning] TextEditor is closed/disposed
[2021-09-17 12:11:32.408] [exthost] [warning] TextEditor is closed/disposed
[2021-09-17 12:11:32.419] [exthost] [warning] TextEditor is closed/disposed
[2021-09-17 12:11:32.426] [exthost] [warning] TextEditor is closed/disposed
[2021-09-17 12:11:32.441] [exthost] [warning] TextEditor is closed/disposed
[2021-09-17 12:11:56.866] [exthost] [warning] TextEditor is closed/disposed
[2021-09-17 12:12:22.390] [exthost] [warning] TextEditor is closed/disposed
[2021-09-17 12:13:27.732] [exthost] [warning] TextEditor is closed/disposed
[2021-09-17 12:13:31.365] [exthost] [warning] TextEditor is closed/disposed
[2021-09-17 12:13:40.617] [exthost] [warning] TextEditor is closed/disposed
[2021-09-17 12:13:51.319] [exthost] [warning] TextEditor is closed/disposed
[2021-09-17 12:13:52.194] [exthost] [warning] TextEditor is closed/disposed
[2021-09-17 12:17:04.462] [exthost] [warning] TextEditor is closed/disposed
[2021-09-17 12:18:20.798] [exthost] [info] ExtensionService#_doActivateExtension vscode.simple-browser {"startup":false,"extensionId":{"value":"vscode.simple-browser","_lower":"vscode.simple-browser"},"activationEvent":"onOpenExternalUri:https"}
[2021-09-17 12:18:20.799] [exthost] [info] ExtensionService#loadCommonJSModule file:///opt/visual-studio-code/resources/app/extensions/simple-browser/dist/extension
[2021-09-20 09:48:52.217] [exthost] [warning] TextEditor is closed/disposed
[2021-09-20 09:48:53.496] [exthost] [info] ExtensionService#_doActivateExtension ms-vscode-remote.remote-containers {"startup":false,"extensionId":{"value":"ms-vscode-remote.remote-containers","_lower":"ms-vscode-remote.remote-containers"},"activationEvent":"onStartupFinished"}
[2021-09-20 09:48:53.497] [exthost] [info] ExtensionService#loadCommonJSModule file:///home/jeffrey/.vscode/extensions/ms-vscode-remote.remote-containers-0.194.0/dist/extension/extension
[2021-09-20 09:50:10.728] [exthost] [warning] TextEditor is closed/disposed
[2021-09-20 09:51:34.318] [exthost] [warning] TextEditor is closed/disposed
[2021-09-20 09:56:54.052] [exthost] [warning] TextEditor is closed/disposed
[2021-09-20 09:56:54.061] [exthost] [warning] TextEditor is closed/disposed
[2021-09-20 09:56:54.066] [exthost] [warning] TextEditor is closed/disposed
[2021-09-20 09:56:54.066] [exthost] [warning] TextEditor is closed/disposed
[2021-09-20 09:56:54.077] [exthost] [warning] TextEditor is closed/disposed
[2021-09-20 10:22:43.214] [exthost] [warning] TextEditor is closed/disposed
[2021-09-20 10:48:52.146] [exthost] [warning] TextEditor is closed/disposed
[2021-09-20 10:48:52.146] [exthost] [warning] TextEditor is closed/disposed
[2021-09-20 10:48:52.146] [exthost] [warning] TextEditor is closed/disposed
[2021-09-20 10:48:52.149] [exthost] [warning] TextEditor is closed/disposed
[2021-09-20 10:48:52.149] [exthost] [warning] TextEditor is closed/disposed
[2021-09-20 10:50:37.991] [exthost] [warning] TextEditor is closed/disposed
[2021-09-20 10:51:25.730] [exthost] [warning] TextEditor is closed/disposed
[2021-09-20 10:51:43.538] [exthost] [warning] TextEditor is closed/disposed
[2021-09-20 10:52:03.655] [exthost] [warning] TextEditor is closed/disposed
[2021-09-20 10:52:12.124] [exthost] [warning] TextEditor is closed/disposed
[2021-09-20 10:52:19.692] [exthost] [warning] TextEditor is closed/disposed
[2021-09-20 10:53:03.887] [exthost] [warning] TextEditor is closed/disposed
[2021-09-20 10:53:04.972] [exthost] [warning] TextEditor is closed/disposed
[2021-09-20 10:53:08.799] [exthost] [warning] TextEditor is closed/disposed
[2021-09-20 10:53:16.291] [exthost] [warning] TextEditor is closed/disposed
