Validating found git in: git
Using git 2.33.0 from git
Opening repository for path='/home/jeff/.config' failed; ex=Failed to execute git {
  "exitCode": 128,
  "gitErrorCode": "NotAGitRepository",
  "gitCommand": "rev-parse",
  "stdout": "",
  "stderr": "fatal: not a git repository (or any parent up to mount point /)\nStopping at filesystem boundary (GIT_DISCOVERY_ACROSS_FILESYSTEM not set).\n"
}
Opening repository for path='/home/jeff/.config/Code' failed; ex=Failed to execute git {
  "exitCode": 128,
  "gitErrorCode": "NotAGitRepository",
  "gitCommand": "rev-parse",
  "stdout": "",
  "stderr": "fatal: not a git repository (or any parent up to mount point /)\nStopping at filesystem boundary (GIT_DISCOVERY_ACROSS_FILESYSTEM not set).\n"
}
Opening repository for path='/home/jeff/.config/Kvantum' failed; ex=Failed to execute git {
  "exitCode": 128,
  "gitErrorCode": "NotAGitRepository",
  "gitCommand": "rev-parse",
  "stdout": "",
  "stderr": "fatal: not a git repository (or any parent up to mount point /)\nStopping at filesystem boundary (GIT_DISCOVERY_ACROSS_FILESYSTEM not set).\n"
}
Opening repository for path='/home/jeff/.config/Thunar' failed; ex=Failed to execute git {
  "exitCode": 128,
  "gitErrorCode": "NotAGitRepository",
  "gitCommand": "rev-parse",
  "stdout": "",
  "stderr": "fatal: not a git repository (or any parent up to mount point /)\nStopping at filesystem boundary (GIT_DISCOVERY_ACROSS_FILESYSTEM not set).\n"
}
Opening repository for path='/home/jeff/.config/Trolltech.conf' failed; ex=Error: spawn ENOTDIR
Opening repository for path='/home/jeff/.config/alacritty' failed; ex=Failed to execute git {
  "exitCode": 128,
  "gitErrorCode": "NotAGitRepository",
  "gitCommand": "rev-parse",
  "stdout": "",
  "stderr": "fatal: not a git repository (or any parent up to mount point /)\nStopping at filesystem boundary (GIT_DISCOVERY_ACROSS_FILESYSTEM not set).\n"
}
Opening repository for path='/home/jeff/.config/arcolinux-betterlockscreen' failed; ex=Failed to execute git {
  "exitCode": 128,
  "gitErrorCode": "NotAGitRepository",
  "gitCommand": "rev-parse",
  "stdout": "",
  "stderr": "fatal: not a git repository (or any parent up to mount point /)\nStopping at filesystem boundary (GIT_DISCOVERY_ACROSS_FILESYSTEM not set).\n"
}
Opening repository for path='/home/jeff/.config/arcolinux-tweak-tool' failed; ex=Failed to execute git {
  "exitCode": 128,
  "gitErrorCode": "NotAGitRepository",
  "gitCommand": "rev-parse",
  "stdout": "",
  "stderr": "fatal: not a git repository (or any parent up to mount point /)\nStopping at filesystem boundary (GIT_DISCOVERY_ACROSS_FILESYSTEM not set).\n"
}
Opening repository for path='/home/jeff/.config/arcolinux-welcome-app' failed; ex=Failed to execute git {
  "exitCode": 128,
  "gitErrorCode": "NotAGitRepository",
  "gitCommand": "rev-parse",
  "stdout": "",
  "stderr": "fatal: not a git repository (or any parent up to mount point /)\nStopping at filesystem boundary (GIT_DISCOVERY_ACROSS_FILESYSTEM not set).\n"
}
Opening repository for path='/home/jeff/.config/arcologout' failed; ex=Failed to execute git {
  "exitCode": 128,
  "gitErrorCode": "NotAGitRepository",
  "gitCommand": "rev-parse",
  "stdout": "",
  "stderr": "fatal: not a git repository (or any parent up to mount point /)\nStopping at filesystem boundary (GIT_DISCOVERY_ACROSS_FILESYSTEM not set).\n"
}
Opening repository for path='/home/jeff/.config/autostart' failed; ex=Failed to execute git {
  "exitCode": 128,
  "gitErrorCode": "NotAGitRepository",
  "gitCommand": "rev-parse",
  "stdout": "",
  "stderr": "fatal: not a git repository (or any parent up to mount point /)\nStopping at filesystem boundary (GIT_DISCOVERY_ACROSS_FILESYSTEM not set).\n"
}
Opening repository for path='/home/jeff/.config/conky' failed; ex=Failed to execute git {
  "exitCode": 128,
  "gitErrorCode": "NotAGitRepository",
  "gitCommand": "rev-parse",
  "stdout": "",
  "stderr": "fatal: not a git repository (or any parent up to mount point /)\nStopping at filesystem boundary (GIT_DISCOVERY_ACROSS_FILESYSTEM not set).\n"
}
Opening repository for path='/home/jeff/.config/dconf' failed; ex=Failed to execute git {
  "exitCode": 128,
  "gitErrorCode": "NotAGitRepository",
  "gitCommand": "rev-parse",
  "stdout": "",
  "stderr": "fatal: not a git repository (or any parent up to mount point /)\nStopping at filesystem boundary (GIT_DISCOVERY_ACROSS_FILESYSTEM not set).\n"
}
Opening repository for path='/home/jeff/.config/dunst' failed; ex=Failed to execute git {
  "exitCode": 128,
  "gitErrorCode": "NotAGitRepository",
  "gitCommand": "rev-parse",
  "stdout": "",
  "stderr": "fatal: not a git repository (or any parent up to mount point /)\nStopping at filesystem boundary (GIT_DISCOVERY_ACROSS_FILESYSTEM not set).\n"
}
Opening repository for path='/home/jeff/.config/fontconfig' failed; ex=Failed to execute git {
  "exitCode": 128,
  "gitErrorCode": "NotAGitRepository",
  "gitCommand": "rev-parse",
  "stdout": "",
  "stderr": "fatal: not a git repository (or any parent up to mount point /)\nStopping at filesystem boundary (GIT_DISCOVERY_ACROSS_FILESYSTEM not set).\n"
}
Opening repository for path='/home/jeff/.config/galculator' failed; ex=Failed to execute git {
  "exitCode": 128,
  "gitErrorCode": "NotAGitRepository",
  "gitCommand": "rev-parse",
  "stdout": "",
  "stderr": "fatal: not a git repository (or any parent up to mount point /)\nStopping at filesystem boundary (GIT_DISCOVERY_ACROSS_FILESYSTEM not set).\n"
}
Opening repository for path='/home/jeff/.config/gconf' failed; ex=Failed to execute git {
  "exitCode": 128,
  "gitErrorCode": "NotAGitRepository",
  "gitCommand": "rev-parse",
  "stdout": "",
  "stderr": "fatal: not a git repository (or any parent up to mount point /)\nStopping at filesystem boundary (GIT_DISCOVERY_ACROSS_FILESYSTEM not set).\n"
}
Opening repository for path='/home/jeff/.config/gh' failed; ex=Failed to execute git {
  "exitCode": 128,
  "gitErrorCode": "NotAGitRepository",
  "gitCommand": "rev-parse",
  "stdout": "",
  "stderr": "fatal: not a git repository (or any parent up to mount point /)\nStopping at filesystem boundary (GIT_DISCOVERY_ACROSS_FILESYSTEM not set).\n"
}
Opening repository for path='/home/jeff/.config/gtk-2.0' failed; ex=Failed to execute git {
  "exitCode": 128,
  "gitErrorCode": "NotAGitRepository",
  "gitCommand": "rev-parse",
  "stdout": "",
  "stderr": "fatal: not a git repository (or any parent up to mount point /)\nStopping at filesystem boundary (GIT_DISCOVERY_ACROSS_FILESYSTEM not set).\n"
}
Opening repository for path='/home/jeff/.config/gtk-3.0' failed; ex=Failed to execute git {
  "exitCode": 128,
  "gitErrorCode": "NotAGitRepository",
  "gitCommand": "rev-parse",
  "stdout": "",
  "stderr": "fatal: not a git repository (or any parent up to mount point /)\nStopping at filesystem boundary (GIT_DISCOVERY_ACROSS_FILESYSTEM not set).\n"
}
Opening repository for path='/home/jeff/.config/htop' failed; ex=Failed to execute git {
  "exitCode": 128,
  "gitErrorCode": "NotAGitRepository",
  "gitCommand": "rev-parse",
  "stdout": "",
  "stderr": "fatal: not a git repository (or any parent up to mount point /)\nStopping at filesystem boundary (GIT_DISCOVERY_ACROSS_FILESYSTEM not set).\n"
}
Opening repository for path='/home/jeff/.config/i3' failed; ex=Failed to execute git {
  "exitCode": 128,
  "gitErrorCode": "NotAGitRepository",
  "gitCommand": "rev-parse",
  "stdout": "",
  "stderr": "fatal: not a git repository (or any parent up to mount point /)\nStopping at filesystem boundary (GIT_DISCOVERY_ACROSS_FILESYSTEM not set).\n"
}
Opening repository for path='/home/jeff/.config/inkscape' failed; ex=Failed to execute git {
  "exitCode": 128,
  "gitErrorCode": "NotAGitRepository",
  "gitCommand": "rev-parse",
  "stdout": "",
  "stderr": "fatal: not a git repository (or any parent up to mount point /)\nStopping at filesystem boundary (GIT_DISCOVERY_ACROSS_FILESYSTEM not set).\n"
}
Opening repository for path='/home/jeff/.config/lvim' failed; ex=Failed to execute git {
  "exitCode": 128,
  "gitErrorCode": "NotAGitRepository",
  "gitCommand": "rev-parse",
  "stdout": "",
  "stderr": "fatal: not a git repository (or any parent up to mount point /)\nStopping at filesystem boundary (GIT_DISCOVERY_ACROSS_FILESYSTEM not set).\n"
}
Opening repository for path='/home/jeff/.config/lvim.bak' failed; ex=Failed to execute git {
  "exitCode": 128,
  "gitErrorCode": "NotAGitRepository",
  "gitCommand": "rev-parse",
  "stdout": "",
  "stderr": "fatal: not a git repository (or any parent up to mount point /)\nStopping at filesystem boundary (GIT_DISCOVERY_ACROSS_FILESYSTEM not set).\n"
}
Opening repository for path='/home/jeff/.config/mimeapps.list' failed; ex=Error: spawn ENOTDIR
Opening repository for path='/home/jeff/.config/nano' failed; ex=Failed to execute git {
  "exitCode": 128,
  "gitErrorCode": "NotAGitRepository",
  "gitCommand": "rev-parse",
  "stdout": "",
  "stderr": "fatal: not a git repository (or any parent up to mount point /)\nStopping at filesystem boundary (GIT_DISCOVERY_ACROSS_FILESYSTEM not set).\n"
}
Opening repository for path='/home/jeff/.config/neofetch' failed; ex=Failed to execute git {
  "exitCode": 128,
  "gitErrorCode": "NotAGitRepository",
  "gitCommand": "rev-parse",
  "stdout": "",
  "stderr": "fatal: not a git repository (or any parent up to mount point /)\nStopping at filesystem boundary (GIT_DISCOVERY_ACROSS_FILESYSTEM not set).\n"
}
Opening repository for path='/home/jeff/.config/nitrogen' failed; ex=Failed to execute git {
  "exitCode": 128,
  "gitErrorCode": "NotAGitRepository",
  "gitCommand": "rev-parse",
  "stdout": "",
  "stderr": "fatal: not a git repository (or any parent up to mount point /)\nStopping at filesystem boundary (GIT_DISCOVERY_ACROSS_FILESYSTEM not set).\n"
}
Opening repository for path='/home/jeff/.config/nomacs' failed; ex=Failed to execute git {
  "exitCode": 128,
  "gitErrorCode": "NotAGitRepository",
  "gitCommand": "rev-parse",
  "stdout": "",
  "stderr": "fatal: not a git repository (or any parent up to mount point /)\nStopping at filesystem boundary (GIT_DISCOVERY_ACROSS_FILESYSTEM not set).\n"
}
Opening repository for path='/home/jeff/.config/pamac' failed; ex=Failed to execute git {
  "exitCode": 128,
  "gitErrorCode": "NotAGitRepository",
  "gitCommand": "rev-parse",
  "stdout": "",
  "stderr": "fatal: not a git repository (or any parent up to mount point /)\nStopping at filesystem boundary (GIT_DISCOVERY_ACROSS_FILESYSTEM not set).\n"
}
Opening repository for path='/home/jeff/.config/paru' failed; ex=Failed to execute git {
  "exitCode": 128,
  "gitErrorCode": "NotAGitRepository",
  "gitCommand": "rev-parse",
  "stdout": "",
  "stderr": "fatal: not a git repository (or any parent up to mount point /)\nStopping at filesystem boundary (GIT_DISCOVERY_ACROSS_FILESYSTEM not set).\n"
}
Opening repository for path='/home/jeff/.config/polybar' failed; ex=Failed to execute git {
  "exitCode": 128,
  "gitErrorCode": "NotAGitRepository",
  "gitCommand": "rev-parse",
  "stdout": "",
  "stderr": "fatal: not a git repository (or any parent up to mount point /)\nStopping at filesystem boundary (GIT_DISCOVERY_ACROSS_FILESYSTEM not set).\n"
}
Opening repository for path='/home/jeff/.config/pulse' failed; ex=Failed to execute git {
  "exitCode": 128,
  "gitErrorCode": "NotAGitRepository",
  "gitCommand": "rev-parse",
  "stdout": "",
  "stderr": "fatal: not a git repository (or any parent up to mount point /)\nStopping at filesystem boundary (GIT_DISCOVERY_ACROSS_FILESYSTEM not set).\n"
}
Opening repository for path='/home/jeff/.config/pulseaudio-ctl' failed; ex=Failed to execute git {
  "exitCode": 128,
  "gitErrorCode": "NotAGitRepository",
  "gitCommand": "rev-parse",
  "stdout": "",
  "stderr": "fatal: not a git repository (or any parent up to mount point /)\nStopping at filesystem boundary (GIT_DISCOVERY_ACROSS_FILESYSTEM not set).\n"
}
Opening repository for path='/home/jeff/.config/qt5ct' failed; ex=Failed to execute git {
  "exitCode": 128,
  "gitErrorCode": "NotAGitRepository",
  "gitCommand": "rev-parse",
  "stdout": "",
  "stderr": "fatal: not a git repository (or any parent up to mount point /)\nStopping at filesystem boundary (GIT_DISCOVERY_ACROSS_FILESYSTEM not set).\n"
}
Opening repository for path='/home/jeff/.config/ranger' failed; ex=Failed to execute git {
  "exitCode": 128,
  "gitErrorCode": "NotAGitRepository",
  "gitCommand": "rev-parse",
  "stdout": "",
  "stderr": "fatal: not a git repository (or any parent up to mount point /)\nStopping at filesystem boundary (GIT_DISCOVERY_ACROSS_FILESYSTEM not set).\n"
}
Opening repository for path='/home/jeff/.config/rofi' failed; ex=Failed to execute git {
  "exitCode": 128,
  "gitErrorCode": "NotAGitRepository",
  "gitCommand": "rev-parse",
  "stdout": "",
  "stderr": "fatal: not a git repository (or any parent up to mount point /)\nStopping at filesystem boundary (GIT_DISCOVERY_ACROSS_FILESYSTEM not set).\n"
}
Opening repository for path='/home/jeff/.config/rofi.bak' failed; ex=Failed to execute git {
  "exitCode": 128,
  "gitErrorCode": "NotAGitRepository",
  "gitCommand": "rev-parse",
  "stdout": "",
  "stderr": "fatal: not a git repository (or any parent up to mount point /)\nStopping at filesystem boundary (GIT_DISCOVERY_ACROSS_FILESYSTEM not set).\n"
}
Opening repository for path='/home/jeff/.config/rofi.old' failed; ex=Failed to execute git {
  "exitCode": 128,
  "gitErrorCode": "NotAGitRepository",
  "gitCommand": "rev-parse",
  "stdout": "",
  "stderr": "fatal: not a git repository (or any parent up to mount point /)\nStopping at filesystem boundary (GIT_DISCOVERY_ACROSS_FILESYSTEM not set).\n"
}
Opening repository for path='/home/jeff/.config/scripts' failed; ex=Failed to execute git {
  "exitCode": 128,
  "gitErrorCode": "NotAGitRepository",
  "gitCommand": "rev-parse",
  "stdout": "",
  "stderr": "fatal: not a git repository (or any parent up to mount point /)\nStopping at filesystem boundary (GIT_DISCOVERY_ACROSS_FILESYSTEM not set).\n"
}
Opening repository for path='/home/jeff/.config/spotify' failed; ex=Failed to execute git {
  "exitCode": 128,
  "gitErrorCode": "NotAGitRepository",
  "gitCommand": "rev-parse",
  "stdout": "",
  "stderr": "fatal: not a git repository (or any parent up to mount point /)\nStopping at filesystem boundary (GIT_DISCOVERY_ACROSS_FILESYSTEM not set).\n"
}
Opening repository for path='/home/jeff/.config/sublime-text' failed; ex=Failed to execute git {
  "exitCode": 128,
  "gitErrorCode": "NotAGitRepository",
  "gitCommand": "rev-parse",
  "stdout": "",
  "stderr": "fatal: not a git repository (or any parent up to mount point /)\nStopping at filesystem boundary (GIT_DISCOVERY_ACROSS_FILESYSTEM not set).\n"
}
Opening repository for path='/home/jeff/.config/termite' failed; ex=Failed to execute git {
  "exitCode": 128,
  "gitErrorCode": "NotAGitRepository",
  "gitCommand": "rev-parse",
  "stdout": "",
  "stderr": "fatal: not a git repository (or any parent up to mount point /)\nStopping at filesystem boundary (GIT_DISCOVERY_ACROSS_FILESYSTEM not set).\n"
}
Opening repository for path='/home/jeff/.config/treestyletab' failed; ex=Failed to execute git {
  "exitCode": 128,
  "gitErrorCode": "NotAGitRepository",
  "gitCommand": "rev-parse",
  "stdout": "",
  "stderr": "fatal: not a git repository (or any parent up to mount point /)\nStopping at filesystem boundary (GIT_DISCOVERY_ACROSS_FILESYSTEM not set).\n"
}
Opening repository for path='/home/jeff/.config/user-dirs.dirs' failed; ex=Error: spawn ENOTDIR
Opening repository for path='/home/jeff/.config/user-dirs.locale' failed; ex=Error: spawn ENOTDIR
Opening repository for path='/home/jeff/.config/variety' failed; ex=Failed to execute git {
  "exitCode": 128,
  "gitErrorCode": "NotAGitRepository",
  "gitCommand": "rev-parse",
  "stdout": "",
  "stderr": "fatal: not a git repository (or any parent up to mount point /)\nStopping at filesystem boundary (GIT_DISCOVERY_ACROSS_FILESYSTEM not set).\n"
}
Opening repository for path='/home/jeff/.config/volumeicon' failed; ex=Failed to execute git {
  "exitCode": 128,
  "gitErrorCode": "NotAGitRepository",
  "gitCommand": "rev-parse",
  "stdout": "",
  "stderr": "fatal: not a git repository (or any parent up to mount point /)\nStopping at filesystem boundary (GIT_DISCOVERY_ACROSS_FILESYSTEM not set).\n"
}
Opening repository for path='/home/jeff/.config/xfce4' failed; ex=Failed to execute git {
  "exitCode": 128,
  "gitErrorCode": "NotAGitRepository",
  "gitCommand": "rev-parse",
  "stdout": "",
  "stderr": "fatal: not a git repository (or any parent up to mount point /)\nStopping at filesystem boundary (GIT_DISCOVERY_ACROSS_FILESYSTEM not set).\n"
}
Opening repository for path='/home/jeff/.config/yad.conf' failed; ex=Error: spawn ENOTDIR
Opening repository for path='/home/jeff/.config' failed; ex=Failed to execute git {
  "exitCode": 128,
  "gitErrorCode": "NotAGitRepository",
  "gitCommand": "rev-parse",
  "stdout": "",
  "stderr": "fatal: not a git repository (or any parent up to mount point /)\nStopping at filesystem boundary (GIT_DISCOVERY_ACROSS_FILESYSTEM not set).\n"
}
Opening repository for path='/home/jeff/.config' failed; ex=Failed to execute git {
  "exitCode": 128,
  "gitErrorCode": "NotAGitRepository",
  "gitCommand": "rev-parse",
  "stdout": "",
  "stderr": "fatal: not a git repository (or any parent up to mount point /)\nStopping at filesystem boundary (GIT_DISCOVERY_ACROSS_FILESYSTEM not set).\n"
}
