[2021-09-01 05:11:08.490] [exthost] [info] extension host started
[2021-09-01 05:11:08.534] [exthost] [info] ExtensionService#_doActivateExtension vscode.microsoft-authentication {"startup":false,"extensionId":{"value":"vscode.microsoft-authentication","_lower":"vscode.microsoft-authentication"},"activationEvent":"onAuthenticationRequest:microsoft"}
[2021-09-01 05:11:08.534] [exthost] [info] ExtensionService#loadCommonJSModule file:///opt/visual-studio-code/resources/app/extensions/microsoft-authentication/dist/extension.js
[2021-09-01 05:11:08.540] [exthost] [info] ExtensionService#_doActivateExtension aaron-bond.better-comments {"startup":false,"extensionId":{"value":"aaron-bond.better-comments","_lower":"aaron-bond.better-comments"},"activationEvent":"onLanguage:plaintext"}
[2021-09-01 05:11:08.540] [exthost] [info] ExtensionService#loadCommonJSModule file:///home/jeff/.vscode/extensions/aaron-bond.better-comments-2.1.0/out/extension
[2021-09-01 05:11:08.541] [exthost] [info] ExtensionService#_doActivateExtension vscode.debug-auto-launch {"startup":true,"extensionId":{"value":"vscode.debug-auto-launch","_lower":"vscode.debug-auto-launch"},"activationEvent":"*"}
[2021-09-01 05:11:08.541] [exthost] [info] ExtensionService#loadCommonJSModule file:///opt/visual-studio-code/resources/app/extensions/debug-auto-launch/dist/extension
[2021-09-01 05:11:08.543] [exthost] [info] ExtensionService#_doActivateExtension vscode.git {"startup":true,"extensionId":{"value":"vscode.github","_lower":"vscode.github"},"activationEvent":"*"}
[2021-09-01 05:11:08.543] [exthost] [info] ExtensionService#loadCommonJSModule file:///opt/visual-studio-code/resources/app/extensions/git/dist/main
[2021-09-01 05:11:08.553] [exthost] [info] ExtensionService#_doActivateExtension asvetliakov.vscode-neovim {"startup":true,"extensionId":{"value":"asvetliakov.vscode-neovim","_lower":"asvetliakov.vscode-neovim"},"activationEvent":"*"}
[2021-09-01 05:11:08.554] [exthost] [info] ExtensionService#loadCommonJSModule file:///home/jeff/.vscode/extensions/asvetliakov.vscode-neovim-0.0.82/dist/extension.js
[2021-09-01 05:11:08.582] [exthost] [info] ExtensionService#_doActivateExtension christian-kohler.path-intellisense {"startup":true,"extensionId":{"value":"christian-kohler.path-intellisense","_lower":"christian-kohler.path-intellisense"},"activationEvent":"*"}
[2021-09-01 05:11:08.583] [exthost] [info] ExtensionService#loadCommonJSModule file:///home/jeff/.vscode/extensions/christian-kohler.path-intellisense-2.4.0/out/extension.js
[2021-09-01 05:11:08.592] [exthost] [info] ExtensionService#_doActivateExtension ecmel.vscode-html-css {"startup":true,"extensionId":{"value":"ecmel.vscode-html-css","_lower":"ecmel.vscode-html-css"},"activationEvent":"*"}
[2021-09-01 05:11:08.592] [exthost] [info] ExtensionService#loadCommonJSModule file:///home/jeff/.vscode/extensions/ecmel.vscode-html-css-1.10.2/dist/extension.js
[2021-09-01 05:11:08.623] [exthost] [info] ExtensionService#_doActivateExtension formulahendry.auto-rename-tag {"startup":true,"extensionId":{"value":"formulahendry.auto-rename-tag","_lower":"formulahendry.auto-rename-tag"},"activationEvent":"*"}
[2021-09-01 05:11:08.623] [exthost] [info] ExtensionService#loadCommonJSModule file:///home/jeff/.vscode/extensions/formulahendry.auto-rename-tag-0.1.8/packages/extension/dist/extensionMain.js
[2021-09-01 05:11:08.639] [exthost] [info] ExtensionService#_doActivateExtension kamikillerto.vscode-colorize {"startup":true,"extensionId":{"value":"kamikillerto.vscode-colorize","_lower":"kamikillerto.vscode-colorize"},"activationEvent":"*"}
[2021-09-01 05:11:08.639] [exthost] [info] ExtensionService#loadCommonJSModule file:///home/jeff/.vscode/extensions/kamikillerto.vscode-colorize-0.11.1/out/src/extension
[2021-09-01 05:11:08.653] [exthost] [info] ExtensionService#_doActivateExtension mhutchie.git-graph {"startup":true,"extensionId":{"value":"mhutchie.git-graph","_lower":"mhutchie.git-graph"},"activationEvent":"*"}
[2021-09-01 05:11:08.653] [exthost] [info] ExtensionService#loadCommonJSModule file:///home/jeff/.vscode/extensions/mhutchie.git-graph-1.30.0/out/extension.js
[2021-09-01 05:11:08.671] [exthost] [info] ExtensionService#_doActivateExtension ms-vsliveshare.vsliveshare {"startup":true,"extensionId":{"value":"ms-vsliveshare.vsliveshare","_lower":"ms-vsliveshare.vsliveshare"},"activationEvent":"*"}
[2021-09-01 05:11:08.671] [exthost] [info] ExtensionService#loadCommonJSModule file:///home/jeff/.vscode/extensions/ms-vsliveshare.vsliveshare-1.0.4761/out/prod/extension-prod
[2021-09-01 05:11:09.474] [exthost] [info] ExtensionService#_doActivateExtension naumovs.color-highlight {"startup":true,"extensionId":{"value":"naumovs.color-highlight","_lower":"naumovs.color-highlight"},"activationEvent":"*"}
[2021-09-01 05:11:09.474] [exthost] [info] ExtensionService#loadCommonJSModule file:///home/jeff/.vscode/extensions/naumovs.color-highlight-2.4.0/dist/extension
[2021-09-01 05:11:09.481] [exthost] [info] ExtensionService#_doActivateExtension oderwat.indent-rainbow {"startup":true,"extensionId":{"value":"oderwat.indent-rainbow","_lower":"oderwat.indent-rainbow"},"activationEvent":"*"}
[2021-09-01 05:11:09.481] [exthost] [info] ExtensionService#loadCommonJSModule file:///home/jeff/.vscode/extensions/oderwat.indent-rainbow-7.5.0/out/extension
[2021-09-01 05:11:09.482] [exthost] [info] ExtensionService#_doActivateExtension PKief.material-icon-theme {"startup":true,"extensionId":{"value":"PKief.material-icon-theme","_lower":"pkief.material-icon-theme"},"activationEvent":"*"}
[2021-09-01 05:11:09.482] [exthost] [info] ExtensionService#loadCommonJSModule file:///home/jeff/.vscode/extensions/pkief.material-icon-theme-4.10.0/dist/extension
[2021-09-01 05:11:09.487] [exthost] [info] ExtensionService#_doActivateExtension ritwickdey.LiveServer {"startup":true,"extensionId":{"value":"ritwickdey.LiveServer","_lower":"ritwickdey.liveserver"},"activationEvent":"*"}
[2021-09-01 05:11:09.487] [exthost] [info] ExtensionService#loadCommonJSModule file:///home/jeff/.vscode/extensions/ritwickdey.liveserver-5.6.1/out/src/extension
[2021-09-01 05:11:09.613] [exthost] [info] ExtensionService#_doActivateExtension streetsidesoftware.code-spell-checker {"startup":true,"extensionId":{"value":"streetsidesoftware.code-spell-checker","_lower":"streetsidesoftware.code-spell-checker"},"activationEvent":"*"}
[2021-09-01 05:11:09.613] [exthost] [info] ExtensionService#loadCommonJSModule file:///home/jeff/.vscode/extensions/streetsidesoftware.code-spell-checker-2.0.1/packages/client/dist/extension.js
[2021-09-01 05:11:09.663] [exthost] [info] ExtensionService#_doActivateExtension zhuangtongfa.material-theme {"startup":true,"extensionId":{"value":"zhuangtongfa.material-theme","_lower":"zhuangtongfa.material-theme"},"activationEvent":"*"}
[2021-09-01 05:11:09.663] [exthost] [info] ExtensionService#loadCommonJSModule file:///home/jeff/.vscode/extensions/zhuangtongfa.material-theme-3.11.4/out/extension.js
[2021-09-01 05:11:09.673] [exthost] [info] ExtensionService#_doActivateExtension Zignd.html-css-class-completion {"startup":true,"extensionId":{"value":"Zignd.html-css-class-completion","_lower":"zignd.html-css-class-completion"},"activationEvent":"*"}
[2021-09-01 05:11:09.673] [exthost] [info] ExtensionService#loadCommonJSModule file:///home/jeff/.vscode/extensions/zignd.html-css-class-completion-1.20.0/dist/extension.js
[2021-09-01 05:11:10.079] [exthost] [info] ExtensionService#_doActivateExtension ms-vscode.js-debug {"startup":false,"extensionId":{"value":"ms-vscode.js-debug","_lower":"ms-vscode.js-debug"},"activationEvent":"onCommand:extension.js-debug.clearAutoAttachVariables"}
[2021-09-01 05:11:10.079] [exthost] [info] ExtensionService#loadCommonJSModule file:///opt/visual-studio-code/resources/app/extensions/ms-vscode.js-debug/src/extension.js
[2021-09-01 05:11:10.163] [exthost] [info] ExtensionService#_doActivateExtension vscode.github {"startup":false,"extensionId":{"value":"vscode.github","_lower":"vscode.github"},"activationEvent":"*"}
[2021-09-01 05:11:10.163] [exthost] [info] ExtensionService#loadCommonJSModule file:///opt/visual-studio-code/resources/app/extensions/github/dist/extension.js
[2021-09-01 05:11:10.193] [exthost] [info] ExtensionService#_doActivateExtension vscode.github-authentication {"startup":false,"extensionId":{"value":"vscode.github-authentication","_lower":"vscode.github-authentication"},"activationEvent":"onAuthenticationRequest:github"}
[2021-09-01 05:11:10.193] [exthost] [info] ExtensionService#loadCommonJSModule file:///opt/visual-studio-code/resources/app/extensions/github-authentication/dist/extension.js
[2021-09-01 05:11:12.284] [exthost] [info] eager extensions activated
[2021-09-01 05:11:12.301] [exthost] [info] ExtensionService#_doActivateExtension vscode.emmet {"startup":false,"extensionId":{"value":"vscode.emmet","_lower":"vscode.emmet"},"activationEvent":"onStartupFinished"}
[2021-09-01 05:11:12.301] [exthost] [info] ExtensionService#loadCommonJSModule file:///opt/visual-studio-code/resources/app/extensions/emmet/dist/node/emmetNodeMain
[2021-09-01 05:11:12.306] [exthost] [info] ExtensionService#_doActivateExtension vscode.merge-conflict {"startup":false,"extensionId":{"value":"vscode.merge-conflict","_lower":"vscode.merge-conflict"},"activationEvent":"onStartupFinished"}
[2021-09-01 05:11:12.306] [exthost] [info] ExtensionService#loadCommonJSModule file:///opt/visual-studio-code/resources/app/extensions/merge-conflict/dist/mergeConflictMain
[2021-09-01 05:11:12.307] [exthost] [info] ExtensionService#_doActivateExtension CoenraadS.bracket-pair-colorizer-2 {"startup":false,"extensionId":{"value":"CoenraadS.bracket-pair-colorizer-2","_lower":"coenraads.bracket-pair-colorizer-2"},"activationEvent":"onStartupFinished"}
[2021-09-01 05:11:12.307] [exthost] [info] ExtensionService#loadCommonJSModule file:///home/jeff/.vscode/extensions/coenraads.bracket-pair-colorizer-2-0.2.1/out/src/extension
[2021-09-01 05:11:12.319] [exthost] [info] ExtensionService#_doActivateExtension dbaeumer.vscode-eslint {"startup":false,"extensionId":{"value":"dbaeumer.vscode-eslint","_lower":"dbaeumer.vscode-eslint"},"activationEvent":"onStartupFinished"}
[2021-09-01 05:11:12.319] [exthost] [info] ExtensionService#loadCommonJSModule file:///home/jeff/.vscode/extensions/dbaeumer.vscode-eslint-2.1.23/client/out/extension
[2021-09-01 05:11:12.323] [exthost] [info] ExtensionService#_doActivateExtension eamodio.gitlens {"startup":false,"extensionId":{"value":"eamodio.gitlens","_lower":"eamodio.gitlens"},"activationEvent":"onStartupFinished"}
[2021-09-01 05:11:12.324] [exthost] [info] ExtensionService#loadCommonJSModule file:///home/jeff/.vscode/extensions/eamodio.gitlens-11.6.0/dist/gitlens
[2021-09-01 05:11:12.341] [exthost] [info] ExtensionService#_doActivateExtension esbenp.prettier-vscode {"startup":false,"extensionId":{"value":"esbenp.prettier-vscode","_lower":"esbenp.prettier-vscode"},"activationEvent":"onStartupFinished"}
[2021-09-01 05:11:12.341] [exthost] [info] ExtensionService#loadCommonJSModule file:///home/jeff/.vscode/extensions/esbenp.prettier-vscode-8.1.0/dist/extension
[2021-09-01 05:11:12.443] [exthost] [info] ExtensionService#_doActivateExtension formulahendry.code-runner {"startup":false,"extensionId":{"value":"formulahendry.code-runner","_lower":"formulahendry.code-runner"},"activationEvent":"onStartupFinished"}
[2021-09-01 05:11:12.443] [exthost] [info] ExtensionService#loadCommonJSModule file:///home/jeff/.vscode/extensions/formulahendry.code-runner-0.11.5/out/src/extension
[2021-09-01 05:11:12.460] [exthost] [info] ExtensionService#_doActivateExtension ms-vscode-remote.remote-wsl {"startup":false,"extensionId":{"value":"ms-vscode-remote.remote-wsl","_lower":"ms-vscode-remote.remote-wsl"},"activationEvent":"onStartupFinished"}
[2021-09-01 05:11:12.460] [exthost] [info] ExtensionService#loadCommonJSModule file:///home/jeff/.vscode/extensions/ms-vscode-remote.remote-wsl-0.58.2/dist/extension
[2021-09-01 05:11:12.478] [exthost] [info] ExtensionService#_doActivateExtension rangav.vscode-thunder-client {"startup":false,"extensionId":{"value":"rangav.vscode-thunder-client","_lower":"rangav.vscode-thunder-client"},"activationEvent":"onStartupFinished"}
[2021-09-01 05:11:12.478] [exthost] [info] ExtensionService#loadCommonJSModule file:///home/jeff/.vscode/extensions/rangav.vscode-thunder-client-1.9.1/dist/extension
[2021-09-01 05:11:12.606] [exthost] [info] ExtensionService#_doActivateExtension vscode.configuration-editing {"startup":false,"extensionId":{"value":"vscode.configuration-editing","_lower":"vscode.configuration-editing"},"activationEvent":"onLanguage:jsonc"}
[2021-09-01 05:11:12.606] [exthost] [info] ExtensionService#loadCommonJSModule file:///opt/visual-studio-code/resources/app/extensions/configuration-editing/dist/configurationEditingMain
[2021-09-01 05:11:12.607] [exthost] [info] ExtensionService#_doActivateExtension vscode.json-language-features {"startup":false,"extensionId":{"value":"vscode.json-language-features","_lower":"vscode.json-language-features"},"activationEvent":"onLanguage:jsonc"}
[2021-09-01 05:11:12.607] [exthost] [info] ExtensionService#loadCommonJSModule file:///opt/visual-studio-code/resources/app/extensions/json-language-features/client/dist/node/jsonClientMain
[2021-09-01 05:11:12.619] [exthost] [info] ExtensionService#_doActivateExtension vscode.typescript-language-features {"startup":false,"extensionId":{"value":"vscode.typescript-language-features","_lower":"vscode.typescript-language-features"},"activationEvent":"onLanguage:jsonc"}
[2021-09-01 05:11:12.619] [exthost] [info] ExtensionService#loadCommonJSModule file:///opt/visual-studio-code/resources/app/extensions/typescript-language-features/dist/extension
[2021-09-01 05:13:47.836] [exthost] [info] extension host terminating: renderer closed the socket
[2021-09-01 05:13:48.869] [exthost] [error] Error: ENOENT: no such file or directory, unlink '/home/jeff/.local/share/vsliveshare/cascade.json'
[2021-09-01 05:13:52.857] [exthost] [info] exiting with code 0
